2025-10-13 19:33:06 - ivr_bot.cache_manager - INFO - [no-session] - Loaded affiliate cache with 1 entries
2025-10-13 19:33:06 - ivr_bot.cache_manager - INFO - [no-session] - Loaded client cache with 0 entries
2025-10-13 19:33:06 - ivr_bot.cache_manager - INFO - [no-session] - Loaded client cache keys: []
2025-10-13 19:33:06 - ivr_bot.cache_manager - INFO - [no-session] - Loaded affiliate cache keys: ['ids:1:21']
{"message": "starting worker", "level": "INFO", "name": "livekit.agents", "version": "1.0.23", "rtc-version": "1.0.16", "timestamp": "2025-10-13T14:33:06.594132+00:00"}
{"message": "preloading plugins", "level": "INFO", "name": "livekit.agents", "packages": ["livekit.plugins.openai", "livekit.plugins.deepgram", "livekit.plugins.silero", "livekit.plugins.turn_detector"], "timestamp": "2025-10-13T14:33:06.594421+00:00"}
{"message": "starting inference executor", "level": "INFO", "name": "livekit.agents", "timestamp": "2025-10-13T14:33:06.607625+00:00"}
{"message": "initializing process", "level": "INFO", "name": "livekit.agents", "pid": 174946, "inference": true, "timestamp": "2025-10-13T14:33:09.206125+00:00"}
2025-10-13 19:33:09 - ivr_bot.cache_manager - INFO - [no-session] - Loaded affiliate cache with 1 entries
2025-10-13 19:33:09 - ivr_bot.cache_manager - INFO - [no-session] - Loaded client cache with 0 entries
2025-10-13 19:33:09 - ivr_bot.cache_manager - INFO - [no-session] - Loaded client cache keys: []
2025-10-13 19:33:09 - ivr_bot.cache_manager - INFO - [no-session] - Loaded affiliate cache keys: ['ids:1:21']
None of PyTorch, TensorFlow >= 2.0, or Flax have been found. Models won't be available and only tokenizers, configuration and file/data utilities can be used.
{"message": "process initialized", "level": "INFO", "name": "livekit.agents", "pid": 174946, "inference": true, "elapsed_time": 7.57, "timestamp": "2025-10-13T14:33:16.772428+00:00"}
{"message": "initializing process", "level": "INFO", "name": "livekit.agents", "pid": 174991, "timestamp": "2025-10-13T14:33:16.795187+00:00"}
{"message": "initializing process", "level": "INFO", "name": "livekit.agents", "pid": 174996, "timestamp": "2025-10-13T14:33:16.799273+00:00"}
{"message": "initializing process", "level": "INFO", "name": "livekit.agents", "pid": 174998, "timestamp": "2025-10-13T14:33:16.807407+00:00"}
{"message": "initializing process", "level": "INFO", "name": "livekit.agents", "pid": 175000, "timestamp": "2025-10-13T14:33:16.815720+00:00"}
{"message": "initializing process", "level": "INFO", "name": "livekit.agents", "pid": 175002, "timestamp": "2025-10-13T14:33:16.822190+00:00"}
{"message": "initializing process", "level": "INFO", "name": "livekit.agents", "pid": 175004, "timestamp": "2025-10-13T14:33:16.834057+00:00"}
{"message": "initializing process", "level": "INFO", "name": "livekit.agents", "pid": 175006, "timestamp": "2025-10-13T14:33:16.848683+00:00"}
{"message": "initializing process", "level": "INFO", "name": "livekit.agents", "pid": 175008, "timestamp": "2025-10-13T14:33:16.865048+00:00"}
2025-10-13 19:33:18 - ivr_bot.cache_manager - INFO - [no-session] - Loaded affiliate cache with 1 entries
2025-10-13 19:33:18 - ivr_bot.cache_manager - INFO - [no-session] - Loaded client cache with 0 entries
2025-10-13 19:33:18 - ivr_bot.cache_manager - INFO - [no-session] - Loaded client cache keys: []
2025-10-13 19:33:18 - ivr_bot.cache_manager - INFO - [no-session] - Loaded affiliate cache keys: ['ids:1:21']
{"message": "process initialized", "level": "INFO", "name": "livekit.agents", "pid": 175000, "elapsed_time": 1.63, "timestamp": "2025-10-13T14:33:18.443010+00:00"}
2025-10-13 19:33:18 - ivr_bot.cache_manager - INFO - [no-session] - Loaded affiliate cache with 1 entries
2025-10-13 19:33:18 - ivr_bot.cache_manager - INFO - [no-session] - Loaded client cache with 0 entries
2025-10-13 19:33:18 - ivr_bot.cache_manager - INFO - [no-session] - Loaded client cache keys: []
2025-10-13 19:33:18 - ivr_bot.cache_manager - INFO - [no-session] - Loaded affiliate cache keys: ['ids:1:21']
2025-10-13 19:33:18 - ivr_bot.cache_manager - INFO - [no-session] - Loaded affiliate cache with 1 entries
2025-10-13 19:33:18 - ivr_bot.cache_manager - INFO - [no-session] - Loaded client cache with 0 entries
2025-10-13 19:33:18 - ivr_bot.cache_manager - INFO - [no-session] - Loaded client cache keys: []
2025-10-13 19:33:18 - ivr_bot.cache_manager - INFO - [no-session] - Loaded affiliate cache keys: ['ids:1:21']
2025-10-13 19:33:18 - ivr_bot.cache_manager - INFO - [no-session] - Loaded affiliate cache with 1 entries
2025-10-13 19:33:18 - ivr_bot.cache_manager - INFO - [no-session] - Loaded client cache with 0 entries
2025-10-13 19:33:18 - ivr_bot.cache_manager - INFO - [no-session] - Loaded client cache keys: []
2025-10-13 19:33:18 - ivr_bot.cache_manager - INFO - [no-session] - Loaded affiliate cache keys: ['ids:1:21']
2025-10-13 19:33:18 - ivr_bot.cache_manager - INFO - [no-session] - Loaded affiliate cache with 1 entries
2025-10-13 19:33:18 - ivr_bot.cache_manager - INFO - [no-session] - Loaded client cache with 0 entries
2025-10-13 19:33:18 - ivr_bot.cache_manager - INFO - [no-session] - Loaded client cache keys: []
2025-10-13 19:33:18 - ivr_bot.cache_manager - INFO - [no-session] - Loaded affiliate cache keys: ['ids:1:21']
2025-10-13 19:33:18 - ivr_bot.cache_manager - INFO - [no-session] - Loaded affiliate cache with 1 entries
2025-10-13 19:33:18 - ivr_bot.cache_manager - INFO - [no-session] - Loaded client cache with 0 entries
2025-10-13 19:33:18 - ivr_bot.cache_manager - INFO - [no-session] - Loaded client cache keys: []
2025-10-13 19:33:18 - ivr_bot.cache_manager - INFO - [no-session] - Loaded affiliate cache keys: ['ids:1:21']
2025-10-13 19:33:18 - ivr_bot.cache_manager - INFO - [no-session] - Loaded affiliate cache with 1 entries
2025-10-13 19:33:18 - ivr_bot.cache_manager - INFO - [no-session] - Loaded client cache with 0 entries
2025-10-13 19:33:18 - ivr_bot.cache_manager - INFO - [no-session] - Loaded client cache keys: []
2025-10-13 19:33:18 - ivr_bot.cache_manager - INFO - [no-session] - Loaded affiliate cache keys: ['ids:1:21']
{"message": "process initialized", "level": "INFO", "name": "livekit.agents", "pid": 174996, "elapsed_time": 1.91, "timestamp": "2025-10-13T14:33:18.710828+00:00"}
{"message": "process initialized", "level": "INFO", "name": "livekit.agents", "pid": 175006, "elapsed_time": 1.91, "timestamp": "2025-10-13T14:33:18.757069+00:00"}
2025-10-13 19:33:18 - ivr_bot.cache_manager - INFO - [no-session] - Loaded affiliate cache with 1 entries
2025-10-13 19:33:18 - ivr_bot.cache_manager - INFO - [no-session] - Loaded client cache with 0 entries
2025-10-13 19:33:18 - ivr_bot.cache_manager - INFO - [no-session] - Loaded client cache keys: []
2025-10-13 19:33:18 - ivr_bot.cache_manager - INFO - [no-session] - Loaded affiliate cache keys: ['ids:1:21']
{"message": "process initialized", "level": "INFO", "name": "livekit.agents", "pid": 174991, "elapsed_time": 2.0, "timestamp": "2025-10-13T14:33:18.797322+00:00"}
{"message": "process initialized", "level": "INFO", "name": "livekit.agents", "pid": 175002, "elapsed_time": 1.99, "timestamp": "2025-10-13T14:33:18.810567+00:00"}
{"message": "process initialized", "level": "INFO", "name": "livekit.agents", "pid": 174998, "elapsed_time": 2.04, "timestamp": "2025-10-13T14:33:18.851267+00:00"}
{"message": "process initialized", "level": "INFO", "name": "livekit.agents", "pid": 175008, "elapsed_time": 2.01, "timestamp": "2025-10-13T14:33:18.878963+00:00"}
{"message": "process initialized", "level": "INFO", "name": "livekit.agents", "pid": 175004, "elapsed_time": 2.1, "timestamp": "2025-10-13T14:33:18.933391+00:00"}
{"message": "see tracing information at http://localhost:11000/debug", "level": "INFO", "name": "livekit.agents", "timestamp": "2025-10-13T14:33:18.934920+00:00"}
{"message": "registered worker", "level": "INFO", "name": "livekit.agents", "id": "AW_MipoAJeojTB4", "url": "wss://itcurvedev-8eikcg0z.livekit.cloud", "region": "India West", "protocol": 16, "timestamp": "2025-10-13T14:33:19.740529+00:00"}
{"message": "received job request", "level": "INFO", "name": "livekit.agents", "job_id": "AJ_3SakyFQ83ncG", "dispatch_id": "", "room_name": "both-21-1-BARWOOD & REGENCY TAXI-NawSi", "agent_name": "", "resuming": false, "timestamp": "2025-10-13T14:37:44.077497+00:00"}
VAAPI is supported.
{"message": "initializing process", "level": "INFO", "name": "livekit.agents", "pid": 177034, "timestamp": "2025-10-13T14:37:44.389776+00:00"}
2025-10-13 19:37:44 - ivr_bot.cache_manager - INFO - [no-session] - Loaded affiliate cache with 1 entries
2025-10-13 19:37:44 - ivr_bot.cache_manager - INFO - [no-session] - Loaded client cache with 0 entries
2025-10-13 19:37:44 - ivr_bot.cache_manager - INFO - [no-session] - Loaded client cache keys: []
2025-10-13 19:37:44 - ivr_bot.cache_manager - INFO - [no-session] - Loaded affiliate cache keys: ['ids:1:21']
{"message": "process initialized", "level": "INFO", "name": "livekit.agents", "pid": 177034, "elapsed_time": 0.92, "timestamp": "2025-10-13T14:37:45.305094+00:00"}
2025-10-13 19:37:48 - ivr_bot.main - INFO - [no-session] - Call SID: chat-e7501288-cf86-4af8-b5d3-6030618b52e9
2025-10-13 19:37:48 - ivr_bot.main - INFO - [no-session] - Call SID: chat-e7501288-cf86-4af8-b5d3-6030618b52e9
{"message": "Call SID: chat-e7501288-cf86-4af8-b5d3-6030618b52e9", "level": "INFO", "name": "ivr_bot.main", "session_id": "no-session", "pid": 175000, "job_id": "AJ_3SakyFQ83ncG", "timestamp": "2025-10-13T14:37:48.125313+00:00"}
2025-10-13 19:37:48 - ivr_bot.helper_functions - INFO - [chat-e7501288-cf86-4af8-b5d3-6030618b52e9] - Client ID None
2025-10-13 19:37:48 - ivr_bot.helper_functions - WARNING - [chat-e7501288-cf86-4af8-b5d3-6030618b52e9] - ❌ Client ID not available (received: None) - self.client_id will be None
2025-10-13 19:37:48 - ivr_bot.helper_functions - WARNING - [chat-e7501288-cf86-4af8-b5d3-6030618b52e9] - Failed to initialize Agent with increased function call limits
2025-10-13 19:37:48 - ivr_bot.main - INFO - [chat-e7501288-cf86-4af8-b5d3-6030618b52e9] - Using pre-configured background audio player for typing sounds
2025-10-13 19:37:48 - ivr_bot.helper_functions - INFO - [no-session] - Client ID None
{"message": "Client ID None", "level": "INFO", "name": "ivr_bot.helper_functions", "session_id": "no-session", "pid": 175000, "job_id": "AJ_3SakyFQ83ncG", "timestamp": "2025-10-13T14:37:48.360720+00:00"}
2025-10-13 19:37:48 - ivr_bot.helper_functions - WARNING - [no-session] - ❌ Client ID not available (received: None) - self.client_id will be None
{"message": "\u274c Client ID not available (received: None) - self.client_id will be None", "level": "WARNING", "name": "ivr_bot.helper_functions", "session_id": "no-session", "pid": 175000, "job_id": "AJ_3SakyFQ83ncG", "timestamp": "2025-10-13T14:37:48.360904+00:00"}
2025-10-13 19:37:48 - ivr_bot.helper_functions - WARNING - [no-session] - Failed to initialize Agent with increased function call limits
{"message": "Failed to initialize Agent with increased function call limits", "level": "WARNING", "name": "ivr_bot.helper_functions", "session_id": "no-session", "pid": 175000, "job_id": "AJ_3SakyFQ83ncG", "timestamp": "2025-10-13T14:37:48.361042+00:00"}
2025-10-13 19:37:48 - ivr_bot.main - INFO - [no-session] - Using pre-configured background audio player for typing sounds
{"message": "Using pre-configured background audio player for typing sounds", "level": "INFO", "name": "ivr_bot.main", "session_id": "no-session", "pid": 175000, "job_id": "AJ_3SakyFQ83ncG", "timestamp": "2025-10-13T14:37:48.361297+00:00"}
2025-10-13 19:38:06 - ivr_bot.main - INFO - [chat-e7501288-cf86-4af8-b5d3-6030618b52e9] - Interruptions ENABLED after first greeting - user can interrupt the bot now
2025-10-13 19:38:06 - ivr_bot.main - INFO - [chat-e7501288-cf86-4af8-b5d3-6030618b52e9] - Audio input DISABLED - agent will not process any speech during API calls
2025-10-13 19:38:06 - ivr_bot.main - INFO - [no-session] - Interruptions ENABLED after first greeting - user can interrupt the bot now
{"message": "Interruptions ENABLED after first greeting - user can interrupt the bot now", "level": "INFO", "name": "ivr_bot.main", "session_id": "no-session", "pid": 175000, "job_id": "AJ_3SakyFQ83ncG", "timestamp": "2025-10-13T14:38:06.049833+00:00"}
2025-10-13 19:38:06 - ivr_bot.main - INFO - [no-session] - Audio input DISABLED - agent will not process any speech during API calls
{"message": "Audio input DISABLED - agent will not process any speech during API calls", "level": "INFO", "name": "ivr_bot.main", "session_id": "no-session", "pid": 175000, "job_id": "AJ_3SakyFQ83ncG", "timestamp": "2025-10-13T14:38:06.050313+00:00"}
2025-10-13 19:38:06 - ivr_bot.main - INFO - [chat-e7501288-cf86-4af8-b5d3-6030618b52e9] - Initialized background audio player
2025-10-13 19:38:06 - ivr_bot.main - INFO - [no-session] - Initialized background audio player
{"message": "Initialized background audio player", "level": "INFO", "name": "ivr_bot.main", "session_id": "no-session", "pid": 175000, "job_id": "AJ_3SakyFQ83ncG", "timestamp": "2025-10-13T14:38:06.405519+00:00"}
2025-10-13 19:38:06 - ivr_bot.main - INFO - [chat-e7501288-cf86-4af8-b5d3-6030618b52e9] - Started typing sounds for API fetching phase
2025-10-13 19:38:06 - ivr_bot.main - INFO - [no-session] - Started typing sounds for API fetching phase
{"message": "Started typing sounds for API fetching phase", "level": "INFO", "name": "ivr_bot.main", "session_id": "no-session", "pid": 175000, "job_id": "AJ_3SakyFQ83ncG", "timestamp": "2025-10-13T14:38:06.407846+00:00"}
2025-10-13 19:38:06 - ivr_bot.main - INFO - [chat-e7501288-cf86-4af8-b5d3-6030618b52e9] - Room Name: both-21-1-BARWOOD & REGENCY TAXI-NawSi
2025-10-13 19:38:06 - ivr_bot.main - INFO - [chat-e7501288-cf86-4af8-b5d3-6030618b52e9] - {}
{"message": "Metadata: {'phoneNo': '', 'clientID': '', 'userID': '', 'affiliateId': '21', 'familyId': '1', 'affiliateName': 'BARWOOD & REGENCY TAXI'}", "level": "DEBUG", "name": "ivr_bot.main", "pid": 175000, "job_id": "AJ_3SakyFQ83ncG", "timestamp": "2025-10-13T14:38:06.427700+00:00"}
2025-10-13 19:38:06 - ivr_bot.main - ERROR - [chat-e7501288-cf86-4af8-b5d3-6030618b52e9] - Error in recognizing affiliate from number: 'sip.phoneNumber'
2025-10-13 19:38:06 - ivr_bot.main - INFO - [no-session] - Room Name: both-21-1-BARWOOD & REGENCY TAXI-NawSi
{"message": "Room Name: both-21-1-BARWOOD & REGENCY TAXI-NawSi", "level": "INFO", "name": "ivr_bot.main", "session_id": "no-session", "pid": 175000, "job_id": "AJ_3SakyFQ83ncG", "timestamp": "2025-10-13T14:38:06.427882+00:00"}
2025-10-13 19:38:06 - ivr_bot.cache_manager - INFO - [chat-e7501288-cf86-4af8-b5d3-6030618b52e9] - Cache HIT for affiliate: ids:1:21
2025-10-13 19:38:06 - ivr_bot.main - INFO - [no-session] - {}
{"message": "{}", "level": "INFO", "name": "ivr_bot.main", "session_id": "no-session", "pid": 175000, "job_id": "AJ_3SakyFQ83ncG", "timestamp": "2025-10-13T14:38:06.428032+00:00"}
2025-10-13 19:38:06 - ivr_bot.main - INFO - [chat-e7501288-cf86-4af8-b5d3-6030618b52e9] - Using cached affiliate for IDs 1:21
2025-10-13 19:38:06 - ivr_bot.main - ERROR - [no-session] - Error in recognizing affiliate from number: 'sip.phoneNumber'
{"message": "Error in recognizing affiliate from number: 'sip.phoneNumber'", "level": "ERROR", "name": "ivr_bot.main", "session_id": "no-session", "pid": 175000, "job_id": "AJ_3SakyFQ83ncG", "timestamp": "2025-10-13T14:38:06.428178+00:00"}
2025-10-13 19:38:06 - ivr_bot.cache_manager - INFO - [no-session] - Cache HIT for affiliate: ids:1:21
{"message": "Cache HIT for affiliate: ids:1:21", "level": "INFO", "name": "ivr_bot.cache_manager", "session_id": "no-session", "pid": 175000, "job_id": "AJ_3SakyFQ83ncG", "timestamp": "2025-10-13T14:38:06.428374+00:00"}
2025-10-13 19:38:06 - ivr_bot.main - INFO - [chat-e7501288-cf86-4af8-b5d3-6030618b52e9] - Widget Flow chatbot Selected
{"message": "cached_affiliate: {'AffiliateID': 21, 'AffiliateName': 'Barwood and Regency Taxi ', 'AffiliateFamilyID': 1, 'TwillioPhoneNumber': '3019005009', 'TypeForIVRAI': 'BOTH'}", "level": "DEBUG", "name": "ivr_bot.main", "pid": 175000, "job_id": "AJ_3SakyFQ83ncG", "timestamp": "2025-10-13T14:38:06.428506+00:00"}
2025-10-13 19:38:06 - ivr_bot.main - INFO - [no-session] - Using cached affiliate for IDs 1:21
{"message": "Using cached affiliate for IDs 1:21", "level": "INFO", "name": "ivr_bot.main", "session_id": "no-session", "pid": 175000, "job_id": "AJ_3SakyFQ83ncG", "timestamp": "2025-10-13T14:38:06.428608+00:00"}
{"message": "AFFILIATE: {'AffiliateID': 21, 'AffiliateName': 'Barwood and Regency Taxi ', 'AffiliateFamilyID': 1, 'TwillioPhoneNumber': '3019005009', 'TypeForIVRAI': 'BOTH'}", "level": "DEBUG", "name": "ivr_bot.main", "pid": 175000, "job_id": "AJ_3SakyFQ83ncG", "timestamp": "2025-10-13T14:38:06.428735+00:00"}
{"message": "Rider: {'number_of_riders': 1, 'rider_1': {'name': 'Unknown', 'client_id': '-1', 'city': 'Unknown', 'state': 'Unknown', 'current_location': 'Unknown', 'rider_id': '-1'}}", "level": "DEBUG", "name": "ivr_bot.main", "pid": 175000, "job_id": "AJ_3SakyFQ83ncG", "timestamp": "2025-10-13T14:38:06.428838+00:00"}
{"message": "Affiliate: {'AffiliateID': 21, 'AffiliateName': 'Barwood and Regency Taxi ', 'AffiliateFamilyID': 1, 'TwillioPhoneNumber': '3019005009', 'TypeForIVRAI': 'BOTH'}", "level": "DEBUG", "name": "ivr_bot.main", "pid": 175000, "job_id": "AJ_3SakyFQ83ncG", "timestamp": "2025-10-13T14:38:06.428941+00:00"}
2025-10-13 19:38:06 - ivr_bot.main - INFO - [no-session] - Widget Flow chatbot Selected
{"message": "Widget Flow chatbot Selected", "level": "INFO", "name": "ivr_bot.main", "session_id": "no-session", "pid": 175000, "job_id": "AJ_3SakyFQ83ncG", "timestamp": "2025-10-13T14:38:06.429033+00:00"}
{"message": "Started typing sounds for conversation API call: fetch_affiliate_details", "level": "DEBUG", "name": "ivr_bot.main", "pid": 175000, "job_id": "AJ_3SakyFQ83ncG", "timestamp": "2025-10-13T14:38:06.429538+00:00"}
{"message": "Payload Sent for Affiliate Information: {'iaffiliateid': 21}", "level": "DEBUG", "name": "ivr_bot.side_functions", "pid": 175000, "job_id": "AJ_3SakyFQ83ncG", "timestamp": "2025-10-13T14:38:06.429659+00:00"}
2025-10-13 19:38:10 - ivr_bot.side_functions - INFO - [chat-e7501288-cf86-4af8-b5d3-6030618b52e9] - Called search_web_manual function with prompt: What are the counties that lies within these coordinates {'x1': '37.175108867393085', 'y1': '-80.56370227557687', 'x2': '40.03477876450898', 'y2': '-76.28661650301018'}. Only return names of the counties separated by commas. 
        Do not add name of the states. Do not add any other line or comment. I just need the name of the counties
        Sample response would be 'county_1, county_2, ......, county_n'
        DO NOT RETURN MORE THAN 10 COUNTY NAMES
        
{"message": "Stopped typing sounds for conversation API call: fetch_affiliate_details", "level": "DEBUG", "name": "ivr_bot.main", "pid": 175000, "job_id": "AJ_3SakyFQ83ncG", "timestamp": "2025-10-13T14:38:10.662913+00:00"}
{"message": "Started typing sounds for conversation API call: search_web_manual", "level": "DEBUG", "name": "ivr_bot.main", "pid": 175000, "job_id": "AJ_3SakyFQ83ncG", "timestamp": "2025-10-13T14:38:10.664536+00:00"}
2025-10-13 19:38:10 - ivr_bot.side_functions - INFO - [no-session] - Called search_web_manual function with prompt: What are the counties that lies within these coordinates {'x1': '37.175108867393085', 'y1': '-80.56370227557687', 'x2': '40.03477876450898', 'y2': '-76.28661650301018'}. Only return names of the counties separated by commas. 
        Do not add name of the states. Do not add any other line or comment. I just need the name of the counties
        Sample response would be 'county_1, county_2, ......, county_n'
        DO NOT RETURN MORE THAN 10 COUNTY NAMES
        
{"message": "Called search_web_manual function with prompt: What are the counties that lies within these coordinates {'x1': '37.175108867393085', 'y1': '-80.56370227557687', 'x2': '40.03477876450898', 'y2': '-76.28661650301018'}. Only return names of the counties separated by commas. \n        Do not add name of the states. Do not add any other line or comment. I just need the name of the counties\n        Sample response would be 'county_1, county_2, ......, county_n'\n        DO NOT RETURN MORE THAN 10 COUNTY NAMES\n        ", "level": "INFO", "name": "ivr_bot.side_functions", "session_id": "no-session", "pid": 175000, "job_id": "AJ_3SakyFQ83ncG", "timestamp": "2025-10-13T14:38:10.664748+00:00"}
2025-10-13 19:38:14 - ivr_bot.helper_functions - INFO - [chat-e7501288-cf86-4af8-b5d3-6030618b52e9] - Client ID -1
2025-10-13 19:38:14 - ivr_bot.helper_functions - WARNING - [chat-e7501288-cf86-4af8-b5d3-6030618b52e9] - ❌ Client ID not available (received: -1) - self.client_id will be None
{"message": "Stopped typing sounds for conversation API call: search_web_manual", "level": "DEBUG", "name": "ivr_bot.main", "pid": 175000, "job_id": "AJ_3SakyFQ83ncG", "timestamp": "2025-10-13T14:38:14.977040+00:00"}
2025-10-13 19:38:14 - ivr_bot.helper_functions - INFO - [no-session] - Client ID -1
{"message": "Client ID -1", "level": "INFO", "name": "ivr_bot.helper_functions", "session_id": "no-session", "pid": 175000, "job_id": "AJ_3SakyFQ83ncG", "timestamp": "2025-10-13T14:38:14.977318+00:00"}
2025-10-13 19:38:14 - ivr_bot.helper_functions - WARNING - [no-session] - ❌ Client ID not available (received: -1) - self.client_id will be None
{"message": "\u274c Client ID not available (received: -1) - self.client_id will be None", "level": "WARNING", "name": "ivr_bot.helper_functions", "session_id": "no-session", "pid": 175000, "job_id": "AJ_3SakyFQ83ncG", "timestamp": "2025-10-13T14:38:14.977480+00:00"}
{"message": "Started typing sounds for conversation API call: get_frequnt_addresses_manual", "level": "DEBUG", "name": "ivr_bot.main", "pid": 175000, "job_id": "AJ_3SakyFQ83ncG", "timestamp": "2025-10-13T14:38:14.977844+00:00"}
{"message": "Payload sent to get frequent addresses: {'clientID': '-1', 'affiliateID': '21', 'bIncludeClientAddress': '', 'bGetAddressDataOnly': '', 'bGetCompletedHistoricRides': '', 'responseJSON': '', 'responseCode': 100}", "level": "DEBUG", "name": "ivr_bot.side_functions", "pid": 175000, "job_id": "AJ_3SakyFQ83ncG", "timestamp": "2025-10-13T14:38:14.977969+00:00"}
2025-10-13 19:38:16 - ivr_bot.side_functions - ERROR - [chat-e7501288-cf86-4af8-b5d3-6030618b52e9] - Failed to parse response as JSON. Raw Response: Please provide valid Client ID.
{"message": "Response from FrequentDataAPI: Please provide valid Client ID.", "level": "DEBUG", "name": "ivr_bot.side_functions", "pid": 175000, "job_id": "AJ_3SakyFQ83ncG", "timestamp": "2025-10-13T14:38:16.587919+00:00"}
2025-10-13 19:38:16 - ivr_bot.side_functions - ERROR - [no-session] - Failed to parse response as JSON. Raw Response: Please provide valid Client ID.
{"message": "Failed to parse response as JSON. Raw Response: Please provide valid Client ID.", "level": "ERROR", "name": "ivr_bot.side_functions", "session_id": "no-session", "pid": 175000, "job_id": "AJ_3SakyFQ83ncG", "timestamp": "2025-10-13T14:38:16.588157+00:00"}
{"message": "Stopped typing sounds for conversation API call: get_frequnt_addresses_manual", "level": "DEBUG", "name": "ivr_bot.main", "pid": 175000, "job_id": "AJ_3SakyFQ83ncG", "timestamp": "2025-10-13T14:38:16.588809+00:00"}
2025-10-13 19:38:17 - ivr_bot.main - INFO - [chat-e7501288-cf86-4af8-b5d3-6030618b52e9] - Building user context information
2025-10-13 19:38:17 - ivr_bot.main - INFO - [chat-e7501288-cf86-4af8-b5d3-6030618b52e9] - User context built successfully
2025-10-13 19:38:17 - ivr_bot.main - INFO - [no-session] - Building user context information
{"message": "Building user context information", "level": "INFO", "name": "ivr_bot.main", "session_id": "no-session", "pid": 175000, "job_id": "AJ_3SakyFQ83ncG", "timestamp": "2025-10-13T14:38:17.590328+00:00"}
2025-10-13 19:38:17 - ivr_bot.helper_functions - WARNING - [chat-e7501288-cf86-4af8-b5d3-6030618b52e9] - Invalid phone number format: 
2025-10-13 19:38:17 - ivr_bot.helper_functions - INFO - [chat-e7501288-cf86-4af8-b5d3-6030618b52e9] - Client ID -1
2025-10-13 19:38:17 - ivr_bot.main - INFO - [no-session] - User context built successfully
2025-10-13 19:38:17 - ivr_bot.helper_functions - WARNING - [chat-e7501288-cf86-4af8-b5d3-6030618b52e9] - ❌ Client ID not available (received: -1) - self.client_id will be None
{"message": "User context built successfully", "level": "INFO", "name": "ivr_bot.main", "session_id": "no-session", "pid": 175000, "job_id": "AJ_3SakyFQ83ncG", "timestamp": "2025-10-13T14:38:17.590579+00:00"}
2025-10-13 19:38:17 - ivr_bot.helper_functions - WARNING - [chat-e7501288-cf86-4af8-b5d3-6030618b52e9] - Failed to initialize Agent with increased function call limits
2025-10-13 19:38:17 - ivr_bot.helper_functions - WARNING - [no-session] - Invalid phone number format: 
{"message": "Invalid phone number format: ", "level": "WARNING", "name": "ivr_bot.helper_functions", "session_id": "no-session", "pid": 175000, "job_id": "AJ_3SakyFQ83ncG", "timestamp": "2025-10-13T14:38:17.591250+00:00"}
2025-10-13 19:38:17 - ivr_bot.helper_functions - INFO - [no-session] - Client ID -1
{"message": "Client ID -1", "level": "INFO", "name": "ivr_bot.helper_functions", "session_id": "no-session", "pid": 175000, "job_id": "AJ_3SakyFQ83ncG", "timestamp": "2025-10-13T14:38:17.591524+00:00"}
2025-10-13 19:38:17 - ivr_bot.helper_functions - WARNING - [no-session] - ❌ Client ID not available (received: -1) - self.client_id will be None
{"message": "\u274c Client ID not available (received: -1) - self.client_id will be None", "level": "WARNING", "name": "ivr_bot.helper_functions", "session_id": "no-session", "pid": 175000, "job_id": "AJ_3SakyFQ83ncG", "timestamp": "2025-10-13T14:38:17.591656+00:00"}
2025-10-13 19:38:17 - ivr_bot.main - INFO - [chat-e7501288-cf86-4af8-b5d3-6030618b52e9] - Successfully updated initial_agent with enhanced context
2025-10-13 19:38:17 - ivr_bot.helper_functions - WARNING - [no-session] - Failed to initialize Agent with increased function call limits
{"message": "Failed to initialize Agent with increased function call limits", "level": "WARNING", "name": "ivr_bot.helper_functions", "session_id": "no-session", "pid": 175000, "job_id": "AJ_3SakyFQ83ncG", "timestamp": "2025-10-13T14:38:17.591765+00:00"}
2025-10-13 19:38:17 - ivr_bot.main - INFO - [no-session] - Successfully updated initial_agent with enhanced context
{"message": "Successfully updated initial_agent with enhanced context", "level": "INFO", "name": "ivr_bot.main", "session_id": "no-session", "pid": 175000, "job_id": "AJ_3SakyFQ83ncG", "timestamp": "2025-10-13T14:38:17.592451+00:00"}
2025-10-13 19:38:17 - ivr_bot.main - INFO - [chat-e7501288-cf86-4af8-b5d3-6030618b52e9] - Stopped typing sounds - API fetching complete
2025-10-13 19:38:17 - ivr_bot.main - INFO - [chat-e7501288-cf86-4af8-b5d3-6030618b52e9] - Preparing to deliver personalized follow-up message
2025-10-13 19:38:17 - ivr_bot.main - INFO - [no-session] - Stopped typing sounds - API fetching complete
{"message": "Stopped typing sounds - API fetching complete", "level": "INFO", "name": "ivr_bot.main", "session_id": "no-session", "pid": 175000, "job_id": "AJ_3SakyFQ83ncG", "timestamp": "2025-10-13T14:38:17.638585+00:00"}
2025-10-13 19:38:17 - ivr_bot.main - INFO - [no-session] - Preparing to deliver personalized follow-up message
{"message": "Preparing to deliver personalized follow-up message", "level": "INFO", "name": "ivr_bot.main", "session_id": "no-session", "pid": 175000, "job_id": "AJ_3SakyFQ83ncG", "timestamp": "2025-10-13T14:38:17.638827+00:00"}
{"message": "Conversation item added from assistant: I now have your information from Barwood and Regency Taxi  agency. Can I have your phone number please?. interrupted: False", "level": "DEBUG", "name": "ivr_bot.main", "pid": 175000, "job_id": "AJ_3SakyFQ83ncG", "timestamp": "2025-10-13T14:38:29.154758+00:00"}
2025-10-13 19:38:29 - ivr_bot.main - INFO - [chat-e7501288-cf86-4af8-b5d3-6030618b52e9] - APIs fetched and processing complete. Audio input RE-ENABLED.
2025-10-13 19:38:29 - ivr_bot.main - INFO - [chat-e7501288-cf86-4af8-b5d3-6030618b52e9] - Started phone number collection
2025-10-13 19:38:29 - ivr_bot.main - INFO - [no-session] - APIs fetched and processing complete. Audio input RE-ENABLED.
{"message": "APIs fetched and processing complete. Audio input RE-ENABLED.", "level": "INFO", "name": "ivr_bot.main", "session_id": "no-session", "pid": 175000, "job_id": "AJ_3SakyFQ83ncG", "timestamp": "2025-10-13T14:38:29.155622+00:00"}
2025-10-13 19:38:29 - ivr_bot.main - INFO - [no-session] - Started phone number collection
{"message": "Started phone number collection", "level": "INFO", "name": "ivr_bot.main", "session_id": "no-session", "pid": 175000, "job_id": "AJ_3SakyFQ83ncG", "timestamp": "2025-10-13T14:38:29.155912+00:00"}
2025-10-13 19:38:38 - ivr_bot.main - INFO - [chat-e7501288-cf86-4af8-b5d3-6030618b52e9] - User transcript received: 90985
{"message": "Conversation item added from user: 90985. interrupted: False", "level": "DEBUG", "name": "ivr_bot.main", "pid": 175000, "job_id": "AJ_3SakyFQ83ncG", "timestamp": "2025-10-13T14:38:38.107933+00:00"}
2025-10-13 19:38:38 - ivr_bot.main - INFO - [no-session] - User transcript received: 90985
{"message": "User transcript received: 90985", "level": "INFO", "name": "ivr_bot.main", "session_id": "no-session", "pid": 175000, "job_id": "AJ_3SakyFQ83ncG", "timestamp": "2025-10-13T14:38:38.108131+00:00"}
2025-10-13 19:38:41 - ivr_bot.helper_functions - INFO - [chat-e7501288-cf86-4af8-b5d3-6030618b52e9] - Called get_client_name function with caller_number: , family_id: 1
2025-10-13 19:38:41 - ivr_bot.helper_functions - INFO - [no-session] - Called get_client_name function with caller_number: , family_id: 1
{"message": "Called get_client_name function with caller_number: , family_id: 1", "level": "INFO", "name": "ivr_bot.helper_functions", "session_id": "no-session", "pid": 175000, "job_id": "AJ_3SakyFQ83ncG", "timestamp": "2025-10-13T14:38:41.383281+00:00"}
{"message": "caller number: ", "level": "DEBUG", "name": "ivr_bot.helper_functions", "pid": 175000, "job_id": "AJ_3SakyFQ83ncG", "timestamp": "2025-10-13T14:38:41.383567+00:00"}
{"message": "family_id: 1", "level": "DEBUG", "name": "ivr_bot.helper_functions", "pid": 175000, "job_id": "AJ_3SakyFQ83ncG", "timestamp": "2025-10-13T14:38:41.383725+00:00"}
{"message": "Payload before sending: {'searchCriteria': 'CustomerPhone', 'searchText': '', 'bActiveRecords': True, 'iATSPID': 21, 'iDTSPID': 1}", "level": "DEBUG", "name": "ivr_bot.helper_functions", "pid": 175000, "job_id": "AJ_3SakyFQ83ncG", "timestamp": "2025-10-13T14:38:41.383910+00:00"}
{"message": "Payload sent by LLM: {'searchCriteria': 'CustomerPhone', 'searchText': '', 'bActiveRecords': True, 'iATSPID': 21, 'iDTSPID': 1}", "level": "DEBUG", "name": "ivr_bot.helper_functions", "pid": 175000, "job_id": "AJ_3SakyFQ83ncG", "timestamp": "2025-10-13T14:38:41.384077+00:00"}
{"message": "Conversation item added from assistant: Thanks for providing your phone number. Let me check your profile for you.. interrupted: False", "level": "DEBUG", "name": "ivr_bot.main", "pid": 175000, "job_id": "AJ_3SakyFQ83ncG", "timestamp": "2025-10-13T14:38:45.602542+00:00"}
2025-10-13 19:38:47 - ivr_bot.supervisor - INFO - [chat-e7501288-cf86-4af8-b5d3-6030618b52e9] - [supervisor score] relevance=Decimal('0.9') completeness=Decimal('0.85') groundedness=Decimal('0.95') = 0.90
2025-10-13 19:38:47 - ivr_bot.supervisor - INFO - [no-session] - [supervisor score] relevance=Decimal('0.9') completeness=Decimal('0.85') groundedness=Decimal('0.95') = 0.90
{"message": "[supervisor score] relevance=Decimal('0.9') completeness=Decimal('0.85') groundedness=Decimal('0.95') = 0.90", "level": "INFO", "name": "ivr_bot.supervisor", "session_id": "no-session", "pid": 175000, "job_id": "AJ_3SakyFQ83ncG", "timestamp": "2025-10-13T14:38:47.321410+00:00"}
2025-10-13 19:38:55 - ivr_bot.helper_functions - ERROR - [chat-e7501288-cf86-4af8-b5d3-6030618b52e9] - Error occurred in getting rider profile: 500, message='Attempt to decode JSON with unexpected mimetype: ', url='https://tgistagingreservationapi.itcurves.us/SearchClientData'
2025-10-13 19:38:55 - ivr_bot.helper_functions - ERROR - [chat-e7501288-cf86-4af8-b5d3-6030618b52e9] - Error occurred in getting client Name: 'ClientResponse' object is not subscriptable
2025-10-13 19:38:55 - ivr_bot.helper_functions - INFO - [chat-e7501288-cf86-4af8-b5d3-6030618b52e9] - ✅ [GET_CLIENT_NAME] rider_count: 0
2025-10-13 19:38:55 - ivr_bot.helper_functions - ERROR - [no-session] - Error occurred in getting rider profile: 500, message='Attempt to decode JSON with unexpected mimetype: ', url='https://tgistagingreservationapi.itcurves.us/SearchClientData'
2025-10-13 19:38:55 - ivr_bot.helper_functions - INFO - [chat-e7501288-cf86-4af8-b5d3-6030618b52e9] - ❌ [GET_CLIENT_NAME] No profiles found or new rider.
{"message": "Error occurred in getting rider profile: 500, message='Attempt to decode JSON with unexpected mimetype: ', url='https://tgistagingreservationapi.itcurves.us/SearchClientData'", "level": "ERROR", "name": "ivr_bot.helper_functions", "session_id": "no-session", "pid": 175000, "job_id": "AJ_3SakyFQ83ncG", "timestamp": "2025-10-13T14:38:55.830806+00:00"}
2025-10-13 19:38:55 - ivr_bot.helper_functions - ERROR - [no-session] - Error occurred in getting client Name: 'ClientResponse' object is not subscriptable
{"message": "Error occurred in getting client Name: 'ClientResponse' object is not subscriptable", "level": "ERROR", "name": "ivr_bot.helper_functions", "session_id": "no-session", "pid": 175000, "job_id": "AJ_3SakyFQ83ncG", "timestamp": "2025-10-13T14:38:55.831089+00:00"}
{"message": "Result: {'number_of_riders': 0}", "level": "DEBUG", "name": "ivr_bot.helper_functions", "pid": 175000, "job_id": "AJ_3SakyFQ83ncG", "timestamp": "2025-10-13T14:38:55.831260+00:00"}
2025-10-13 19:38:55 - ivr_bot.helper_functions - INFO - [no-session] - ✅ [GET_CLIENT_NAME] rider_count: 0
{"message": "\u2705 [GET_CLIENT_NAME] rider_count: 0", "level": "INFO", "name": "ivr_bot.helper_functions", "session_id": "no-session", "pid": 175000, "job_id": "AJ_3SakyFQ83ncG", "timestamp": "2025-10-13T14:38:55.831362+00:00"}
2025-10-13 19:38:55 - ivr_bot.helper_functions - INFO - [no-session] - ❌ [GET_CLIENT_NAME] No profiles found or new rider.
{"message": "\u274c [GET_CLIENT_NAME] No profiles found or new rider.", "level": "INFO", "name": "ivr_bot.helper_functions", "session_id": "no-session", "pid": 175000, "job_id": "AJ_3SakyFQ83ncG", "timestamp": "2025-10-13T14:38:55.831564+00:00"}
2025-10-13 19:39:09 - ivr_bot.main - INFO - [chat-e7501288-cf86-4af8-b5d3-6030618b52e9] - User transcript received: 34534
{"message": "Conversation item added from user: 34534. interrupted: False", "level": "DEBUG", "name": "ivr_bot.main", "pid": 175000, "job_id": "AJ_3SakyFQ83ncG", "timestamp": "2025-10-13T14:39:09.734401+00:00"}
2025-10-13 19:39:09 - ivr_bot.main - INFO - [no-session] - User transcript received: 34534
{"message": "User transcript received: 34534", "level": "INFO", "name": "ivr_bot.main", "session_id": "no-session", "pid": 175000, "job_id": "AJ_3SakyFQ83ncG", "timestamp": "2025-10-13T14:39:09.734592+00:00"}
{"message": "Conversation item added from assistant: I couldn't find a profile linked to this phone number. Can I have your name please?. interrupted: True", "level": "DEBUG", "name": "ivr_bot.main", "pid": 175000, "job_id": "AJ_3SakyFQ83ncG", "timestamp": "2025-10-13T14:39:09.801873+00:00"}
{"message": "Error in _play_task\nTraceback (most recent call last):\n  File \"/home/senarios/VoiceAgent5withFeNew/VoiceAgent3/IT_Curves_Bot/venv/lib/python3.10/site-packages/livekit/agents/utils/log.py\", line 16, in async_fn_logs\n    return await fn(*args, **kwargs)\n  File \"/home/senarios/VoiceAgent5withFeNew/VoiceAgent3/IT_Curves_Bot/venv/lib/python3.10/site-packages/livekit/agents/voice/background_audio.py\", line 360, in _play_task\n    await gen.aclose()\nRuntimeError: aclose(): asynchronous generator is already running", "level": "ERROR", "name": "livekit.agents", "pid": 175000, "job_id": "AJ_3SakyFQ83ncG", "timestamp": "2025-10-13T14:39:09.802799+00:00"}
{"message": "Task exception was never retrieved\nfuture: <Task finished name='Task-4796' coro=<BackgroundAudioPlayer._play_task() done, defined at /home/senarios/VoiceAgent5withFeNew/VoiceAgent3/IT_Curves_Bot/venv/lib/python3.10/site-packages/livekit/agents/utils/log.py:13> exception=RuntimeError('aclose(): asynchronous generator is already running')>\nTraceback (most recent call last):\n  File \"/home/senarios/VoiceAgent5withFeNew/VoiceAgent3/IT_Curves_Bot/venv/lib/python3.10/site-packages/livekit/agents/utils/log.py\", line 16, in async_fn_logs\n    return await fn(*args, **kwargs)\n  File \"/home/senarios/VoiceAgent5withFeNew/VoiceAgent3/IT_Curves_Bot/venv/lib/python3.10/site-packages/livekit/agents/voice/background_audio.py\", line 360, in _play_task\n    await gen.aclose()\nRuntimeError: aclose(): asynchronous generator is already running", "level": "ERROR", "name": "asyncio", "pid": 175000, "job_id": "AJ_3SakyFQ83ncG", "timestamp": "2025-10-13T14:39:09.815691+00:00"}
2025-10-13 19:39:11 - ivr_bot.supervisor - INFO - [chat-e7501288-cf86-4af8-b5d3-6030618b52e9] - [supervisor score] relevance=Decimal('0.4') completeness=Decimal('0.3') groundedness=Decimal('0.5') = 0.4
2025-10-13 19:39:11 - ivr_bot.supervisor - INFO - [no-session] - [supervisor score] relevance=Decimal('0.4') completeness=Decimal('0.3') groundedness=Decimal('0.5') = 0.4
{"message": "[supervisor score] relevance=Decimal('0.4') completeness=Decimal('0.3') groundedness=Decimal('0.5') = 0.4", "level": "INFO", "name": "ivr_bot.supervisor", "session_id": "no-session", "pid": 175000, "job_id": "AJ_3SakyFQ83ncG", "timestamp": "2025-10-13T14:39:11.757436+00:00"}
2025-10-13 19:39:11 - ivr_bot.helper_functions - INFO - [chat-e7501288-cf86-4af8-b5d3-6030618b52e9] - Called get_client_name function with caller_number: , family_id: 1
2025-10-13 19:39:11 - ivr_bot.helper_functions - INFO - [no-session] - Called get_client_name function with caller_number: , family_id: 1
{"message": "Called get_client_name function with caller_number: , family_id: 1", "level": "INFO", "name": "ivr_bot.helper_functions", "session_id": "no-session", "pid": 175000, "job_id": "AJ_3SakyFQ83ncG", "timestamp": "2025-10-13T14:39:11.839979+00:00"}
{"message": "caller number: ", "level": "DEBUG", "name": "ivr_bot.helper_functions", "pid": 175000, "job_id": "AJ_3SakyFQ83ncG", "timestamp": "2025-10-13T14:39:11.840316+00:00"}
{"message": "family_id: 1", "level": "DEBUG", "name": "ivr_bot.helper_functions", "pid": 175000, "job_id": "AJ_3SakyFQ83ncG", "timestamp": "2025-10-13T14:39:11.840463+00:00"}
{"message": "Payload before sending: {'searchCriteria': 'CustomerPhone', 'searchText': '', 'bActiveRecords': True, 'iATSPID': 21, 'iDTSPID': 1}", "level": "DEBUG", "name": "ivr_bot.helper_functions", "pid": 175000, "job_id": "AJ_3SakyFQ83ncG", "timestamp": "2025-10-13T14:39:11.840576+00:00"}
{"message": "Payload sent by LLM: {'searchCriteria': 'CustomerPhone', 'searchText': '', 'bActiveRecords': True, 'iATSPID': 21, 'iDTSPID': 1}", "level": "DEBUG", "name": "ivr_bot.helper_functions", "pid": 175000, "job_id": "AJ_3SakyFQ83ncG", "timestamp": "2025-10-13T14:39:11.840669+00:00"}
2025-10-13 19:39:27 - ivr_bot.helper_functions - ERROR - [chat-e7501288-cf86-4af8-b5d3-6030618b52e9] - Error occurred in getting rider profile: 500, message='Attempt to decode JSON with unexpected mimetype: ', url='https://tgistagingreservationapi.itcurves.us/SearchClientData'
2025-10-13 19:39:27 - ivr_bot.helper_functions - ERROR - [chat-e7501288-cf86-4af8-b5d3-6030618b52e9] - Error occurred in getting client Name: 'ClientResponse' object is not subscriptable
2025-10-13 19:39:27 - ivr_bot.helper_functions - ERROR - [no-session] - Error occurred in getting rider profile: 500, message='Attempt to decode JSON with unexpected mimetype: ', url='https://tgistagingreservationapi.itcurves.us/SearchClientData'
2025-10-13 19:39:27 - ivr_bot.helper_functions - INFO - [chat-e7501288-cf86-4af8-b5d3-6030618b52e9] - ✅ [GET_CLIENT_NAME] rider_count: 0
{"message": "Error occurred in getting rider profile: 500, message='Attempt to decode JSON with unexpected mimetype: ', url='https://tgistagingreservationapi.itcurves.us/SearchClientData'", "level": "ERROR", "name": "ivr_bot.helper_functions", "session_id": "no-session", "pid": 175000, "job_id": "AJ_3SakyFQ83ncG", "timestamp": "2025-10-13T14:39:27.337691+00:00"}
2025-10-13 19:39:27 - ivr_bot.helper_functions - INFO - [chat-e7501288-cf86-4af8-b5d3-6030618b52e9] - ❌ [GET_CLIENT_NAME] No profiles found or new rider.
2025-10-13 19:39:27 - ivr_bot.helper_functions - ERROR - [no-session] - Error occurred in getting client Name: 'ClientResponse' object is not subscriptable
{"message": "Error occurred in getting client Name: 'ClientResponse' object is not subscriptable", "level": "ERROR", "name": "ivr_bot.helper_functions", "session_id": "no-session", "pid": 175000, "job_id": "AJ_3SakyFQ83ncG", "timestamp": "2025-10-13T14:39:27.337985+00:00"}
{"message": "Result: {'number_of_riders': 0}", "level": "DEBUG", "name": "ivr_bot.helper_functions", "pid": 175000, "job_id": "AJ_3SakyFQ83ncG", "timestamp": "2025-10-13T14:39:27.338175+00:00"}
2025-10-13 19:39:27 - ivr_bot.helper_functions - INFO - [no-session] - ✅ [GET_CLIENT_NAME] rider_count: 0
{"message": "\u2705 [GET_CLIENT_NAME] rider_count: 0", "level": "INFO", "name": "ivr_bot.helper_functions", "session_id": "no-session", "pid": 175000, "job_id": "AJ_3SakyFQ83ncG", "timestamp": "2025-10-13T14:39:27.338248+00:00"}
2025-10-13 19:39:27 - ivr_bot.helper_functions - INFO - [no-session] - ❌ [GET_CLIENT_NAME] No profiles found or new rider.
{"message": "\u274c [GET_CLIENT_NAME] No profiles found or new rider.", "level": "INFO", "name": "ivr_bot.helper_functions", "session_id": "no-session", "pid": 175000, "job_id": "AJ_3SakyFQ83ncG", "timestamp": "2025-10-13T14:39:27.338410+00:00"}
2025-10-13 19:39:40 - ivr_bot.main - INFO - [chat-e7501288-cf86-4af8-b5d3-6030618b52e9] - User transcript received: 345345
{"message": "Conversation item added from user: 345345. interrupted: False", "level": "DEBUG", "name": "ivr_bot.main", "pid": 175000, "job_id": "AJ_3SakyFQ83ncG", "timestamp": "2025-10-13T14:39:40.033989+00:00"}
2025-10-13 19:39:40 - ivr_bot.main - INFO - [no-session] - User transcript received: 345345
{"message": "User transcript received: 345345", "level": "INFO", "name": "ivr_bot.main", "session_id": "no-session", "pid": 175000, "job_id": "AJ_3SakyFQ83ncG", "timestamp": "2025-10-13T14:39:40.034179+00:00"}
{"message": "Conversation item added from assistant: I couldn't find a profile linked to that phone number. Can I have your name please?. interrupted: True", "level": "DEBUG", "name": "ivr_bot.main", "pid": 175000, "job_id": "AJ_3SakyFQ83ncG", "timestamp": "2025-10-13T14:39:40.105547+00:00"}
{"message": "Error in _play_task\nTraceback (most recent call last):\n  File \"/home/senarios/VoiceAgent5withFeNew/VoiceAgent3/IT_Curves_Bot/venv/lib/python3.10/site-packages/livekit/agents/utils/log.py\", line 16, in async_fn_logs\n    return await fn(*args, **kwargs)\n  File \"/home/senarios/VoiceAgent5withFeNew/VoiceAgent3/IT_Curves_Bot/venv/lib/python3.10/site-packages/livekit/agents/voice/background_audio.py\", line 360, in _play_task\n    await gen.aclose()\nRuntimeError: aclose(): asynchronous generator is already running", "level": "ERROR", "name": "livekit.agents", "pid": 175000, "job_id": "AJ_3SakyFQ83ncG", "timestamp": "2025-10-13T14:39:40.106200+00:00"}
{"message": "Task exception was never retrieved\nfuture: <Task finished name='Task-5430' coro=<BackgroundAudioPlayer._play_task() done, defined at /home/senarios/VoiceAgent5withFeNew/VoiceAgent3/IT_Curves_Bot/venv/lib/python3.10/site-packages/livekit/agents/utils/log.py:13> exception=RuntimeError('aclose(): asynchronous generator is already running')>\nTraceback (most recent call last):\n  File \"/home/senarios/VoiceAgent5withFeNew/VoiceAgent3/IT_Curves_Bot/venv/lib/python3.10/site-packages/livekit/agents/utils/log.py\", line 16, in async_fn_logs\n    return await fn(*args, **kwargs)\n  File \"/home/senarios/VoiceAgent5withFeNew/VoiceAgent3/IT_Curves_Bot/venv/lib/python3.10/site-packages/livekit/agents/voice/background_audio.py\", line 360, in _play_task\n    await gen.aclose()\nRuntimeError: aclose(): asynchronous generator is already running", "level": "ERROR", "name": "asyncio", "pid": 175000, "job_id": "AJ_3SakyFQ83ncG", "timestamp": "2025-10-13T14:39:40.117832+00:00"}
2025-10-13 19:39:42 - ivr_bot.supervisor - ERROR - [chat-e7501288-cf86-4af8-b5d3-6030618b52e9] - [supervisor score parse error] Expecting value: line 1 column 1 (char 0)
{"message": "[supervisor llm response] I'm sorry, but that phone number doesn't seem to have a corresponding profile. Could you please provide me with your name or any other identifying information?", "level": "DEBUG", "name": "ivr_bot.supervisor", "pid": 175000, "job_id": "AJ_3SakyFQ83ncG", "timestamp": "2025-10-13T14:39:42.131014+00:00"}
2025-10-13 19:39:42 - ivr_bot.supervisor - ERROR - [no-session] - [supervisor score parse error] Expecting value: line 1 column 1 (char 0)
{"message": "[supervisor score parse error] Expecting value: line 1 column 1 (char 0)", "level": "ERROR", "name": "ivr_bot.supervisor", "session_id": "no-session", "pid": 175000, "job_id": "AJ_3SakyFQ83ncG", "timestamp": "2025-10-13T14:39:42.131220+00:00"}
{"message": "Conversation item added from assistant: Can I have your name please?. interrupted: False", "level": "DEBUG", "name": "ivr_bot.main", "pid": 175000, "job_id": "AJ_3SakyFQ83ncG", "timestamp": "2025-10-13T14:39:47.682523+00:00"}
2025-10-13 19:39:49 - ivr_bot.main - INFO - [chat-e7501288-cf86-4af8-b5d3-6030618b52e9] - User transcript received: 34580345
{"message": "Conversation item added from user: 34580345. interrupted: False", "level": "DEBUG", "name": "ivr_bot.main", "pid": 175000, "job_id": "AJ_3SakyFQ83ncG", "timestamp": "2025-10-13T14:39:49.194108+00:00"}
2025-10-13 19:39:49 - ivr_bot.main - INFO - [no-session] - User transcript received: 34580345
{"message": "User transcript received: 34580345", "level": "INFO", "name": "ivr_bot.main", "session_id": "no-session", "pid": 175000, "job_id": "AJ_3SakyFQ83ncG", "timestamp": "2025-10-13T14:39:49.194567+00:00"}
2025-10-13 19:39:49 - ivr_bot.supervisor - INFO - [chat-e7501288-cf86-4af8-b5d3-6030618b52e9] - [supervisor score] relevance=Decimal('0.4') completeness=Decimal('0.3') groundedness=Decimal('0.2') = 0.3
2025-10-13 19:39:49 - ivr_bot.supervisor - INFO - [no-session] - [supervisor score] relevance=Decimal('0.4') completeness=Decimal('0.3') groundedness=Decimal('0.2') = 0.3
{"message": "[supervisor score] relevance=Decimal('0.4') completeness=Decimal('0.3') groundedness=Decimal('0.2') = 0.3", "level": "INFO", "name": "ivr_bot.supervisor", "session_id": "no-session", "pid": 175000, "job_id": "AJ_3SakyFQ83ncG", "timestamp": "2025-10-13T14:39:49.645586+00:00"}
{"message": "Conversation item added from assistant: . interrupted: True", "level": "DEBUG", "name": "ivr_bot.main", "pid": 175000, "job_id": "AJ_3SakyFQ83ncG", "timestamp": "2025-10-13T14:39:49.648401+00:00"}
{"message": "Conversation item added from assistant: Let me transfer you to live agent. interrupted: False", "level": "DEBUG", "name": "ivr_bot.main", "pid": 175000, "job_id": "AJ_3SakyFQ83ncG", "timestamp": "2025-10-13T14:40:02.832141+00:00"}
2025-10-13 19:40:02 - ivr_bot.supervisor - INFO - [chat-e7501288-cf86-4af8-b5d3-6030618b52e9] - transfer_call_voice function called...
2025-10-13 19:40:02 - ivr_bot.supervisor - INFO - [no-session] - transfer_call_voice function called...
{"message": "transfer_call_voice function called...", "level": "INFO", "name": "ivr_bot.supervisor", "session_id": "no-session", "pid": 175000, "job_id": "AJ_3SakyFQ83ncG", "timestamp": "2025-10-13T14:40:02.833453+00:00"}
2025-10-13 19:40:04 - ivr_bot.supervisor - ERROR - [chat-e7501288-cf86-4af8-b5d3-6030618b52e9] - Error during call transfer: TwirpError(code=invalid_argument, message=twirp error unknown: no SIP session associated with participant, status=400)
2025-10-13 19:40:04 - ivr_bot.supervisor - ERROR - [no-session] - Error during call transfer: TwirpError(code=invalid_argument, message=twirp error unknown: no SIP session associated with participant, status=400)
{"message": "Error during call transfer: TwirpError(code=invalid_argument, message=twirp error unknown: no SIP session associated with participant, status=400)", "level": "ERROR", "name": "ivr_bot.supervisor", "session_id": "no-session", "pid": 175000, "job_id": "AJ_3SakyFQ83ncG", "timestamp": "2025-10-13T14:40:04.227350+00:00"}
2025-10-13 19:41:14 - ivr_bot.main - INFO - [chat-e7501288-cf86-4af8-b5d3-6030618b52e9] - User transcript received: my name is 56867537826
{"message": "Conversation item added from user: my name is 56867537826. interrupted: False", "level": "DEBUG", "name": "ivr_bot.main", "pid": 175000, "job_id": "AJ_3SakyFQ83ncG", "timestamp": "2025-10-13T14:41:14.315355+00:00"}
2025-10-13 19:41:14 - ivr_bot.main - INFO - [no-session] - User transcript received: my name is 56867537826
{"message": "User transcript received: my name is 56867537826", "level": "INFO", "name": "ivr_bot.main", "session_id": "no-session", "pid": 175000, "job_id": "AJ_3SakyFQ83ncG", "timestamp": "2025-10-13T14:41:14.315615+00:00"}
{"message": "Conversation item added from assistant: Thanks for sharing your name. Can I have your rider ID please?. interrupted: False", "level": "DEBUG", "name": "ivr_bot.main", "pid": 175000, "job_id": "AJ_3SakyFQ83ncG", "timestamp": "2025-10-13T14:41:32.224665+00:00"}
2025-10-13 19:41:33 - ivr_bot.main - INFO - [chat-e7501288-cf86-4af8-b5d3-6030618b52e9] - User transcript received: what is my name 
{"message": "Conversation item added from user: what is my name . interrupted: False", "level": "DEBUG", "name": "ivr_bot.main", "pid": 175000, "job_id": "AJ_3SakyFQ83ncG", "timestamp": "2025-10-13T14:41:33.537219+00:00"}
2025-10-13 19:41:33 - ivr_bot.main - INFO - [no-session] - User transcript received: what is my name 
{"message": "User transcript received: what is my name ", "level": "INFO", "name": "ivr_bot.main", "session_id": "no-session", "pid": 175000, "job_id": "AJ_3SakyFQ83ncG", "timestamp": "2025-10-13T14:41:33.537376+00:00"}
2025-10-13 19:41:48 - ivr_bot.main - INFO - [chat-e7501288-cf86-4af8-b5d3-6030618b52e9] - User transcript received: whats my name 
{"message": "Conversation item added from user: whats my name . interrupted: False", "level": "DEBUG", "name": "ivr_bot.main", "pid": 175000, "job_id": "AJ_3SakyFQ83ncG", "timestamp": "2025-10-13T14:41:48.149271+00:00"}
2025-10-13 19:41:48 - ivr_bot.main - INFO - [no-session] - User transcript received: whats my name 
{"message": "User transcript received: whats my name ", "level": "INFO", "name": "ivr_bot.main", "session_id": "no-session", "pid": 175000, "job_id": "AJ_3SakyFQ83ncG", "timestamp": "2025-10-13T14:41:48.149500+00:00"}
{"message": "_GatheringFuture exception was never retrieved\nfuture: <_GatheringFuture finished exception=CancelledError()>\nTraceback (most recent call last):\n  File \"/home/senarios/VoiceAgent5withFeNew/VoiceAgent3/IT_Curves_Bot/venv/lib/python3.10/site-packages/aiohttp/client_ws.py\", line 336, in receive\n    msg = await self._reader.read()\n  File \"aiohttp/_websocket/reader_c.py\", line 113, in read\n  File \"aiohttp/_websocket/reader_c.py\", line 110, in aiohttp._websocket.reader_c.WebSocketDataQueue.read\nasyncio.exceptions.CancelledError\n\nDuring handling of the above exception, another exception occurred:\n\nasyncio.exceptions.CancelledError", "level": "ERROR", "name": "asyncio", "pid": 175000, "job_id": "AJ_3SakyFQ83ncG", "timestamp": "2025-10-13T14:41:48.234828+00:00"}
{"message": "_GatheringFuture exception was never retrieved\nfuture: <_GatheringFuture finished exception=CancelledError()>\nTraceback (most recent call last):\n  File \"/home/senarios/VoiceAgent5withFeNew/VoiceAgent3/IT_Curves_Bot/venv/lib/python3.10/site-packages/aiohttp/client_ws.py\", line 336, in receive\n    msg = await self._reader.read()\n  File \"aiohttp/_websocket/reader_c.py\", line 113, in read\n  File \"aiohttp/_websocket/reader_c.py\", line 110, in aiohttp._websocket.reader_c.WebSocketDataQueue.read\nasyncio.exceptions.CancelledError\n\nDuring handling of the above exception, another exception occurred:\n\nasyncio.exceptions.CancelledError", "level": "ERROR", "name": "asyncio", "pid": 175000, "job_id": "AJ_3SakyFQ83ncG", "timestamp": "2025-10-13T14:41:48.235958+00:00"}
{"message": "Conversation item added from assistant: I am sorry but I don't have your rider name in my system. Can I have your rider ID please?. interrupted: True", "level": "DEBUG", "name": "ivr_bot.main", "pid": 175000, "job_id": "AJ_3SakyFQ83ncG", "timestamp": "2025-10-13T14:41:48.311099+00:00"}
{"message": "Error in _play_task\nTraceback (most recent call last):\n  File \"/home/senarios/VoiceAgent5withFeNew/VoiceAgent3/IT_Curves_Bot/venv/lib/python3.10/site-packages/livekit/agents/utils/log.py\", line 16, in async_fn_logs\n    return await fn(*args, **kwargs)\n  File \"/home/senarios/VoiceAgent5withFeNew/VoiceAgent3/IT_Curves_Bot/venv/lib/python3.10/site-packages/livekit/agents/voice/background_audio.py\", line 360, in _play_task\n    await gen.aclose()\nRuntimeError: aclose(): asynchronous generator is already running", "level": "ERROR", "name": "livekit.agents", "pid": 175000, "job_id": "AJ_3SakyFQ83ncG", "timestamp": "2025-10-13T14:41:48.312060+00:00"}
{"message": "Task exception was never retrieved\nfuture: <Task finished name='Task-6897' coro=<BackgroundAudioPlayer._play_task() done, defined at /home/senarios/VoiceAgent5withFeNew/VoiceAgent3/IT_Curves_Bot/venv/lib/python3.10/site-packages/livekit/agents/utils/log.py:13> exception=RuntimeError('aclose(): asynchronous generator is already running')>\nTraceback (most recent call last):\n  File \"/home/senarios/VoiceAgent5withFeNew/VoiceAgent3/IT_Curves_Bot/venv/lib/python3.10/site-packages/livekit/agents/utils/log.py\", line 16, in async_fn_logs\n    return await fn(*args, **kwargs)\n  File \"/home/senarios/VoiceAgent5withFeNew/VoiceAgent3/IT_Curves_Bot/venv/lib/python3.10/site-packages/livekit/agents/voice/background_audio.py\", line 360, in _play_task\n    await gen.aclose()\nRuntimeError: aclose(): asynchronous generator is already running", "level": "ERROR", "name": "asyncio", "pid": 175000, "job_id": "AJ_3SakyFQ83ncG", "timestamp": "2025-10-13T14:41:48.312476+00:00"}
{"message": "Conversation item added from assistant: I am sorry but I don't have your rider name in my system. Can I help you with something else?. interrupted: False", "level": "DEBUG", "name": "ivr_bot.main", "pid": 175000, "job_id": "AJ_3SakyFQ83ncG", "timestamp": "2025-10-13T14:41:54.520056+00:00"}
2025-10-13 19:42:03 - ivr_bot.main - INFO - [chat-e7501288-cf86-4af8-b5d3-6030618b52e9] - User transcript received: my name is waseem
{"message": "Conversation item added from user: my name is waseem. interrupted: False", "level": "DEBUG", "name": "ivr_bot.main", "pid": 175000, "job_id": "AJ_3SakyFQ83ncG", "timestamp": "2025-10-13T14:42:03.683291+00:00"}
2025-10-13 19:42:03 - ivr_bot.main - INFO - [no-session] - User transcript received: my name is waseem
{"message": "User transcript received: my name is waseem", "level": "INFO", "name": "ivr_bot.main", "session_id": "no-session", "pid": 175000, "job_id": "AJ_3SakyFQ83ncG", "timestamp": "2025-10-13T14:42:03.683574+00:00"}
{"message": "Conversation item added from assistant: Its nice to have you here, Waseem. Can I have your rider ID?. interrupted: False", "level": "DEBUG", "name": "ivr_bot.main", "pid": 175000, "job_id": "AJ_3SakyFQ83ncG", "timestamp": "2025-10-13T14:42:09.690835+00:00"}
2025-10-13 19:42:15 - ivr_bot.main - INFO - [chat-e7501288-cf86-4af8-b5d3-6030618b52e9] - User transcript received: whats my name 
{"message": "Conversation item added from user: whats my name . interrupted: False", "level": "DEBUG", "name": "ivr_bot.main", "pid": 175000, "job_id": "AJ_3SakyFQ83ncG", "timestamp": "2025-10-13T14:42:15.445732+00:00"}
2025-10-13 19:42:15 - ivr_bot.main - INFO - [no-session] - User transcript received: whats my name 
{"message": "User transcript received: whats my name ", "level": "INFO", "name": "ivr_bot.main", "session_id": "no-session", "pid": 175000, "job_id": "AJ_3SakyFQ83ncG", "timestamp": "2025-10-13T14:42:15.446210+00:00"}
{"message": "Conversation item added from assistant: Your name is Waseem. How can I help you today?. interrupted: False", "level": "DEBUG", "name": "ivr_bot.main", "pid": 175000, "job_id": "AJ_3SakyFQ83ncG", "timestamp": "2025-10-13T14:42:20.876416+00:00"}
2025-10-13 19:42:31 - ivr_bot.main - INFO - [chat-e7501288-cf86-4af8-b5d3-6030618b52e9] - User transcript received: my id is ali 
{"message": "Conversation item added from user: my id is ali . interrupted: False", "level": "DEBUG", "name": "ivr_bot.main", "pid": 175000, "job_id": "AJ_3SakyFQ83ncG", "timestamp": "2025-10-13T14:42:31.871634+00:00"}
2025-10-13 19:42:31 - ivr_bot.main - INFO - [no-session] - User transcript received: my id is ali 
{"message": "User transcript received: my id is ali ", "level": "INFO", "name": "ivr_bot.main", "session_id": "no-session", "pid": 175000, "job_id": "AJ_3SakyFQ83ncG", "timestamp": "2025-10-13T14:42:31.871855+00:00"}
2025-10-13 19:42:51 - ivr_bot.main - INFO - [chat-e7501288-cf86-4af8-b5d3-6030618b52e9] - User transcript received: whats my rider id 
{"message": "Conversation item added from user: whats my rider id . interrupted: False", "level": "DEBUG", "name": "ivr_bot.main", "pid": 175000, "job_id": "AJ_3SakyFQ83ncG", "timestamp": "2025-10-13T14:42:51.140203+00:00"}
2025-10-13 19:42:51 - ivr_bot.main - INFO - [no-session] - User transcript received: whats my rider id 
{"message": "User transcript received: whats my rider id ", "level": "INFO", "name": "ivr_bot.main", "session_id": "no-session", "pid": 175000, "job_id": "AJ_3SakyFQ83ncG", "timestamp": "2025-10-13T14:42:51.140577+00:00"}
{"message": "Conversation item added from assistant: It seems that the rider ID you provided is not found in our system. You can still book a ride under cash or credit card. How can I help you today?. interrupted: True", "level": "DEBUG", "name": "ivr_bot.main", "pid": 175000, "job_id": "AJ_3SakyFQ83ncG", "timestamp": "2025-10-13T14:42:51.233137+00:00"}
{"message": "Error in _play_task\nTraceback (most recent call last):\n  File \"/home/senarios/VoiceAgent5withFeNew/VoiceAgent3/IT_Curves_Bot/venv/lib/python3.10/site-packages/livekit/agents/utils/log.py\", line 16, in async_fn_logs\n    return await fn(*args, **kwargs)\n  File \"/home/senarios/VoiceAgent5withFeNew/VoiceAgent3/IT_Curves_Bot/venv/lib/python3.10/site-packages/livekit/agents/voice/background_audio.py\", line 360, in _play_task\n    await gen.aclose()\nRuntimeError: aclose(): asynchronous generator is already running", "level": "ERROR", "name": "livekit.agents", "pid": 175000, "job_id": "AJ_3SakyFQ83ncG", "timestamp": "2025-10-13T14:42:51.233668+00:00"}
{"message": "Task exception was never retrieved\nfuture: <Task finished name='Task-8549' coro=<BackgroundAudioPlayer._play_task() done, defined at /home/senarios/VoiceAgent5withFeNew/VoiceAgent3/IT_Curves_Bot/venv/lib/python3.10/site-packages/livekit/agents/utils/log.py:13> exception=RuntimeError('aclose(): asynchronous generator is already running')>\nTraceback (most recent call last):\n  File \"/home/senarios/VoiceAgent5withFeNew/VoiceAgent3/IT_Curves_Bot/venv/lib/python3.10/site-packages/livekit/agents/utils/log.py\", line 16, in async_fn_logs\n    return await fn(*args, **kwargs)\n  File \"/home/senarios/VoiceAgent5withFeNew/VoiceAgent3/IT_Curves_Bot/venv/lib/python3.10/site-packages/livekit/agents/voice/background_audio.py\", line 360, in _play_task\n    await gen.aclose()\nRuntimeError: aclose(): asynchronous generator is already running", "level": "ERROR", "name": "asyncio", "pid": 175000, "job_id": "AJ_3SakyFQ83ncG", "timestamp": "2025-10-13T14:42:51.233970+00:00"}
{"message": "Conversation item added from assistant: It seems that the rider ID you provided is not found in our system. You can still book a ride under cash or credit card. How can I help you today?. interrupted: False", "level": "DEBUG", "name": "ivr_bot.main", "pid": 175000, "job_id": "AJ_3SakyFQ83ncG", "timestamp": "2025-10-13T14:43:21.178754+00:00"}
2025-10-13 19:45:14 - ivr_bot.main - INFO - [chat-e7501288-cf86-4af8-b5d3-6030618b52e9] - User transcript received: cash
{"message": "Conversation item added from user: cash. interrupted: False", "level": "DEBUG", "name": "ivr_bot.main", "pid": 175000, "job_id": "AJ_3SakyFQ83ncG", "timestamp": "2025-10-13T14:45:14.378421+00:00"}
2025-10-13 19:45:14 - ivr_bot.main - INFO - [no-session] - User transcript received: cash
{"message": "User transcript received: cash", "level": "INFO", "name": "ivr_bot.main", "session_id": "no-session", "pid": 175000, "job_id": "AJ_3SakyFQ83ncG", "timestamp": "2025-10-13T14:45:14.378700+00:00"}
{"message": "Conversation item added from assistant: I got cash. Do I have that right?. interrupted: False", "level": "DEBUG", "name": "ivr_bot.main", "pid": 175000, "job_id": "AJ_3SakyFQ83ncG", "timestamp": "2025-10-13T14:45:19.403541+00:00"}
2025-10-13 19:45:21 - ivr_bot.main - INFO - [chat-e7501288-cf86-4af8-b5d3-6030618b52e9] - User transcript received: yes
{"message": "Conversation item added from user: yes. interrupted: False", "level": "DEBUG", "name": "ivr_bot.main", "pid": 175000, "job_id": "AJ_3SakyFQ83ncG", "timestamp": "2025-10-13T14:45:21.725038+00:00"}
2025-10-13 19:45:21 - ivr_bot.main - INFO - [no-session] - User transcript received: yes
{"message": "User transcript received: yes", "level": "INFO", "name": "ivr_bot.main", "session_id": "no-session", "pid": 175000, "job_id": "AJ_3SakyFQ83ncG", "timestamp": "2025-10-13T14:45:21.725193+00:00"}
2025-10-13 19:45:25 - ivr_bot.helper_functions - INFO - [chat-e7501288-cf86-4af8-b5d3-6030618b52e9] - Called get_IDs function
2025-10-13 19:45:25 - ivr_bot.helper_functions - INFO - [no-session] - Called get_IDs function
{"message": "Called get_IDs function", "level": "INFO", "name": "ivr_bot.helper_functions", "session_id": "no-session", "pid": 175000, "job_id": "AJ_3SakyFQ83ncG", "timestamp": "2025-10-13T14:45:25.430413+00:00"}
{"message": "Confirmed Account Name: self", "level": "DEBUG", "name": "ivr_bot.helper_functions", "pid": 175000, "job_id": "AJ_3SakyFQ83ncG", "timestamp": "2025-10-13T14:45:25.430957+00:00"}
{"message": "Payload Sent for Affiliate Information: {'iaffiliateid': 21}", "level": "DEBUG", "name": "ivr_bot.side_functions", "pid": 175000, "job_id": "AJ_3SakyFQ83ncG", "timestamp": "2025-10-13T14:45:25.431074+00:00"}
{"message": "Prompt sent for matching funding sources: \n            You are given a list of dictionaries enclosed in triple backticks: ```[{'FID': 1, 'FundingSource': 'Self', 'ProgramID': -1}, {'FID': 5, 'FundingSource': '1538 - ASBURY METHODIST VILLAGE', 'ProgramID': -1}, {'FID': 6, 'FundingSource': '1625 - PAINT BRANCH HIGH SCHOOL', 'ProgramID': -1}, {'FID': 19, 'FundingSource': \"3198 - CHILDREN'S INN AT NIH\", 'ProgramID': -1}, {'FID': 22, 'FundingSource': '3304 - CLASSIC RESIDENCE', 'ProgramID': -1}, {'FID': 24, 'FundingSource': '3360 - CONGREGATION BETH EL', 'ProgramID': -1}, {'FID': 25, 'FundingSource': '3361 - COLUMBIA LIGHTHOUSE ', 'ProgramID': -1}, {'FID': 26, 'FundingSource': '3511 - COUNCIL OF GOVERNMENTS', 'ProgramID': -1}, {'FID': 31, 'FundingSource': '4218 - DISTRICT COURT MD', 'ProgramID': -1}, {'FID': 33, 'FundingSource': '4258 - DORS GERMANTOWN', 'ProgramID': -1}, {'FID': 34, 'FundingSource': '4259 - DORS CUMBERLAND', 'ProgramID': -1}, {'FID': 36, 'FundingSource': '4390 - DHHU', 'ProgramID': -1}, {'FID': 38, 'FundingSource': '6083 - FSI MENTAL HEALTH CLINIC', 'ProgramID': -1}, {'FID': 44, 'FundingSource': '6476 - Frederick Co. Dept.Social Serv', 'ProgramID': -1}, {'FID': 45, 'FundingSource': '6480 - Kranke', 'ProgramID': -1}, {'FID': 47, 'FundingSource': '7057 - GALLAGHER ', 'ProgramID': -1}, {'FID': 52, 'FundingSource': '7308 - GLADSTONE ADVISERS, INC.', 'ProgramID': -1}, {'FID': 54, 'FundingSource': '7938 - DORS/WHEATON', 'ProgramID': -1}, {'FID': 56, 'FundingSource': '8141 - COVANCE MARKET ACCESS SERVICES', 'ProgramID': -1}, {'FID': 57, 'FundingSource': '8158 - HENRY M JACKSON FOUNDATION', 'ProgramID': -1}, {'FID': 60, 'FundingSource': '8370 - HOLY CROSS HEALTH CENTER', 'ProgramID': -1}, {'FID': 61, 'FundingSource': '8385 - HOWARD HUGHES MED', 'ProgramID': -1}, {'FID': 62, 'FundingSource': '8429 - HOLY CROSS HOSP HLTH CNT', 'ProgramID': -1}, {'FID': 68, 'FundingSource': '10043 - JHHC/PRIORITY PARTNERS', 'ProgramID': -1}, {'FID': 69, 'FundingSource': '10132 - JFGH', 'ProgramID': -1}, {'FID': 344, 'FundingSource': 'APP', 'ProgramID': -1}, {'FID': 345, 'FundingSource': 'APS RIS', 'ProgramID': -1}, {'FID': 346, 'FundingSource': 'ARH', 'ProgramID': -1}, {'FID': 355, 'FundingSource': 'CRISIS', 'ProgramID': -1}, {'FID': 356, 'FundingSource': 'CSN', 'ProgramID': -1}, {'FID': 357, 'FundingSource': 'CSS', 'ProgramID': -1}, {'FID': 358, 'FundingSource': 'CY MARRIOTT', 'ProgramID': -1}, {'FID': 419, 'FundingSource': '72286 - Knaff', 'ProgramID': -1}, {'FID': 420, 'FundingSource': 'ROC', 'ProgramID': -1}, {'FID': 421, 'FundingSource': '72304 - Imagine Hope', 'ProgramID': -1}, {'FID': 85, 'FundingSource': '13224 - MMG NIAID', 'ProgramID': -1}, {'FID': 86, 'FundingSource': '13278 - Kensington Park Senior Living', 'ProgramID': -1}, {'FID': 88, 'FundingSource': '13310 - MedStar Family Choice BU#70771', 'ProgramID': -1}, {'FID': 91, 'FundingSource': '13407 - MCPS Dr. Bell', 'ProgramID': -1}, {'FID': 92, 'FundingSource': '13411 - MOCO COALITION/HOMELESS', 'ProgramID': -1}, {'FID': 96, 'FundingSource': '13433 - MCPS ASSESSMENT SVC UNIT', 'ProgramID': -1}, {'FID': 99, 'FundingSource': '13732 - MORRISON ', 'ProgramID': -1}, {'FID': 101, 'FundingSource': 'MEDICAID', 'ProgramID': -1}, {'FID': 111, 'FundingSource': '15045 - OBVS/DORS WHEATON', 'ProgramID': -1}, {'FID': 113, 'FundingSource': '16131 - PERKINS COIE LLP', 'ProgramID': -1}, {'FID': 118, 'FundingSource': '18270 - RICA STATE MD', 'ProgramID': -1}, {'FID': 127, 'FundingSource': '19280 - FJC', 'ProgramID': -1}, {'FID': 134, 'FundingSource': '19519 - STEPPING STONES', 'ProgramID': -1}, {'FID': 141, 'FundingSource': '20480 - TREE HOUSE', 'ProgramID': -1}, {'FID': 143, 'FundingSource': 'CALLM', 'ProgramID': -1}, {'FID': 145, 'FundingSource': '23130 - WESTAT', 'ProgramID': -1}, {'FID': 147, 'FundingSource': '23215 - WILMER EYE INSTITUTE', 'ProgramID': -1}, {'FID': 154, 'FundingSource': 'NIH', 'ProgramID': -1}, {'FID': 164, 'FundingSource': '71707 - Sunrise of Silver Spring', 'ProgramID': -1}, {'FID': 165, 'FundingSource': '71714 - FOX HILL', 'ProgramID': -1}, {'FID': 186, 'FundingSource': '72124 - C. Wm. Neuhauser', 'ProgramID': -1}, {'FID': 196, 'FundingSource': '72189 - People Encouraging People', 'ProgramID': -1}, {'FID': 199, 'FundingSource': '72207 - Abe M. Schuchman, Esq., CEO', 'ProgramID': -1}, {'FID': 200, 'FundingSource': '72208 - BENJAMIN & SUSAN AIKEN', 'ProgramID': -1}, {'FID': 214, 'FundingSource': '72233 - GENERAL DYNAMICS IT', 'ProgramID': -1}, {'FID': 215, 'FundingSource': '72234 - CAROL BERGIN', 'ProgramID': -1}, {'FID': 216, 'FundingSource': '72235 - BARBARA V. WEST', 'ProgramID': -1}, {'FID': 224, 'FundingSource': '79999 - BILL SAPP', 'ProgramID': -1}, {'FID': 227, 'FundingSource': '81064 - MEDSTAR HEALTH', 'ProgramID': -1}, {'FID': 244, 'FundingSource': '13298 - MACROGENICS, INC.', 'ProgramID': -1}, {'FID': 246, 'FundingSource': '4370 - DORS Devi Tiwari', 'ProgramID': -1}, {'FID': 248, 'FundingSource': '72243 - Amy Rogus', 'ProgramID': -1}, {'FID': 259, 'FundingSource': '71695 - TODD IRWIN', 'ProgramID': -1}, {'FID': 262, 'FundingSource': '77777 - BW', 'ProgramID': -1}, {'FID': 266, 'FundingSource': '4330 - DORS', 'ProgramID': -1}, {'FID': 267, 'FundingSource': '4340 - DORS', 'ProgramID': -1}, {'FID': 269, 'FundingSource': 'WMATA', 'ProgramID': -1}, {'FID': 270, 'FundingSource': 'WMATAPromo', 'ProgramID': -1}, {'FID': 271, 'FundingSource': '3230 - Rockville Call n Ride', 'ProgramID': -1}, {'FID': 273, 'FundingSource': 'SMART', 'ProgramID': -1}, {'FID': 280, 'FundingSource': '3575 - CW YOUNG', 'ProgramID': -1}, {'FID': 281, 'FundingSource': '72251 - People Encouraging People', 'ProgramID': -1}, {'FID': 287, 'FundingSource': '13189 - MontCare Potomac', 'ProgramID': -1}, {'FID': 313, 'FundingSource': '8475 -  HOC', 'ProgramID': -1}, {'FID': 314, 'FundingSource': '4310 - DORS', 'ProgramID': -1}, {'FID': 317, 'FundingSource': '4320 - DORS', 'ProgramID': -1}, {'FID': 319, 'FundingSource': '72290 - PEP3', 'ProgramID': -1}, {'FID': 323, 'FundingSource': 'CHI Promo', 'ProgramID': -1}, {'FID': 324, 'FundingSource': 'CHI', 'ProgramID': -1}, {'FID': 325, 'FundingSource': 'CHIW', 'ProgramID': -1}, {'FID': 327, 'FundingSource': '4252 - DORS VTS', 'ProgramID': -1}, {'FID': 329, 'FundingSource': '72280 - Price', 'ProgramID': -1}, {'FID': 331, 'FundingSource': '72298 - Carter', 'ProgramID': -1}, {'FID': 333, 'FundingSource': '72296 - Murphy', 'ProgramID': -1}, {'FID': 340, 'FundingSource': '72325 - RAINBOW', 'ProgramID': -1}, {'FID': 343, 'FundingSource': 'AFC', 'ProgramID': -1}, {'FID': 347, 'FundingSource': 'BBH', 'ProgramID': -1}, {'FID': 348, 'FundingSource': 'Bender', 'ProgramID': -1}, {'FID': 349, 'FundingSource': 'BOLGER', 'ProgramID': -1}, {'FID': 351, 'FundingSource': 'CDE', 'ProgramID': -1}, {'FID': 352, 'FundingSource': 'CMMC', 'ProgramID': -1}, {'FID': 353, 'FundingSource': 'CMRI', 'ProgramID': -1}, {'FID': 354, 'FundingSource': 'CPU', 'ProgramID': -1}, {'FID': 359, 'FundingSource': 'DVR', 'ProgramID': -1}, {'FID': 360, 'FundingSource': 'DVRGERM', 'ProgramID': -1}, {'FID': 362, 'FundingSource': 'ERSERV', 'ProgramID': -1}, {'FID': 366, 'FundingSource': 'HELP', 'ProgramID': -1}, {'FID': 367, 'FundingSource': 'HHS A AND D', 'ProgramID': -1}, {'FID': 368, 'FundingSource': 'HHSIT', 'ProgramID': -1}, {'FID': 369, 'FundingSource': 'HHSW', 'ProgramID': -1}, {'FID': 370, 'FundingSource': 'HJF', 'ProgramID': -1}, {'FID': 371, 'FundingSource': 'HUGHES', 'ProgramID': -1}, {'FID': 373, 'FundingSource': 'JCA', 'ProgramID': -1}, {'FID': 374, 'FundingSource': 'JCC', 'ProgramID': -1}, {'FID': 375, 'FundingSource': 'JSSA', 'ProgramID': -1}, {'FID': 376, 'FundingSource': 'CLUSTERPROJ', 'ProgramID': -1}, {'FID': 377, 'FundingSource': 'L2L', 'ProgramID': -1}, {'FID': 378, 'FundingSource': 'LIFE', 'ProgramID': -1}, {'FID': 379, 'FundingSource': 'LMH', 'ProgramID': -1}, {'FID': 380, 'FundingSource': 'MANORB', 'ProgramID': -1}, {'FID': 382, 'FundingSource': 'MarriottGWC', 'ProgramID': -1}, {'FID': 383, 'FundingSource': 'MaxCohen', 'ProgramID': -1}, {'FID': 384, 'FundingSource': 'MCCC', 'ProgramID': -1}, {'FID': 385, 'FundingSource': 'MCFF', 'ProgramID': -1}, {'FID': 386, 'FundingSource': 'MCPS', 'ProgramID': -1}, {'FID': 387, 'FundingSource': 'MCPS-BOE', 'ProgramID': -1}, {'FID': 389, 'FundingSource': 'MDC', 'ProgramID': -1}, {'FID': 390, 'FundingSource': 'MDDS', 'ProgramID': -1}, {'FID': 393, 'FundingSource': 'MSGP', 'ProgramID': -1}, {'FID': 394, 'FundingSource': 'NCCF', 'ProgramID': -1}, {'FID': 396, 'FundingSource': 'ONC-SUB', 'ProgramID': -1}, {'FID': 398, 'FundingSource': 'RCM', 'ProgramID': -1}, {'FID': 400, 'FundingSource': 'SASCA', 'ProgramID': -1}, {'FID': 401, 'FundingSource': 'SCMC', 'ProgramID': -1}, {'FID': 403, 'FundingSource': 'SGAH', 'ProgramID': -1}, {'FID': 404, 'FundingSource': 'SGAR', 'ProgramID': -1}, {'FID': 405, 'FundingSource': 'SHS MARRIOTT', 'ProgramID': -1}, {'FID': 408, 'FundingSource': 'SUB', 'ProgramID': -1}, {'FID': 409, 'FundingSource': 'TEAMIV DHHS', 'ProgramID': -1}, {'FID': 410, 'FundingSource': 'THERED', 'ProgramID': -1}, {'FID': 411, 'FundingSource': 'VASAP', 'ProgramID': -1}, {'FID': 416, 'FundingSource': 'Safety Net Program HHSTV', 'ProgramID': -1}, {'FID': 417, 'FundingSource': 'Bethesda Cares Inc', 'ProgramID': -1}, {'FID': 423, 'FundingSource': '72330 - Offen', 'ProgramID': -1}, {'FID': 424, 'FundingSource': 'BROKER', 'ProgramID': -1}, {'FID': 430, 'FundingSource': '19267 - Shulman', 'ProgramID': -1}, {'FID': 431, 'FundingSource': 'WUMCO', 'ProgramID': -1}, {'FID': 432, 'FundingSource': '72338 - Springbrook HS', 'ProgramID': -1}, {'FID': 433, 'FundingSource': '14300 - NCCCC', 'ProgramID': -1}, {'FID': 434, 'FundingSource': '4410 - DORS Hagerstown', 'ProgramID': -1}, {'FID': 435, 'FundingSource': '72341 - Solera', 'ProgramID': -1}, {'FID': 436, 'FundingSource': 'RTH-CHIW', 'ProgramID': -1}, {'FID': 437, 'FundingSource': 'RTH-WMATA', 'ProgramID': -1}, {'FID': 438, 'FundingSource': '72318 - Lawrence', 'ProgramID': -1}, {'FID': 519, 'FundingSource': 'REGENCY', 'ProgramID': -1}, {'FID': 544, 'FundingSource': 'TestFS', 'ProgramID': -1}, {'FID': 549, 'FundingSource': 'CHI-SHOP', 'ProgramID': -1}, {'FID': 550, 'FundingSource': 'Barwood', 'ProgramID': -1}, {'FID': 552, 'FundingSource': 'Delivery', 'ProgramID': -1}, {'FID': 555, 'FundingSource': '72345 - Ittner', 'ProgramID': -1}, {'FID': 557, 'FundingSource': '666', 'ProgramID': -1}, {'FID': 559, 'FundingSource': '16439 - PCC 1', 'ProgramID': -1}, {'FID': 563, 'FundingSource': '72333 - Maplewood', 'ProgramID': -1}, {'FID': 565, 'FundingSource': 'ECOZ', 'ProgramID': -1}, {'FID': 566, 'FundingSource': 'FCTC', 'ProgramID': -1}, {'FID': 567, 'FundingSource': '72348 - Grunder', 'ProgramID': -1}, {'FID': 568, 'FundingSource': '4380 - DORS Alison', 'ProgramID': -1}, {'FID': 569, 'FundingSource': 'BOOST', 'ProgramID': -1}, {'FID': 571, 'FundingSource': 'NEWC', 'ProgramID': -1}, {'FID': 572, 'FundingSource': 'CABH', 'ProgramID': -1}, {'FID': 573, 'FundingSource': '72352 - Cook', 'ProgramID': -1}, {'FID': 574, 'FundingSource': 'HHSELC', 'ProgramID': -1}, {'FID': 576, 'FundingSource': '72355 - Sterling', 'ProgramID': -1}, {'FID': 577, 'FundingSource': '4425 -DORS Westminster', 'ProgramID': -1}, {'FID': 578, 'FundingSource': '4395 - DORS Toi Glover', 'ProgramID': -1}, {'FID': 579, 'FundingSource': '4265 - DORS Alisson Lopez', 'ProgramID': -1}, {'FID': 580, 'FundingSource': '72363 - GHC', 'ProgramID': -1}, {'FID': 581, 'FundingSource': '72374 - Wolf', 'ProgramID': -1}, {'FID': 582, 'FundingSource': 'ABH', 'ProgramID': -1}, {'FID': 583, 'FundingSource': '23076 - WRS', 'ProgramID': -1}, {'FID': 584, 'FundingSource': '72378 - MCFOF', 'ProgramID': -1}, {'FID': 586, 'FundingSource': '72382 - Kleit', 'ProgramID': -1}, {'FID': 587, 'FundingSource': '72386 - States Atty', 'ProgramID': -1}, {'FID': 588, 'FundingSource': '72391 - RegencyCare', 'ProgramID': -1}, {'FID': 589, 'FundingSource': '72396 - SIDEM', 'ProgramID': -1}, {'FID': 590, 'FundingSource': 'CDP', 'ProgramID': -1}, {'FID': 591, 'FundingSource': 'HHSPP', 'ProgramID': -1}, {'FID': 598, 'FundingSource': 'TGI', 'ProgramID': -1}, {'FID': 599, 'FundingSource': 'HHSTC', 'ProgramID': -1}, {'FID': 600, 'FundingSource': '16500 - PCC BHP', 'ProgramID': -1}, {'FID': 601, 'FundingSource': '16600 - PCC PA', 'ProgramID': -1}, {'FID': 602, 'FundingSource': '6215 - Fox Chase', 'ProgramID': -1}, {'FID': 603, 'FundingSource': '72412 - Independence Now', 'ProgramID': -1}, {'FID': 604, 'FundingSource': '4275 - DORS Baltimore', 'ProgramID': -1}, {'FID': 605, 'FundingSource': '4440 - DORS Frederick', 'ProgramID': -1}, {'FID': 58, 'FundingSource': '8350 - Holy Cross Hospital Germantown', 'ProgramID': -1}, {'FID': 59, 'FundingSource': '8360 - HOLY CROSS HEALTH CENTER', 'ProgramID': -1}, {'FID': 97, 'FundingSource': '13435 - MOCO HHS CHILD WELFARE', 'ProgramID': -1}, {'FID': 137, 'FundingSource': '19637 - HOLY CROSS HOSPITAL', 'ProgramID': -1}, {'FID': 592, 'FundingSource': '72401 - Shrader', 'ProgramID': -1}, {'FID': 593, 'FundingSource': '4430 - DORS WHEATON', 'ProgramID': -1}, {'FID': 594, 'FundingSource': '4551 - DORS Angelina Jordan', 'ProgramID': -1}, {'FID': 595, 'FundingSource': '12301 - Little Bennet ES', 'ProgramID': -1}, {'FID': 596, 'FundingSource': '72405 - Edson', 'ProgramID': -1}, {'FID': 597, 'FundingSource': '4260 - DORS Andrew Park', 'ProgramID': -1}]```\n\n            Your task is to find the dictionary whose 'FundingSource' value closely matches the account enclosed in double quotes: ``self``. \n\n            Return the matching dictionary in JSON format with the following fields:\n\n            {\n                \"FundingSource\": \"Source Name\",\n                \"FID\": FID Value,\n                \"ProgramID\": ProgramID Value\n            }\n\n            Instructions:\n            1. If a match is found, return the corresponding dictionary in the specified JSON format.\n            2. If no match is found, return the following JSON:\n                \n            {\n                \"FundingSource\": \"None\",\n                \"FID\": 1,\n                \"ProgramID\": -1\n            }\n\n            # Instructions\n            ## Make sure the response contains only the JSON output, with nothing else.\n            ## Take care of spelling mistakes by STT as well. For example 'Vomata' refers to 'WMATA'.\n            ## Do not add backticks or 'json'. I am parsing the response with json.loads(). Make it compatible.\n            ", "level": "DEBUG", "name": "ivr_bot.helper_functions", "pid": 175000, "job_id": "AJ_3SakyFQ83ncG", "timestamp": "2025-10-13T14:45:26.731644+00:00"}
{"message": "Conversation item added from assistant: Let me get necessary details regarding your payment method! Please wait a moment.. interrupted: False", "level": "DEBUG", "name": "ivr_bot.main", "pid": 175000, "job_id": "AJ_3SakyFQ83ncG", "timestamp": "2025-10-13T14:45:29.096892+00:00"}
{"message": "Matching Response: {\n    \"FundingSource\": \"Self\",\n    \"FID\": 1,\n    \"ProgramID\": -1\n}", "level": "DEBUG", "name": "ivr_bot.helper_functions", "pid": 175000, "job_id": "AJ_3SakyFQ83ncG", "timestamp": "2025-10-13T14:45:30.305156+00:00"}
{"message": "Payload Sent for Affiliate Information: {'iaffiliateid': 21}", "level": "DEBUG", "name": "ivr_bot.side_functions", "pid": 175000, "job_id": "AJ_3SakyFQ83ncG", "timestamp": "2025-10-13T14:45:30.305303+00:00"}
{"message": "Got Program Id: -1", "level": "DEBUG", "name": "ivr_bot.helper_functions", "pid": 175000, "job_id": "AJ_3SakyFQ83ncG", "timestamp": "2025-10-13T14:45:31.818700+00:00"}
{"message": "Got Funding Source Id: 1", "level": "DEBUG", "name": "ivr_bot.helper_functions", "pid": 175000, "job_id": "AJ_3SakyFQ83ncG", "timestamp": "2025-10-13T14:45:31.818912+00:00"}
{"message": "Funding Source List: ['1', '561', '278', '324', '357']", "level": "DEBUG", "name": "ivr_bot.helper_functions", "pid": 175000, "job_id": "AJ_3SakyFQ83ncG", "timestamp": "2025-10-13T14:45:31.819033+00:00"}
{"message": "Selected Account Name: Self", "level": "DEBUG", "name": "ivr_bot.helper_functions", "pid": 175000, "job_id": "AJ_3SakyFQ83ncG", "timestamp": "2025-10-13T14:45:31.819133+00:00"}
{"message": "Got Copay Status: False", "level": "DEBUG", "name": "ivr_bot.helper_functions", "pid": 175000, "job_id": "AJ_3SakyFQ83ncG", "timestamp": "2025-10-13T14:45:31.819230+00:00"}
{"message": "Payload Sent for Payment Type Selection: {'iaffiliateid': '21'}", "level": "DEBUG", "name": "ivr_bot.helper_functions", "pid": 175000, "job_id": "AJ_3SakyFQ83ncG", "timestamp": "2025-10-13T14:45:31.819333+00:00"}
{"message": "Prompt sent for matching funding sources: \n                                    You are given a list of dictionaries enclosed in triple backticks: ```[{'PaymentType ID': 1, 'PaymentType Name': 'Cash', 'Affiliate ID': 21}, {'PaymentType ID': 2, 'PaymentType Name': 'Credit Card', 'Affiliate ID': 21}, {'PaymentType ID': 3, 'PaymentType Name': 'Rockville C&R', 'Affiliate ID': 21}, {'PaymentType ID': 4, 'PaymentType Name': 'CHI Center-V', 'Affiliate ID': 21}, {'PaymentType ID': 5, 'PaymentType Name': 'Other Voucher', 'Affiliate ID': 21}, {'PaymentType ID': 6, 'PaymentType Name': 'Meditran-V', 'Affiliate ID': 21}, {'PaymentType ID': 7, 'PaymentType Name': 'Call& R-V', 'Affiliate ID': 21}, {'PaymentType ID': 8, 'PaymentType Name': 'Corporate-V', 'Affiliate ID': 21}, {'PaymentType ID': 9, 'PaymentType Name': 'Non-Dedicated WMATA', 'Affiliate ID': 21}, {'PaymentType ID': 10, 'PaymentType Name': 'NIH-V', 'Affiliate ID': 21}, {'PaymentType ID': 11, 'PaymentType Name': 'MCPS', 'Affiliate ID': 21}, {'PaymentType ID': 12, 'PaymentType Name': 'WMATA ABILITY RIDE', 'Affiliate ID': 21}, {'PaymentType ID': 13, 'PaymentType Name': 'Airport', 'Affiliate ID': 21}, {'PaymentType ID': 14, 'PaymentType Name': 'WMATA ABILITY RIDE', 'Affiliate ID': 21}]```\n\n                                    Your task is to find the dictionary whose 'PaymentType Name' value closely matches\n                                     the account enclosed in double quotes: ``cash``\n\n                                    Return the matching dictionary in JSON format with the following fields:\n\n                                    {\n                                        \"PaymentType ID\": Payment Type ID Value,\n                                        \"PaymentType Name\": \"Payment Type Name\",\n                                        \"Affiliate ID\": Affiliate ID Value\n                                    }\n\n                                    Instructions:\n                                    1. If a match is found, return the corresponding dictionary in the specified JSON format.\n                                    2. If no match is found, return the following JSON:\n                                        \n                                    {\n                                        \"PaymentType ID\": 1,\n                                        \"PaymentType Name\": \"None\",\n                                        \"Affiliate ID\": -1\n                                    }\n\n                                    # Instructions\n                                    ## Make sure the response contains only the JSON output, with nothing else.\n                                    ## Take care of spelling mistakes by STT as well. For example 'Vomata' refers to 'WMATA'.\n                                    ## Do not add backticks or 'json'. I am parsing the response with json.loads(). Make it compatible.\n                                    ", "level": "DEBUG", "name": "ivr_bot.helper_functions", "pid": 175000, "job_id": "AJ_3SakyFQ83ncG", "timestamp": "2025-10-13T14:45:33.299772+00:00"}
{"message": "Matching Response: {\n    \"PaymentType ID\": 1,\n    \"PaymentType Name\": \"Cash\",\n    \"Affiliate ID\": 21\n}", "level": "DEBUG", "name": "ivr_bot.helper_functions", "pid": 175000, "job_id": "AJ_3SakyFQ83ncG", "timestamp": "2025-10-13T14:45:34.955333+00:00"}
2025-10-13 19:45:34 - ivr_bot.helper_functions - INFO - [chat-e7501288-cf86-4af8-b5d3-6030618b52e9] - Verified Account Name is: Self, Funding Source Id is: 1, Requires Rider Verification Status: False, Payment Type Id is: 1, Require Copay Status is: False, Program Id is -1
2025-10-13 19:45:34 - ivr_bot.helper_functions - INFO - [no-session] - Verified Account Name is: Self, Funding Source Id is: 1, Requires Rider Verification Status: False, Payment Type Id is: 1, Require Copay Status is: False, Program Id is -1
{"message": "Verified Account Name is: Self, Funding Source Id is: 1, Requires Rider Verification Status: False, Payment Type Id is: 1, Require Copay Status is: False, Program Id is -1", "level": "INFO", "name": "ivr_bot.helper_functions", "session_id": "no-session", "pid": 175000, "job_id": "AJ_3SakyFQ83ncG", "timestamp": "2025-10-13T14:45:34.956044+00:00"}
{"message": "failed to generate LLM completion, retrying in 2.0s\nTraceback (most recent call last):\n  File \"/home/senarios/VoiceAgent5withFeNew/VoiceAgent3/IT_Curves_Bot/venv/lib/python3.10/site-packages/livekit/agents/llm/llm.py\", line 138, in _main_task\n    return await self._run()\n  File \"/home/senarios/VoiceAgent5withFeNew/VoiceAgent3/IT_Curves_Bot/venv/lib/python3.10/site-packages/livekit/plugins/openai/llm.py\", line 670, in _run\n    raise APITimeoutError(retryable=retryable) from None\nlivekit.agents._exceptions.APITimeoutError: Request timed out.", "level": "WARNING", "name": "livekit.agents", "llm": "livekit.plugins.openai.llm.LLM", "attempt": 1, "pid": 175000, "job_id": "AJ_3SakyFQ83ncG", "timestamp": "2025-10-13T14:45:40.084393+00:00"}
{"message": "Conversation item added from assistant: Your account cash is verified. Do you have a pick-up address for your ride?. interrupted: False", "level": "DEBUG", "name": "ivr_bot.main", "pid": 175000, "job_id": "AJ_3SakyFQ83ncG", "timestamp": "2025-10-13T14:45:55.829411+00:00"}
2025-10-13 19:46:24 - ivr_bot.main - INFO - [chat-e7501288-cf86-4af8-b5d3-6030618b52e9] - User transcript received: 1 School Dr, Gaithersburg, MD 20878
{"message": "Conversation item added from user: 1 School Dr, Gaithersburg, MD 20878. interrupted: False", "level": "DEBUG", "name": "ivr_bot.main", "pid": 175000, "job_id": "AJ_3SakyFQ83ncG", "timestamp": "2025-10-13T14:46:24.440800+00:00"}
2025-10-13 19:46:24 - ivr_bot.main - INFO - [no-session] - User transcript received: 1 School Dr, Gaithersburg, MD 20878
{"message": "User transcript received: 1 School Dr, Gaithersburg, MD 20878", "level": "INFO", "name": "ivr_bot.main", "session_id": "no-session", "pid": 175000, "job_id": "AJ_3SakyFQ83ncG", "timestamp": "2025-10-13T14:46:24.441041+00:00"}
{"message": "Conversation item added from assistant: I got 1 School Drive, Gaithersburg, MaryLand 20878. Is that correct?. interrupted: False", "level": "DEBUG", "name": "ivr_bot.main", "pid": 175000, "job_id": "AJ_3SakyFQ83ncG", "timestamp": "2025-10-13T14:46:32.429184+00:00"}
2025-10-13 19:46:33 - ivr_bot.main - INFO - [chat-e7501288-cf86-4af8-b5d3-6030618b52e9] - User transcript received: yes
{"message": "Conversation item added from user: yes. interrupted: False", "level": "DEBUG", "name": "ivr_bot.main", "pid": 175000, "job_id": "AJ_3SakyFQ83ncG", "timestamp": "2025-10-13T14:46:33.538203+00:00"}
2025-10-13 19:46:33 - ivr_bot.main - INFO - [no-session] - User transcript received: yes
{"message": "User transcript received: yes", "level": "INFO", "name": "ivr_bot.main", "session_id": "no-session", "pid": 175000, "job_id": "AJ_3SakyFQ83ncG", "timestamp": "2025-10-13T14:46:33.538429+00:00"}
2025-10-13 19:46:36 - ivr_bot.helper_functions - INFO - [chat-e7501288-cf86-4af8-b5d3-6030618b52e9] - Called get_valid_address function with address: 1 School Drive, Gaithersburg, MaryLand 20878
2025-10-13 19:46:36 - ivr_bot.side_functions - INFO - [chat-e7501288-cf86-4af8-b5d3-6030618b52e9] - Called search_web_manual function with prompt: Verify if this address is valid or not: 
```
1 School Drive, Gaithersburg, MaryLand 20878
```

Please respond ONLY with a valid JSON object in the following format:
{
    "valid": true/false,
    "confidence": 0-100,
    "normalized_address": "full normalized address if valid",
    "latitude": numeric value if valid (e.g., 38.9072),
    "longitude": numeric value if valid (e.g., -77.0369),
    "error": "reason if invalid or empty string if valid"
}

Ensure your response contains ONLY the JSON object with no additional text, explanation, or formatting.
2025-10-13 19:46:36 - ivr_bot.helper_functions - INFO - [no-session] - Called get_valid_address function with address: 1 School Drive, Gaithersburg, MaryLand 20878
{"message": "Called get_valid_address function with address: 1 School Drive, Gaithersburg, MaryLand 20878", "level": "INFO", "name": "ivr_bot.helper_functions", "session_id": "no-session", "pid": 175000, "job_id": "AJ_3SakyFQ83ncG", "timestamp": "2025-10-13T14:46:36.559155+00:00"}
2025-10-13 19:46:36 - ivr_bot.side_functions - INFO - [no-session] - Called search_web_manual function with prompt: Verify if this address is valid or not: 
```
1 School Drive, Gaithersburg, MaryLand 20878
```

Please respond ONLY with a valid JSON object in the following format:
{
    "valid": true/false,
    "confidence": 0-100,
    "normalized_address": "full normalized address if valid",
    "latitude": numeric value if valid (e.g., 38.9072),
    "longitude": numeric value if valid (e.g., -77.0369),
    "error": "reason if invalid or empty string if valid"
}

Ensure your response contains ONLY the JSON object with no additional text, explanation, or formatting.
{"message": "Called search_web_manual function with prompt: Verify if this address is valid or not: \n```\n1 School Drive, Gaithersburg, MaryLand 20878\n```\n\nPlease respond ONLY with a valid JSON object in the following format:\n{\n    \"valid\": true/false,\n    \"confidence\": 0-100,\n    \"normalized_address\": \"full normalized address if valid\",\n    \"latitude\": numeric value if valid (e.g., 38.9072),\n    \"longitude\": numeric value if valid (e.g., -77.0369),\n    \"error\": \"reason if invalid or empty string if valid\"\n}\n\nEnsure your response contains ONLY the JSON object with no additional text, explanation, or formatting.", "level": "INFO", "name": "ivr_bot.side_functions", "session_id": "no-session", "pid": 175000, "job_id": "AJ_3SakyFQ83ncG", "timestamp": "2025-10-13T14:46:36.559374+00:00"}
2025-10-13 19:46:39 - ivr_bot.helper_functions - INFO - [chat-e7501288-cf86-4af8-b5d3-6030618b52e9] - Called check_bounds function
{"message": "Valid Addresses Result from Web Search: {'valid': True, 'confidence': 100, 'normalized_address': '1 School Dr, Gaithersburg, MD 20878', 'latitude': 39.1192, 'longitude': -77.2154, 'error': ''}", "level": "DEBUG", "name": "ivr_bot.helper_functions", "pid": 175000, "job_id": "AJ_3SakyFQ83ncG", "timestamp": "2025-10-13T14:46:39.484673+00:00"}
2025-10-13 19:46:39 - ivr_bot.helper_functions - INFO - [no-session] - Called check_bounds function
{"message": "Called check_bounds function", "level": "INFO", "name": "ivr_bot.helper_functions", "session_id": "no-session", "pid": 175000, "job_id": "AJ_3SakyFQ83ncG", "timestamp": "2025-10-13T14:46:39.484899+00:00"}
{"message": "Payload Sent for Affiliate Information: {'iaffiliateid': 21}", "level": "DEBUG", "name": "ivr_bot.side_functions", "pid": 175000, "job_id": "AJ_3SakyFQ83ncG", "timestamp": "2025-10-13T14:46:39.485144+00:00"}
{"message": "Bounds: {'x1': '37.175108867393085', 'y1': '-80.56370227557687', 'x2': '40.03477876450898', 'y2': '-76.28661650301018'}", "level": "DEBUG", "name": "ivr_bot.helper_functions", "pid": 175000, "job_id": "AJ_3SakyFQ83ncG", "timestamp": "2025-10-13T14:46:40.581081+00:00"}
{"message": "Conversation item added from assistant: Let me verify that address is valid. Please wait a moment.. interrupted: False", "level": "DEBUG", "name": "ivr_bot.main", "pid": 175000, "job_id": "AJ_3SakyFQ83ncG", "timestamp": "2025-10-13T14:46:45.317645+00:00"}
{"message": "Conversation item added from assistant: Your address is verified! Where are you headed?. interrupted: False", "level": "DEBUG", "name": "ivr_bot.main", "pid": 175000, "job_id": "AJ_3SakyFQ83ncG", "timestamp": "2025-10-13T14:46:52.004502+00:00"}
2025-10-13 19:47:14 - ivr_bot.main - INFO - [chat-e7501288-cf86-4af8-b5d3-6030618b52e9] - User transcript received: 25 School Dr, Gaithersburg, MD 20878 
{"message": "Conversation item added from user: 25 School Dr, Gaithersburg, MD 20878 . interrupted: False", "level": "DEBUG", "name": "ivr_bot.main", "pid": 175000, "job_id": "AJ_3SakyFQ83ncG", "timestamp": "2025-10-13T14:47:14.463835+00:00"}
2025-10-13 19:47:14 - ivr_bot.main - INFO - [no-session] - User transcript received: 25 School Dr, Gaithersburg, MD 20878 
{"message": "User transcript received: 25 School Dr, Gaithersburg, MD 20878 ", "level": "INFO", "name": "ivr_bot.main", "session_id": "no-session", "pid": 175000, "job_id": "AJ_3SakyFQ83ncG", "timestamp": "2025-10-13T14:47:14.464129+00:00"}
{"message": "Conversation item added from assistant: I got 25 School Drive, Gaithersburg, MaryLand 20878. Is that correct?. interrupted: False", "level": "DEBUG", "name": "ivr_bot.main", "pid": 175000, "job_id": "AJ_3SakyFQ83ncG", "timestamp": "2025-10-13T14:47:24.535619+00:00"}
2025-10-13 19:47:43 - ivr_bot.main - INFO - [chat-e7501288-cf86-4af8-b5d3-6030618b52e9] - User transcript received: yes
{"message": "Conversation item added from user: yes. interrupted: False", "level": "DEBUG", "name": "ivr_bot.main", "pid": 175000, "job_id": "AJ_3SakyFQ83ncG", "timestamp": "2025-10-13T14:47:43.973810+00:00"}
2025-10-13 19:47:43 - ivr_bot.main - INFO - [no-session] - User transcript received: yes
{"message": "User transcript received: yes", "level": "INFO", "name": "ivr_bot.main", "session_id": "no-session", "pid": 175000, "job_id": "AJ_3SakyFQ83ncG", "timestamp": "2025-10-13T14:47:43.974024+00:00"}
{"message": "failed to generate LLM completion, retrying in 2.0s\nTraceback (most recent call last):\n  File \"/home/senarios/VoiceAgent5withFeNew/VoiceAgent3/IT_Curves_Bot/venv/lib/python3.10/site-packages/livekit/agents/llm/llm.py\", line 138, in _main_task\n    return await self._run()\n  File \"/home/senarios/VoiceAgent5withFeNew/VoiceAgent3/IT_Curves_Bot/venv/lib/python3.10/site-packages/livekit/plugins/openai/llm.py\", line 670, in _run\n    raise APITimeoutError(retryable=retryable) from None\nlivekit.agents._exceptions.APITimeoutError: Request timed out.", "level": "WARNING", "name": "livekit.agents", "llm": "livekit.plugins.openai.llm.LLM", "attempt": 1, "pid": 175000, "job_id": "AJ_3SakyFQ83ncG", "timestamp": "2025-10-13T14:47:49.090593+00:00"}
2025-10-13 19:47:54 - ivr_bot.helper_functions - INFO - [chat-e7501288-cf86-4af8-b5d3-6030618b52e9] - Called get_valid_address function with address: 25 School Drive, Gaithersburg, MaryLand 20878
2025-10-13 19:47:54 - ivr_bot.side_functions - INFO - [chat-e7501288-cf86-4af8-b5d3-6030618b52e9] - Called search_web_manual function with prompt: Verify if this address is valid or not: 
```
25 School Drive, Gaithersburg, MaryLand 20878
```

Please respond ONLY with a valid JSON object in the following format:
{
    "valid": true/false,
    "confidence": 0-100,
    "normalized_address": "full normalized address if valid",
    "latitude": numeric value if valid (e.g., 38.9072),
    "longitude": numeric value if valid (e.g., -77.0369),
    "error": "reason if invalid or empty string if valid"
}

Ensure your response contains ONLY the JSON object with no additional text, explanation, or formatting.
2025-10-13 19:47:54 - ivr_bot.helper_functions - INFO - [no-session] - Called get_valid_address function with address: 25 School Drive, Gaithersburg, MaryLand 20878
{"message": "Called get_valid_address function with address: 25 School Drive, Gaithersburg, MaryLand 20878", "level": "INFO", "name": "ivr_bot.helper_functions", "session_id": "no-session", "pid": 175000, "job_id": "AJ_3SakyFQ83ncG", "timestamp": "2025-10-13T14:47:54.155592+00:00"}
2025-10-13 19:47:54 - ivr_bot.side_functions - INFO - [no-session] - Called search_web_manual function with prompt: Verify if this address is valid or not: 
```
25 School Drive, Gaithersburg, MaryLand 20878
```

Please respond ONLY with a valid JSON object in the following format:
{
    "valid": true/false,
    "confidence": 0-100,
    "normalized_address": "full normalized address if valid",
    "latitude": numeric value if valid (e.g., 38.9072),
    "longitude": numeric value if valid (e.g., -77.0369),
    "error": "reason if invalid or empty string if valid"
}

Ensure your response contains ONLY the JSON object with no additional text, explanation, or formatting.
{"message": "Called search_web_manual function with prompt: Verify if this address is valid or not: \n```\n25 School Drive, Gaithersburg, MaryLand 20878\n```\n\nPlease respond ONLY with a valid JSON object in the following format:\n{\n    \"valid\": true/false,\n    \"confidence\": 0-100,\n    \"normalized_address\": \"full normalized address if valid\",\n    \"latitude\": numeric value if valid (e.g., 38.9072),\n    \"longitude\": numeric value if valid (e.g., -77.0369),\n    \"error\": \"reason if invalid or empty string if valid\"\n}\n\nEnsure your response contains ONLY the JSON object with no additional text, explanation, or formatting.", "level": "INFO", "name": "ivr_bot.side_functions", "session_id": "no-session", "pid": 175000, "job_id": "AJ_3SakyFQ83ncG", "timestamp": "2025-10-13T14:47:54.155786+00:00"}
{"message": "Conversation item added from assistant: Let me verify that address is valid. Please wait a moment.. interrupted: False", "level": "DEBUG", "name": "ivr_bot.main", "pid": 175000, "job_id": "AJ_3SakyFQ83ncG", "timestamp": "2025-10-13T14:47:57.068672+00:00"}
2025-10-13 19:47:57 - ivr_bot.helper_functions - INFO - [chat-e7501288-cf86-4af8-b5d3-6030618b52e9] - Called check_bounds function
{"message": "Valid Addresses Result from Web Search: {'valid': True, 'confidence': 100, 'normalized_address': '25 School Drive, Gaithersburg, MD 20878', 'latitude': 39.1225, 'longitude': -77.2225, 'error': ''}", "level": "DEBUG", "name": "ivr_bot.helper_functions", "pid": 175000, "job_id": "AJ_3SakyFQ83ncG", "timestamp": "2025-10-13T14:47:57.932370+00:00"}
2025-10-13 19:47:57 - ivr_bot.helper_functions - INFO - [no-session] - Called check_bounds function
{"message": "Called check_bounds function", "level": "INFO", "name": "ivr_bot.helper_functions", "session_id": "no-session", "pid": 175000, "job_id": "AJ_3SakyFQ83ncG", "timestamp": "2025-10-13T14:47:57.932506+00:00"}
{"message": "Payload Sent for Affiliate Information: {'iaffiliateid': 21}", "level": "DEBUG", "name": "ivr_bot.side_functions", "pid": 175000, "job_id": "AJ_3SakyFQ83ncG", "timestamp": "2025-10-13T14:47:57.932683+00:00"}
{"message": "Bounds: {'x1': '37.175108867393085', 'y1': '-80.56370227557687', 'x2': '40.03477876450898', 'y2': '-76.28661650301018'}", "level": "DEBUG", "name": "ivr_bot.helper_functions", "pid": 175000, "job_id": "AJ_3SakyFQ83ncG", "timestamp": "2025-10-13T14:47:59.453310+00:00"}
{"message": "Conversation item added from assistant: Your address is verified! When would you like your ride to be scheduled?. interrupted: False", "level": "DEBUG", "name": "ivr_bot.main", "pid": 175000, "job_id": "AJ_3SakyFQ83ncG", "timestamp": "2025-10-13T14:48:07.563878+00:00"}
2025-10-13 19:48:21 - ivr_bot.main - INFO - [chat-e7501288-cf86-4af8-b5d3-6030618b52e9] - User transcript received: at 8:00 pm today
{"message": "Conversation item added from user: at 8:00 pm today. interrupted: False", "level": "DEBUG", "name": "ivr_bot.main", "pid": 175000, "job_id": "AJ_3SakyFQ83ncG", "timestamp": "2025-10-13T14:48:21.752537+00:00"}
2025-10-13 19:48:21 - ivr_bot.main - INFO - [no-session] - User transcript received: at 8:00 pm today
{"message": "User transcript received: at 8:00 pm today", "level": "INFO", "name": "ivr_bot.main", "session_id": "no-session", "pid": 175000, "job_id": "AJ_3SakyFQ83ncG", "timestamp": "2025-10-13T14:48:21.752860+00:00"}
2025-10-13 19:48:24 - ivr_bot.helper_functions - INFO - [chat-e7501288-cf86-4af8-b5d3-6030618b52e9] - get_current_date_and_time function called...
2025-10-13 19:48:24 - ivr_bot.helper_functions - INFO - [no-session] - get_current_date_and_time function called...
{"message": "get_current_date_and_time function called...", "level": "INFO", "name": "ivr_bot.helper_functions", "session_id": "no-session", "pid": 175000, "job_id": "AJ_3SakyFQ83ncG", "timestamp": "2025-10-13T14:48:24.691366+00:00"}
{"message": "Conversation item added from assistant: I'll check the time for your ride at 8:00 pm today.. interrupted: False", "level": "DEBUG", "name": "ivr_bot.main", "pid": 175000, "job_id": "AJ_3SakyFQ83ncG", "timestamp": "2025-10-13T14:48:28.008996+00:00"}
{"message": "Conversation item added from assistant: Your requested time is 8:00 pm today, which is in the future. How would you like to pay?. interrupted: False", "level": "DEBUG", "name": "ivr_bot.main", "pid": 175000, "job_id": "AJ_3SakyFQ83ncG", "timestamp": "2025-10-13T14:48:36.001967+00:00"}
2025-10-13 19:48:38 - ivr_bot.main - INFO - [chat-e7501288-cf86-4af8-b5d3-6030618b52e9] - User transcript received: cash
{"message": "Conversation item added from user: cash. interrupted: False", "level": "DEBUG", "name": "ivr_bot.main", "pid": 175000, "job_id": "AJ_3SakyFQ83ncG", "timestamp": "2025-10-13T14:48:38.814957+00:00"}
2025-10-13 19:48:38 - ivr_bot.main - INFO - [no-session] - User transcript received: cash
{"message": "User transcript received: cash", "level": "INFO", "name": "ivr_bot.main", "session_id": "no-session", "pid": 175000, "job_id": "AJ_3SakyFQ83ncG", "timestamp": "2025-10-13T14:48:38.815149+00:00"}
2025-10-13 19:48:51 - ivr_bot.main - INFO - [chat-e7501288-cf86-4af8-b5d3-6030618b52e9] - User transcript received: yes
{"message": "Conversation item added from user: yes. interrupted: False", "level": "DEBUG", "name": "ivr_bot.main", "pid": 175000, "job_id": "AJ_3SakyFQ83ncG", "timestamp": "2025-10-13T14:48:51.542997+00:00"}
2025-10-13 19:48:51 - ivr_bot.main - INFO - [no-session] - User transcript received: yes
{"message": "User transcript received: yes", "level": "INFO", "name": "ivr_bot.main", "session_id": "no-session", "pid": 175000, "job_id": "AJ_3SakyFQ83ncG", "timestamp": "2025-10-13T14:48:51.543180+00:00"}
{"message": "Conversation item added from assistant: I got cash. Do I have that right?. interrupted: True", "level": "DEBUG", "name": "ivr_bot.main", "pid": 175000, "job_id": "AJ_3SakyFQ83ncG", "timestamp": "2025-10-13T14:48:51.651965+00:00"}
{"message": "Error in _play_task\nTraceback (most recent call last):\n  File \"/home/senarios/VoiceAgent5withFeNew/VoiceAgent3/IT_Curves_Bot/venv/lib/python3.10/site-packages/livekit/agents/utils/log.py\", line 16, in async_fn_logs\n    return await fn(*args, **kwargs)\n  File \"/home/senarios/VoiceAgent5withFeNew/VoiceAgent3/IT_Curves_Bot/venv/lib/python3.10/site-packages/livekit/agents/voice/background_audio.py\", line 360, in _play_task\n    await gen.aclose()\nRuntimeError: aclose(): asynchronous generator is already running", "level": "ERROR", "name": "livekit.agents", "pid": 175000, "job_id": "AJ_3SakyFQ83ncG", "timestamp": "2025-10-13T14:48:51.652548+00:00"}
{"message": "Task exception was never retrieved\nfuture: <Task finished name='Task-17583' coro=<BackgroundAudioPlayer._play_task() done, defined at /home/senarios/VoiceAgent5withFeNew/VoiceAgent3/IT_Curves_Bot/venv/lib/python3.10/site-packages/livekit/agents/utils/log.py:13> exception=RuntimeError('aclose(): asynchronous generator is already running')>\nTraceback (most recent call last):\n  File \"/home/senarios/VoiceAgent5withFeNew/VoiceAgent3/IT_Curves_Bot/venv/lib/python3.10/site-packages/livekit/agents/utils/log.py\", line 16, in async_fn_logs\n    return await fn(*args, **kwargs)\n  File \"/home/senarios/VoiceAgent5withFeNew/VoiceAgent3/IT_Curves_Bot/venv/lib/python3.10/site-packages/livekit/agents/voice/background_audio.py\", line 360, in _play_task\n    await gen.aclose()\nRuntimeError: aclose(): asynchronous generator is already running", "level": "ERROR", "name": "asyncio", "pid": 175000, "job_id": "AJ_3SakyFQ83ncG", "timestamp": "2025-10-13T14:48:51.653118+00:00"}
2025-10-13 19:49:23 - ivr_bot.main - INFO - [chat-e7501288-cf86-4af8-b5d3-6030618b52e9] - User transcript received: yes i will pay via cash
{"message": "Conversation item added from user: yes i will pay via cash. interrupted: False", "level": "DEBUG", "name": "ivr_bot.main", "pid": 175000, "job_id": "AJ_3SakyFQ83ncG", "timestamp": "2025-10-13T14:49:23.751560+00:00"}
2025-10-13 19:49:23 - ivr_bot.main - INFO - [no-session] - User transcript received: yes i will pay via cash
{"message": "User transcript received: yes i will pay via cash", "level": "INFO", "name": "ivr_bot.main", "session_id": "no-session", "pid": 175000, "job_id": "AJ_3SakyFQ83ncG", "timestamp": "2025-10-13T14:49:23.751737+00:00"}
{"message": "Conversation item added from assistant: I got cash. Do I have that right?. interrupted: True", "level": "DEBUG", "name": "ivr_bot.main", "pid": 175000, "job_id": "AJ_3SakyFQ83ncG", "timestamp": "2025-10-13T14:49:23.877342+00:00"}
{"message": "Error in _play_task\nTraceback (most recent call last):\n  File \"/home/senarios/VoiceAgent5withFeNew/VoiceAgent3/IT_Curves_Bot/venv/lib/python3.10/site-packages/livekit/agents/utils/log.py\", line 16, in async_fn_logs\n    return await fn(*args, **kwargs)\n  File \"/home/senarios/VoiceAgent5withFeNew/VoiceAgent3/IT_Curves_Bot/venv/lib/python3.10/site-packages/livekit/agents/voice/background_audio.py\", line 360, in _play_task\n    await gen.aclose()\nRuntimeError: aclose(): asynchronous generator is already running", "level": "ERROR", "name": "livekit.agents", "pid": 175000, "job_id": "AJ_3SakyFQ83ncG", "timestamp": "2025-10-13T14:49:23.878242+00:00"}
{"message": "Task exception was never retrieved\nfuture: <Task finished name='Task-17654' coro=<BackgroundAudioPlayer._play_task() done, defined at /home/senarios/VoiceAgent5withFeNew/VoiceAgent3/IT_Curves_Bot/venv/lib/python3.10/site-packages/livekit/agents/utils/log.py:13> exception=RuntimeError('aclose(): asynchronous generator is already running')>\nTraceback (most recent call last):\n  File \"/home/senarios/VoiceAgent5withFeNew/VoiceAgent3/IT_Curves_Bot/venv/lib/python3.10/site-packages/livekit/agents/utils/log.py\", line 16, in async_fn_logs\n    return await fn(*args, **kwargs)\n  File \"/home/senarios/VoiceAgent5withFeNew/VoiceAgent3/IT_Curves_Bot/venv/lib/python3.10/site-packages/livekit/agents/voice/background_audio.py\", line 360, in _play_task\n    await gen.aclose()\nRuntimeError: aclose(): asynchronous generator is already running", "level": "ERROR", "name": "asyncio", "pid": 175000, "job_id": "AJ_3SakyFQ83ncG", "timestamp": "2025-10-13T14:49:23.879002+00:00"}
2025-10-13 19:49:28 - ivr_bot.helper_functions - INFO - [chat-e7501288-cf86-4af8-b5d3-6030618b52e9] - Called get_IDs function
2025-10-13 19:49:28 - ivr_bot.helper_functions - INFO - [no-session] - Called get_IDs function
{"message": "Called get_IDs function", "level": "INFO", "name": "ivr_bot.helper_functions", "session_id": "no-session", "pid": 175000, "job_id": "AJ_3SakyFQ83ncG", "timestamp": "2025-10-13T14:49:28.527407+00:00"}
{"message": "Confirmed Account Name: self", "level": "DEBUG", "name": "ivr_bot.helper_functions", "pid": 175000, "job_id": "AJ_3SakyFQ83ncG", "timestamp": "2025-10-13T14:49:28.527725+00:00"}
{"message": "Payload Sent for Affiliate Information: {'iaffiliateid': 21}", "level": "DEBUG", "name": "ivr_bot.side_functions", "pid": 175000, "job_id": "AJ_3SakyFQ83ncG", "timestamp": "2025-10-13T14:49:28.527846+00:00"}
{"message": "Prompt sent for matching funding sources: \n            You are given a list of dictionaries enclosed in triple backticks: ```[{'FID': 1, 'FundingSource': 'Self', 'ProgramID': -1}, {'FID': 5, 'FundingSource': '1538 - ASBURY METHODIST VILLAGE', 'ProgramID': -1}, {'FID': 6, 'FundingSource': '1625 - PAINT BRANCH HIGH SCHOOL', 'ProgramID': -1}, {'FID': 19, 'FundingSource': \"3198 - CHILDREN'S INN AT NIH\", 'ProgramID': -1}, {'FID': 22, 'FundingSource': '3304 - CLASSIC RESIDENCE', 'ProgramID': -1}, {'FID': 24, 'FundingSource': '3360 - CONGREGATION BETH EL', 'ProgramID': -1}, {'FID': 25, 'FundingSource': '3361 - COLUMBIA LIGHTHOUSE ', 'ProgramID': -1}, {'FID': 26, 'FundingSource': '3511 - COUNCIL OF GOVERNMENTS', 'ProgramID': -1}, {'FID': 31, 'FundingSource': '4218 - DISTRICT COURT MD', 'ProgramID': -1}, {'FID': 33, 'FundingSource': '4258 - DORS GERMANTOWN', 'ProgramID': -1}, {'FID': 34, 'FundingSource': '4259 - DORS CUMBERLAND', 'ProgramID': -1}, {'FID': 36, 'FundingSource': '4390 - DHHU', 'ProgramID': -1}, {'FID': 38, 'FundingSource': '6083 - FSI MENTAL HEALTH CLINIC', 'ProgramID': -1}, {'FID': 44, 'FundingSource': '6476 - Frederick Co. Dept.Social Serv', 'ProgramID': -1}, {'FID': 45, 'FundingSource': '6480 - Kranke', 'ProgramID': -1}, {'FID': 47, 'FundingSource': '7057 - GALLAGHER ', 'ProgramID': -1}, {'FID': 52, 'FundingSource': '7308 - GLADSTONE ADVISERS, INC.', 'ProgramID': -1}, {'FID': 54, 'FundingSource': '7938 - DORS/WHEATON', 'ProgramID': -1}, {'FID': 56, 'FundingSource': '8141 - COVANCE MARKET ACCESS SERVICES', 'ProgramID': -1}, {'FID': 57, 'FundingSource': '8158 - HENRY M JACKSON FOUNDATION', 'ProgramID': -1}, {'FID': 60, 'FundingSource': '8370 - HOLY CROSS HEALTH CENTER', 'ProgramID': -1}, {'FID': 61, 'FundingSource': '8385 - HOWARD HUGHES MED', 'ProgramID': -1}, {'FID': 62, 'FundingSource': '8429 - HOLY CROSS HOSP HLTH CNT', 'ProgramID': -1}, {'FID': 68, 'FundingSource': '10043 - JHHC/PRIORITY PARTNERS', 'ProgramID': -1}, {'FID': 69, 'FundingSource': '10132 - JFGH', 'ProgramID': -1}, {'FID': 344, 'FundingSource': 'APP', 'ProgramID': -1}, {'FID': 345, 'FundingSource': 'APS RIS', 'ProgramID': -1}, {'FID': 346, 'FundingSource': 'ARH', 'ProgramID': -1}, {'FID': 355, 'FundingSource': 'CRISIS', 'ProgramID': -1}, {'FID': 356, 'FundingSource': 'CSN', 'ProgramID': -1}, {'FID': 357, 'FundingSource': 'CSS', 'ProgramID': -1}, {'FID': 358, 'FundingSource': 'CY MARRIOTT', 'ProgramID': -1}, {'FID': 419, 'FundingSource': '72286 - Knaff', 'ProgramID': -1}, {'FID': 420, 'FundingSource': 'ROC', 'ProgramID': -1}, {'FID': 421, 'FundingSource': '72304 - Imagine Hope', 'ProgramID': -1}, {'FID': 85, 'FundingSource': '13224 - MMG NIAID', 'ProgramID': -1}, {'FID': 86, 'FundingSource': '13278 - Kensington Park Senior Living', 'ProgramID': -1}, {'FID': 88, 'FundingSource': '13310 - MedStar Family Choice BU#70771', 'ProgramID': -1}, {'FID': 91, 'FundingSource': '13407 - MCPS Dr. Bell', 'ProgramID': -1}, {'FID': 92, 'FundingSource': '13411 - MOCO COALITION/HOMELESS', 'ProgramID': -1}, {'FID': 96, 'FundingSource': '13433 - MCPS ASSESSMENT SVC UNIT', 'ProgramID': -1}, {'FID': 99, 'FundingSource': '13732 - MORRISON ', 'ProgramID': -1}, {'FID': 101, 'FundingSource': 'MEDICAID', 'ProgramID': -1}, {'FID': 111, 'FundingSource': '15045 - OBVS/DORS WHEATON', 'ProgramID': -1}, {'FID': 113, 'FundingSource': '16131 - PERKINS COIE LLP', 'ProgramID': -1}, {'FID': 118, 'FundingSource': '18270 - RICA STATE MD', 'ProgramID': -1}, {'FID': 127, 'FundingSource': '19280 - FJC', 'ProgramID': -1}, {'FID': 134, 'FundingSource': '19519 - STEPPING STONES', 'ProgramID': -1}, {'FID': 141, 'FundingSource': '20480 - TREE HOUSE', 'ProgramID': -1}, {'FID': 143, 'FundingSource': 'CALLM', 'ProgramID': -1}, {'FID': 145, 'FundingSource': '23130 - WESTAT', 'ProgramID': -1}, {'FID': 147, 'FundingSource': '23215 - WILMER EYE INSTITUTE', 'ProgramID': -1}, {'FID': 154, 'FundingSource': 'NIH', 'ProgramID': -1}, {'FID': 164, 'FundingSource': '71707 - Sunrise of Silver Spring', 'ProgramID': -1}, {'FID': 165, 'FundingSource': '71714 - FOX HILL', 'ProgramID': -1}, {'FID': 186, 'FundingSource': '72124 - C. Wm. Neuhauser', 'ProgramID': -1}, {'FID': 196, 'FundingSource': '72189 - People Encouraging People', 'ProgramID': -1}, {'FID': 199, 'FundingSource': '72207 - Abe M. Schuchman, Esq., CEO', 'ProgramID': -1}, {'FID': 200, 'FundingSource': '72208 - BENJAMIN & SUSAN AIKEN', 'ProgramID': -1}, {'FID': 214, 'FundingSource': '72233 - GENERAL DYNAMICS IT', 'ProgramID': -1}, {'FID': 215, 'FundingSource': '72234 - CAROL BERGIN', 'ProgramID': -1}, {'FID': 216, 'FundingSource': '72235 - BARBARA V. WEST', 'ProgramID': -1}, {'FID': 224, 'FundingSource': '79999 - BILL SAPP', 'ProgramID': -1}, {'FID': 227, 'FundingSource': '81064 - MEDSTAR HEALTH', 'ProgramID': -1}, {'FID': 244, 'FundingSource': '13298 - MACROGENICS, INC.', 'ProgramID': -1}, {'FID': 246, 'FundingSource': '4370 - DORS Devi Tiwari', 'ProgramID': -1}, {'FID': 248, 'FundingSource': '72243 - Amy Rogus', 'ProgramID': -1}, {'FID': 259, 'FundingSource': '71695 - TODD IRWIN', 'ProgramID': -1}, {'FID': 262, 'FundingSource': '77777 - BW', 'ProgramID': -1}, {'FID': 266, 'FundingSource': '4330 - DORS', 'ProgramID': -1}, {'FID': 267, 'FundingSource': '4340 - DORS', 'ProgramID': -1}, {'FID': 269, 'FundingSource': 'WMATA', 'ProgramID': -1}, {'FID': 270, 'FundingSource': 'WMATAPromo', 'ProgramID': -1}, {'FID': 271, 'FundingSource': '3230 - Rockville Call n Ride', 'ProgramID': -1}, {'FID': 273, 'FundingSource': 'SMART', 'ProgramID': -1}, {'FID': 280, 'FundingSource': '3575 - CW YOUNG', 'ProgramID': -1}, {'FID': 281, 'FundingSource': '72251 - People Encouraging People', 'ProgramID': -1}, {'FID': 287, 'FundingSource': '13189 - MontCare Potomac', 'ProgramID': -1}, {'FID': 313, 'FundingSource': '8475 -  HOC', 'ProgramID': -1}, {'FID': 314, 'FundingSource': '4310 - DORS', 'ProgramID': -1}, {'FID': 317, 'FundingSource': '4320 - DORS', 'ProgramID': -1}, {'FID': 319, 'FundingSource': '72290 - PEP3', 'ProgramID': -1}, {'FID': 323, 'FundingSource': 'CHI Promo', 'ProgramID': -1}, {'FID': 324, 'FundingSource': 'CHI', 'ProgramID': -1}, {'FID': 325, 'FundingSource': 'CHIW', 'ProgramID': -1}, {'FID': 327, 'FundingSource': '4252 - DORS VTS', 'ProgramID': -1}, {'FID': 329, 'FundingSource': '72280 - Price', 'ProgramID': -1}, {'FID': 331, 'FundingSource': '72298 - Carter', 'ProgramID': -1}, {'FID': 333, 'FundingSource': '72296 - Murphy', 'ProgramID': -1}, {'FID': 340, 'FundingSource': '72325 - RAINBOW', 'ProgramID': -1}, {'FID': 343, 'FundingSource': 'AFC', 'ProgramID': -1}, {'FID': 347, 'FundingSource': 'BBH', 'ProgramID': -1}, {'FID': 348, 'FundingSource': 'Bender', 'ProgramID': -1}, {'FID': 349, 'FundingSource': 'BOLGER', 'ProgramID': -1}, {'FID': 351, 'FundingSource': 'CDE', 'ProgramID': -1}, {'FID': 352, 'FundingSource': 'CMMC', 'ProgramID': -1}, {'FID': 353, 'FundingSource': 'CMRI', 'ProgramID': -1}, {'FID': 354, 'FundingSource': 'CPU', 'ProgramID': -1}, {'FID': 359, 'FundingSource': 'DVR', 'ProgramID': -1}, {'FID': 360, 'FundingSource': 'DVRGERM', 'ProgramID': -1}, {'FID': 362, 'FundingSource': 'ERSERV', 'ProgramID': -1}, {'FID': 366, 'FundingSource': 'HELP', 'ProgramID': -1}, {'FID': 367, 'FundingSource': 'HHS A AND D', 'ProgramID': -1}, {'FID': 368, 'FundingSource': 'HHSIT', 'ProgramID': -1}, {'FID': 369, 'FundingSource': 'HHSW', 'ProgramID': -1}, {'FID': 370, 'FundingSource': 'HJF', 'ProgramID': -1}, {'FID': 371, 'FundingSource': 'HUGHES', 'ProgramID': -1}, {'FID': 373, 'FundingSource': 'JCA', 'ProgramID': -1}, {'FID': 374, 'FundingSource': 'JCC', 'ProgramID': -1}, {'FID': 375, 'FundingSource': 'JSSA', 'ProgramID': -1}, {'FID': 376, 'FundingSource': 'CLUSTERPROJ', 'ProgramID': -1}, {'FID': 377, 'FundingSource': 'L2L', 'ProgramID': -1}, {'FID': 378, 'FundingSource': 'LIFE', 'ProgramID': -1}, {'FID': 379, 'FundingSource': 'LMH', 'ProgramID': -1}, {'FID': 380, 'FundingSource': 'MANORB', 'ProgramID': -1}, {'FID': 382, 'FundingSource': 'MarriottGWC', 'ProgramID': -1}, {'FID': 383, 'FundingSource': 'MaxCohen', 'ProgramID': -1}, {'FID': 384, 'FundingSource': 'MCCC', 'ProgramID': -1}, {'FID': 385, 'FundingSource': 'MCFF', 'ProgramID': -1}, {'FID': 386, 'FundingSource': 'MCPS', 'ProgramID': -1}, {'FID': 387, 'FundingSource': 'MCPS-BOE', 'ProgramID': -1}, {'FID': 389, 'FundingSource': 'MDC', 'ProgramID': -1}, {'FID': 390, 'FundingSource': 'MDDS', 'ProgramID': -1}, {'FID': 393, 'FundingSource': 'MSGP', 'ProgramID': -1}, {'FID': 394, 'FundingSource': 'NCCF', 'ProgramID': -1}, {'FID': 396, 'FundingSource': 'ONC-SUB', 'ProgramID': -1}, {'FID': 398, 'FundingSource': 'RCM', 'ProgramID': -1}, {'FID': 400, 'FundingSource': 'SASCA', 'ProgramID': -1}, {'FID': 401, 'FundingSource': 'SCMC', 'ProgramID': -1}, {'FID': 403, 'FundingSource': 'SGAH', 'ProgramID': -1}, {'FID': 404, 'FundingSource': 'SGAR', 'ProgramID': -1}, {'FID': 405, 'FundingSource': 'SHS MARRIOTT', 'ProgramID': -1}, {'FID': 408, 'FundingSource': 'SUB', 'ProgramID': -1}, {'FID': 409, 'FundingSource': 'TEAMIV DHHS', 'ProgramID': -1}, {'FID': 410, 'FundingSource': 'THERED', 'ProgramID': -1}, {'FID': 411, 'FundingSource': 'VASAP', 'ProgramID': -1}, {'FID': 416, 'FundingSource': 'Safety Net Program HHSTV', 'ProgramID': -1}, {'FID': 417, 'FundingSource': 'Bethesda Cares Inc', 'ProgramID': -1}, {'FID': 423, 'FundingSource': '72330 - Offen', 'ProgramID': -1}, {'FID': 424, 'FundingSource': 'BROKER', 'ProgramID': -1}, {'FID': 430, 'FundingSource': '19267 - Shulman', 'ProgramID': -1}, {'FID': 431, 'FundingSource': 'WUMCO', 'ProgramID': -1}, {'FID': 432, 'FundingSource': '72338 - Springbrook HS', 'ProgramID': -1}, {'FID': 433, 'FundingSource': '14300 - NCCCC', 'ProgramID': -1}, {'FID': 434, 'FundingSource': '4410 - DORS Hagerstown', 'ProgramID': -1}, {'FID': 435, 'FundingSource': '72341 - Solera', 'ProgramID': -1}, {'FID': 436, 'FundingSource': 'RTH-CHIW', 'ProgramID': -1}, {'FID': 437, 'FundingSource': 'RTH-WMATA', 'ProgramID': -1}, {'FID': 438, 'FundingSource': '72318 - Lawrence', 'ProgramID': -1}, {'FID': 519, 'FundingSource': 'REGENCY', 'ProgramID': -1}, {'FID': 544, 'FundingSource': 'TestFS', 'ProgramID': -1}, {'FID': 549, 'FundingSource': 'CHI-SHOP', 'ProgramID': -1}, {'FID': 550, 'FundingSource': 'Barwood', 'ProgramID': -1}, {'FID': 552, 'FundingSource': 'Delivery', 'ProgramID': -1}, {'FID': 555, 'FundingSource': '72345 - Ittner', 'ProgramID': -1}, {'FID': 557, 'FundingSource': '666', 'ProgramID': -1}, {'FID': 559, 'FundingSource': '16439 - PCC 1', 'ProgramID': -1}, {'FID': 563, 'FundingSource': '72333 - Maplewood', 'ProgramID': -1}, {'FID': 565, 'FundingSource': 'ECOZ', 'ProgramID': -1}, {'FID': 566, 'FundingSource': 'FCTC', 'ProgramID': -1}, {'FID': 567, 'FundingSource': '72348 - Grunder', 'ProgramID': -1}, {'FID': 568, 'FundingSource': '4380 - DORS Alison', 'ProgramID': -1}, {'FID': 569, 'FundingSource': 'BOOST', 'ProgramID': -1}, {'FID': 571, 'FundingSource': 'NEWC', 'ProgramID': -1}, {'FID': 572, 'FundingSource': 'CABH', 'ProgramID': -1}, {'FID': 573, 'FundingSource': '72352 - Cook', 'ProgramID': -1}, {'FID': 574, 'FundingSource': 'HHSELC', 'ProgramID': -1}, {'FID': 576, 'FundingSource': '72355 - Sterling', 'ProgramID': -1}, {'FID': 577, 'FundingSource': '4425 -DORS Westminster', 'ProgramID': -1}, {'FID': 578, 'FundingSource': '4395 - DORS Toi Glover', 'ProgramID': -1}, {'FID': 579, 'FundingSource': '4265 - DORS Alisson Lopez', 'ProgramID': -1}, {'FID': 580, 'FundingSource': '72363 - GHC', 'ProgramID': -1}, {'FID': 581, 'FundingSource': '72374 - Wolf', 'ProgramID': -1}, {'FID': 582, 'FundingSource': 'ABH', 'ProgramID': -1}, {'FID': 583, 'FundingSource': '23076 - WRS', 'ProgramID': -1}, {'FID': 584, 'FundingSource': '72378 - MCFOF', 'ProgramID': -1}, {'FID': 586, 'FundingSource': '72382 - Kleit', 'ProgramID': -1}, {'FID': 587, 'FundingSource': '72386 - States Atty', 'ProgramID': -1}, {'FID': 588, 'FundingSource': '72391 - RegencyCare', 'ProgramID': -1}, {'FID': 589, 'FundingSource': '72396 - SIDEM', 'ProgramID': -1}, {'FID': 590, 'FundingSource': 'CDP', 'ProgramID': -1}, {'FID': 591, 'FundingSource': 'HHSPP', 'ProgramID': -1}, {'FID': 598, 'FundingSource': 'TGI', 'ProgramID': -1}, {'FID': 599, 'FundingSource': 'HHSTC', 'ProgramID': -1}, {'FID': 600, 'FundingSource': '16500 - PCC BHP', 'ProgramID': -1}, {'FID': 601, 'FundingSource': '16600 - PCC PA', 'ProgramID': -1}, {'FID': 602, 'FundingSource': '6215 - Fox Chase', 'ProgramID': -1}, {'FID': 603, 'FundingSource': '72412 - Independence Now', 'ProgramID': -1}, {'FID': 604, 'FundingSource': '4275 - DORS Baltimore', 'ProgramID': -1}, {'FID': 605, 'FundingSource': '4440 - DORS Frederick', 'ProgramID': -1}, {'FID': 58, 'FundingSource': '8350 - Holy Cross Hospital Germantown', 'ProgramID': -1}, {'FID': 59, 'FundingSource': '8360 - HOLY CROSS HEALTH CENTER', 'ProgramID': -1}, {'FID': 97, 'FundingSource': '13435 - MOCO HHS CHILD WELFARE', 'ProgramID': -1}, {'FID': 137, 'FundingSource': '19637 - HOLY CROSS HOSPITAL', 'ProgramID': -1}, {'FID': 592, 'FundingSource': '72401 - Shrader', 'ProgramID': -1}, {'FID': 593, 'FundingSource': '4430 - DORS WHEATON', 'ProgramID': -1}, {'FID': 594, 'FundingSource': '4551 - DORS Angelina Jordan', 'ProgramID': -1}, {'FID': 595, 'FundingSource': '12301 - Little Bennet ES', 'ProgramID': -1}, {'FID': 596, 'FundingSource': '72405 - Edson', 'ProgramID': -1}, {'FID': 597, 'FundingSource': '4260 - DORS Andrew Park', 'ProgramID': -1}]```\n\n            Your task is to find the dictionary whose 'FundingSource' value closely matches the account enclosed in double quotes: ``self``. \n\n            Return the matching dictionary in JSON format with the following fields:\n\n            {\n                \"FundingSource\": \"Source Name\",\n                \"FID\": FID Value,\n                \"ProgramID\": ProgramID Value\n            }\n\n            Instructions:\n            1. If a match is found, return the corresponding dictionary in the specified JSON format.\n            2. If no match is found, return the following JSON:\n                \n            {\n                \"FundingSource\": \"None\",\n                \"FID\": 1,\n                \"ProgramID\": -1\n            }\n\n            # Instructions\n            ## Make sure the response contains only the JSON output, with nothing else.\n            ## Take care of spelling mistakes by STT as well. For example 'Vomata' refers to 'WMATA'.\n            ## Do not add backticks or 'json'. I am parsing the response with json.loads(). Make it compatible.\n            ", "level": "DEBUG", "name": "ivr_bot.helper_functions", "pid": 175000, "job_id": "AJ_3SakyFQ83ncG", "timestamp": "2025-10-13T14:49:29.981271+00:00"}
{"message": "Matching Response: {\n    \"FundingSource\": \"Self\",\n    \"FID\": 1,\n    \"ProgramID\": -1\n}", "level": "DEBUG", "name": "ivr_bot.helper_functions", "pid": 175000, "job_id": "AJ_3SakyFQ83ncG", "timestamp": "2025-10-13T14:49:31.564192+00:00"}
{"message": "Payload Sent for Affiliate Information: {'iaffiliateid': 21}", "level": "DEBUG", "name": "ivr_bot.side_functions", "pid": 175000, "job_id": "AJ_3SakyFQ83ncG", "timestamp": "2025-10-13T14:49:31.564411+00:00"}
{"message": "Got Program Id: -1", "level": "DEBUG", "name": "ivr_bot.helper_functions", "pid": 175000, "job_id": "AJ_3SakyFQ83ncG", "timestamp": "2025-10-13T14:49:32.929980+00:00"}
{"message": "Got Funding Source Id: 1", "level": "DEBUG", "name": "ivr_bot.helper_functions", "pid": 175000, "job_id": "AJ_3SakyFQ83ncG", "timestamp": "2025-10-13T14:49:32.930149+00:00"}
{"message": "Funding Source List: ['1', '561', '278', '324', '357']", "level": "DEBUG", "name": "ivr_bot.helper_functions", "pid": 175000, "job_id": "AJ_3SakyFQ83ncG", "timestamp": "2025-10-13T14:49:32.930234+00:00"}
{"message": "Selected Account Name: Self", "level": "DEBUG", "name": "ivr_bot.helper_functions", "pid": 175000, "job_id": "AJ_3SakyFQ83ncG", "timestamp": "2025-10-13T14:49:32.930302+00:00"}
{"message": "Got Copay Status: False", "level": "DEBUG", "name": "ivr_bot.helper_functions", "pid": 175000, "job_id": "AJ_3SakyFQ83ncG", "timestamp": "2025-10-13T14:49:32.930368+00:00"}
{"message": "Payload Sent for Payment Type Selection: {'iaffiliateid': '21'}", "level": "DEBUG", "name": "ivr_bot.helper_functions", "pid": 175000, "job_id": "AJ_3SakyFQ83ncG", "timestamp": "2025-10-13T14:49:32.930442+00:00"}
{"message": "Conversation item added from assistant: Let me get necessary details regarding your payment method! Please wait a moment.. interrupted: False", "level": "DEBUG", "name": "ivr_bot.main", "pid": 175000, "job_id": "AJ_3SakyFQ83ncG", "timestamp": "2025-10-13T14:49:34.073028+00:00"}
{"message": "Prompt sent for matching funding sources: \n                                    You are given a list of dictionaries enclosed in triple backticks: ```[{'PaymentType ID': 1, 'PaymentType Name': 'Cash', 'Affiliate ID': 21}, {'PaymentType ID': 2, 'PaymentType Name': 'Credit Card', 'Affiliate ID': 21}, {'PaymentType ID': 3, 'PaymentType Name': 'Rockville C&R', 'Affiliate ID': 21}, {'PaymentType ID': 4, 'PaymentType Name': 'CHI Center-V', 'Affiliate ID': 21}, {'PaymentType ID': 5, 'PaymentType Name': 'Other Voucher', 'Affiliate ID': 21}, {'PaymentType ID': 6, 'PaymentType Name': 'Meditran-V', 'Affiliate ID': 21}, {'PaymentType ID': 7, 'PaymentType Name': 'Call& R-V', 'Affiliate ID': 21}, {'PaymentType ID': 8, 'PaymentType Name': 'Corporate-V', 'Affiliate ID': 21}, {'PaymentType ID': 9, 'PaymentType Name': 'Non-Dedicated WMATA', 'Affiliate ID': 21}, {'PaymentType ID': 10, 'PaymentType Name': 'NIH-V', 'Affiliate ID': 21}, {'PaymentType ID': 11, 'PaymentType Name': 'MCPS', 'Affiliate ID': 21}, {'PaymentType ID': 12, 'PaymentType Name': 'WMATA ABILITY RIDE', 'Affiliate ID': 21}, {'PaymentType ID': 13, 'PaymentType Name': 'Airport', 'Affiliate ID': 21}, {'PaymentType ID': 14, 'PaymentType Name': 'WMATA ABILITY RIDE', 'Affiliate ID': 21}]```\n\n                                    Your task is to find the dictionary whose 'PaymentType Name' value closely matches\n                                     the account enclosed in double quotes: ``cash``\n\n                                    Return the matching dictionary in JSON format with the following fields:\n\n                                    {\n                                        \"PaymentType ID\": Payment Type ID Value,\n                                        \"PaymentType Name\": \"Payment Type Name\",\n                                        \"Affiliate ID\": Affiliate ID Value\n                                    }\n\n                                    Instructions:\n                                    1. If a match is found, return the corresponding dictionary in the specified JSON format.\n                                    2. If no match is found, return the following JSON:\n                                        \n                                    {\n                                        \"PaymentType ID\": 1,\n                                        \"PaymentType Name\": \"None\",\n                                        \"Affiliate ID\": -1\n                                    }\n\n                                    # Instructions\n                                    ## Make sure the response contains only the JSON output, with nothing else.\n                                    ## Take care of spelling mistakes by STT as well. For example 'Vomata' refers to 'WMATA'.\n                                    ## Do not add backticks or 'json'. I am parsing the response with json.loads(). Make it compatible.\n                                    ", "level": "DEBUG", "name": "ivr_bot.helper_functions", "pid": 175000, "job_id": "AJ_3SakyFQ83ncG", "timestamp": "2025-10-13T14:49:34.273250+00:00"}
2025-10-13 19:49:35 - ivr_bot.helper_functions - INFO - [chat-e7501288-cf86-4af8-b5d3-6030618b52e9] - Verified Account Name is: Self, Funding Source Id is: 1, Requires Rider Verification Status: False, Payment Type Id is: 1, Require Copay Status is: False, Program Id is -1
{"message": "Matching Response: {\n    \"PaymentType ID\": 1,\n    \"PaymentType Name\": \"Cash\",\n    \"Affiliate ID\": 21\n}", "level": "DEBUG", "name": "ivr_bot.helper_functions", "pid": 175000, "job_id": "AJ_3SakyFQ83ncG", "timestamp": "2025-10-13T14:49:35.659657+00:00"}
2025-10-13 19:49:35 - ivr_bot.helper_functions - INFO - [no-session] - Verified Account Name is: Self, Funding Source Id is: 1, Requires Rider Verification Status: False, Payment Type Id is: 1, Require Copay Status is: False, Program Id is -1
{"message": "Verified Account Name is: Self, Funding Source Id is: 1, Requires Rider Verification Status: False, Payment Type Id is: 1, Require Copay Status is: False, Program Id is -1", "level": "INFO", "name": "ivr_bot.helper_functions", "session_id": "no-session", "pid": 175000, "job_id": "AJ_3SakyFQ83ncG", "timestamp": "2025-10-13T14:49:35.660007+00:00"}
{"message": "_GatheringFuture exception was never retrieved\nfuture: <_GatheringFuture finished exception=CancelledError()>\nTraceback (most recent call last):\n  File \"/home/senarios/VoiceAgent5withFeNew/VoiceAgent3/IT_Curves_Bot/venv/lib/python3.10/site-packages/aiohttp/client_ws.py\", line 336, in receive\n    msg = await self._reader.read()\n  File \"aiohttp/_websocket/reader_c.py\", line 113, in read\n  File \"aiohttp/_websocket/reader_c.py\", line 110, in aiohttp._websocket.reader_c.WebSocketDataQueue.read\nasyncio.exceptions.CancelledError\n\nDuring handling of the above exception, another exception occurred:\n\nasyncio.exceptions.CancelledError", "level": "ERROR", "name": "asyncio", "pid": 175000, "job_id": "AJ_3SakyFQ83ncG", "timestamp": "2025-10-13T14:49:35.729798+00:00"}
{"message": "_GatheringFuture exception was never retrieved\nfuture: <_GatheringFuture finished exception=CancelledError()>\nTraceback (most recent call last):\n  File \"/home/senarios/VoiceAgent5withFeNew/VoiceAgent3/IT_Curves_Bot/venv/lib/python3.10/site-packages/aiohttp/client_ws.py\", line 336, in receive\n    msg = await self._reader.read()\n  File \"aiohttp/_websocket/reader_c.py\", line 113, in read\n  File \"aiohttp/_websocket/reader_c.py\", line 110, in aiohttp._websocket.reader_c.WebSocketDataQueue.read\nasyncio.exceptions.CancelledError\n\nDuring handling of the above exception, another exception occurred:\n\nasyncio.exceptions.CancelledError", "level": "ERROR", "name": "asyncio", "pid": 175000, "job_id": "AJ_3SakyFQ83ncG", "timestamp": "2025-10-13T14:49:35.730134+00:00"}
{"message": "_GatheringFuture exception was never retrieved\nfuture: <_GatheringFuture finished exception=CancelledError()>\nTraceback (most recent call last):\n  File \"/home/senarios/VoiceAgent5withFeNew/VoiceAgent3/IT_Curves_Bot/venv/lib/python3.10/site-packages/aiohttp/client_ws.py\", line 336, in receive\n    msg = await self._reader.read()\n  File \"aiohttp/_websocket/reader_c.py\", line 113, in read\n  File \"aiohttp/_websocket/reader_c.py\", line 110, in aiohttp._websocket.reader_c.WebSocketDataQueue.read\nasyncio.exceptions.CancelledError\n\nDuring handling of the above exception, another exception occurred:\n\nasyncio.exceptions.CancelledError", "level": "ERROR", "name": "asyncio", "pid": 175000, "job_id": "AJ_3SakyFQ83ncG", "timestamp": "2025-10-13T14:49:35.730370+00:00"}
{"message": "_GatheringFuture exception was never retrieved\nfuture: <_GatheringFuture finished exception=CancelledError()>\nTraceback (most recent call last):\n  File \"/home/senarios/VoiceAgent5withFeNew/VoiceAgent3/IT_Curves_Bot/venv/lib/python3.10/site-packages/aiohttp/client_ws.py\", line 336, in receive\n    msg = await self._reader.read()\n  File \"aiohttp/_websocket/reader_c.py\", line 113, in read\n  File \"aiohttp/_websocket/reader_c.py\", line 110, in aiohttp._websocket.reader_c.WebSocketDataQueue.read\nasyncio.exceptions.CancelledError\n\nDuring handling of the above exception, another exception occurred:\n\nasyncio.exceptions.CancelledError", "level": "ERROR", "name": "asyncio", "pid": 175000, "job_id": "AJ_3SakyFQ83ncG", "timestamp": "2025-10-13T14:49:35.730665+00:00"}
{"message": "Conversation item added from assistant: Your account cash is verified. Do you have any special requirements or additional notes for the driver?. interrupted: False", "level": "DEBUG", "name": "ivr_bot.main", "pid": 175000, "job_id": "AJ_3SakyFQ83ncG", "timestamp": "2025-10-13T14:49:47.027674+00:00"}
2025-10-13 19:49:51 - ivr_bot.main - INFO - [chat-e7501288-cf86-4af8-b5d3-6030618b52e9] - User transcript received: no
{"message": "Conversation item added from user: no. interrupted: False", "level": "DEBUG", "name": "ivr_bot.main", "pid": 175000, "job_id": "AJ_3SakyFQ83ncG", "timestamp": "2025-10-13T14:49:51.385405+00:00"}
2025-10-13 19:49:51 - ivr_bot.main - INFO - [no-session] - User transcript received: no
{"message": "User transcript received: no", "level": "INFO", "name": "ivr_bot.main", "session_id": "no-session", "pid": 175000, "job_id": "AJ_3SakyFQ83ncG", "timestamp": "2025-10-13T14:49:51.385763+00:00"}
{"message": "draining worker", "level": "INFO", "name": "livekit.agents", "id": "AW_MipoAJeojTB4", "timeout": 1800, "timestamp": "2025-10-13T14:50:43.799121+00:00"}
{"message": "process exiting", "level": "INFO", "name": "livekit.agents", "reason": "", "pid": 175000, "job_id": "AJ_3SakyFQ83ncG", "timestamp": "2025-10-13T14:51:23.168240+00:00"}
{"message": "livekit::rtc_engine:453:livekit::rtc_engine - received session close: \"signal client closed: \\\"stream closed\\\"\" UnknownReason Resume", "level": "WARNING", "name": "livekit", "pid": 175000, "job_id": "AJ_3SakyFQ83ncG", "timestamp": "2025-10-13T14:51:23.169717+00:00"}
{"message": "supervisor score history: [{'relevance': '0.9', 'completeness': '0.85', 'groundedness': '0.95', 'average': '0.9'}, {'relevance': '0.4', 'completeness': '0.3', 'groundedness': '0.5', 'average': '0.4'}, {'relevance': '0.4', 'completeness': '0.3', 'groundedness': '0.2', 'average': '0.3'}], length: 50", "level": "DEBUG", "name": "ivr_bot.main", "pid": 175000, "job_id": "AJ_3SakyFQ83ncG", "timestamp": "2025-10-13T14:51:23.172902+00:00"}
2025-10-13 19:51:23 - ivr_bot.main - INFO - [chat-e7501288-cf86-4af8-b5d3-6030618b52e9] - Database operation successful: InsertOneResult(ObjectId('68ed11eb9b4486238eaaa9e6'), acknowledged=True)
2025-10-13 19:51:23 - ivr_bot.main - INFO - [no-session] - Database operation successful: InsertOneResult(ObjectId('68ed11eb9b4486238eaaa9e6'), acknowledged=True)
{"message": "Database operation successful: InsertOneResult(ObjectId('68ed11eb9b4486238eaaa9e6'), acknowledged=True)", "level": "INFO", "name": "ivr_bot.main", "session_id": "no-session", "pid": 175000, "job_id": "AJ_3SakyFQ83ncG", "timestamp": "2025-10-13T14:51:23.693083+00:00"}
{"message": "Payload Sent: {'start_time': '2025-10-13 10:38:06', 'end_time': '2025-10-13 10:51:23', 'call_sid': 'chat-e7501288-cf86-4af8-b5d3-6030618b52e9', 'cost': 0.2205866, 'conversation_history': [{'speaker': 'Agent', 'transcription': 'I now have your information from Barwood and Regency Taxi  agency. Can I have your phone number please?', 'timestamp': '2025-10-13 19:38:29'}, {'speaker': 'User', 'transcription': '90985', 'timestamp': '2025-10-13 19:38:38'}, {'speaker': 'Agent', 'transcription': 'Thanks for providing your phone number. Let me check your profile for you.', 'timestamp': '2025-10-13 19:38:45'}, {'speaker': 'User', 'transcription': '34534', 'timestamp': '2025-10-13 19:39:09'}, {'speaker': 'Agent', 'transcription': \"I couldn't find a profile linked to this phone number. Can I have your name please?\", 'timestamp': '2025-10-13 19:39:09'}, {'speaker': 'User', 'transcription': '345345', 'timestamp': '2025-10-13 19:39:40'}, {'speaker': 'Agent', 'transcription': \"I couldn't find a profile linked to that phone number. Can I have your name please?\", 'timestamp': '2025-10-13 19:39:40'}, {'speaker': 'Agent', 'transcription': 'Can I have your name please?', 'timestamp': '2025-10-13 19:39:47'}, {'speaker': 'User', 'transcription': '34580345', 'timestamp': '2025-10-13 19:39:49'}, {'speaker': 'Agent', 'transcription': 'Let me transfer you to live agent', 'timestamp': '2025-10-13 19:40:02'}, {'speaker': 'User', 'transcription': 'my name is 56867537826', 'timestamp': '2025-10-13 19:41:14'}, {'speaker': 'Agent', 'transcription': 'Thanks for sharing your name. Can I have your rider ID please?', 'timestamp': '2025-10-13 19:41:32'}, {'speaker': 'User', 'transcription': 'what is my name ', 'timestamp': '2025-10-13 19:41:33'}, {'speaker': 'User', 'transcription': 'whats my name ', 'timestamp': '2025-10-13 19:41:48'}, {'speaker': 'Agent', 'transcription': \"I am sorry but I don't have your rider name in my system. Can I have your rider ID please?\", 'timestamp': '2025-10-13 19:41:48'}, {'speaker': 'Agent', 'transcription': \"I am sorry but I don't have your rider name in my system. Can I help you with something else?\", 'timestamp': '2025-10-13 19:41:54'}, {'speaker': 'User', 'transcription': 'my name is waseem', 'timestamp': '2025-10-13 19:42:03'}, {'speaker': 'Agent', 'transcription': 'Its nice to have you here, Waseem. Can I have your rider ID?', 'timestamp': '2025-10-13 19:42:09'}, {'speaker': 'User', 'transcription': 'whats my name ', 'timestamp': '2025-10-13 19:42:15'}, {'speaker': 'Agent', 'transcription': 'Your name is Waseem. How can I help you today?', 'timestamp': '2025-10-13 19:42:20'}, {'speaker': 'User', 'transcription': 'my id is ali ', 'timestamp': '2025-10-13 19:42:31'}, {'speaker': 'User', 'transcription': 'whats my rider id ', 'timestamp': '2025-10-13 19:42:51'}, {'speaker': 'Agent', 'transcription': 'It seems that the rider ID you provided is not found in our system. You can still book a ride under cash or credit card. How can I help you today?', 'timestamp': '2025-10-13 19:42:51'}, {'speaker': 'Agent', 'transcription': 'It seems that the rider ID you provided is not found in our system. You can still book a ride under cash or credit card. How can I help you today?', 'timestamp': '2025-10-13 19:43:21'}, {'speaker': 'User', 'transcription': 'cash', 'timestamp': '2025-10-13 19:45:14'}, {'speaker': 'Agent', 'transcription': 'I got cash. Do I have that right?', 'timestamp': '2025-10-13 19:45:19'}, {'speaker': 'User', 'transcription': 'yes', 'timestamp': '2025-10-13 19:45:21'}, {'speaker': 'Agent', 'transcription': 'Let me get necessary details regarding your payment method! Please wait a moment.', 'timestamp': '2025-10-13 19:45:29'}, {'speaker': 'Agent', 'transcription': 'Your account cash is verified. Do you have a pick-up address for your ride?', 'timestamp': '2025-10-13 19:45:55'}, {'speaker': 'User', 'transcription': '1 School Dr, Gaithersburg, MD 20878', 'timestamp': '2025-10-13 19:46:24'}, {'speaker': 'Agent', 'transcription': 'I got 1 School Drive, Gaithersburg, MaryLand 20878. Is that correct?', 'timestamp': '2025-10-13 19:46:32'}, {'speaker': 'User', 'transcription': 'yes', 'timestamp': '2025-10-13 19:46:33'}, {'speaker': 'Agent', 'transcription': 'Let me verify that address is valid. Please wait a moment.', 'timestamp': '2025-10-13 19:46:45'}, {'speaker': 'Agent', 'transcription': 'Your address is verified! Where are you headed?', 'timestamp': '2025-10-13 19:46:52'}, {'speaker': 'User', 'transcription': '25 School Dr, Gaithersburg, MD 20878 ', 'timestamp': '2025-10-13 19:47:14'}, {'speaker': 'Agent', 'transcription': 'I got 25 School Drive, Gaithersburg, MaryLand 20878. Is that correct?', 'timestamp': '2025-10-13 19:47:24'}, {'speaker': 'User', 'transcription': 'yes', 'timestamp': '2025-10-13 19:47:43'}, {'speaker': 'Agent', 'transcription': 'Let me verify that address is valid. Please wait a moment.', 'timestamp': '2025-10-13 19:47:57'}, {'speaker': 'Agent', 'transcription': 'Your address is verified! When would you like your ride to be scheduled?', 'timestamp': '2025-10-13 19:48:07'}, {'speaker': 'User', 'transcription': 'at 8:00 pm today', 'timestamp': '2025-10-13 19:48:21'}, {'speaker': 'Agent', 'transcription': \"I'll check the time for your ride at 8:00 pm today.\", 'timestamp': '2025-10-13 19:48:28'}, {'speaker': 'Agent', 'transcription': 'Your requested time is 8:00 pm today, which is in the future. How would you like to pay?', 'timestamp': '2025-10-13 19:48:36'}, {'speaker': 'User', 'transcription': 'cash', 'timestamp': '2025-10-13 19:48:38'}, {'speaker': 'User', 'transcription': 'yes', 'timestamp': '2025-10-13 19:48:51'}, {'speaker': 'Agent', 'transcription': 'I got cash. Do I have that right?', 'timestamp': '2025-10-13 19:48:51'}, {'speaker': 'User', 'transcription': 'yes i will pay via cash', 'timestamp': '2025-10-13 19:49:23'}, {'speaker': 'Agent', 'transcription': 'I got cash. Do I have that right?', 'timestamp': '2025-10-13 19:49:23'}, {'speaker': 'Agent', 'transcription': 'Let me get necessary details regarding your payment method! Please wait a moment.', 'timestamp': '2025-10-13 19:49:34'}, {'speaker': 'Agent', 'transcription': 'Your account cash is verified. Do you have any special requirements or additional notes for the driver?', 'timestamp': '2025-10-13 19:49:47'}, {'speaker': 'User', 'transcription': 'no', 'timestamp': '2025-10-13 19:49:51'}]}", "level": "DEBUG", "name": "ivr_bot.main", "pid": 175000, "job_id": "AJ_3SakyFQ83ncG", "timestamp": "2025-10-13T14:51:23.693582+00:00"}
2025-10-13 19:51:24 - ivr_bot.main - ERROR - [chat-e7501288-cf86-4af8-b5d3-6030618b52e9] - Error: 404, <html>
    <head>
        <meta charset="UTF-8">
        <title>Coming Soon: PythonAnywhere</title>
        <style>
            body {
                font-family: Helvetica, Arial, sans-serif;
                width: 500px;
                margin-left: auto;
                margin-right: auto;
                margin-top: 20px;
            }

            h1 {
                font-family: Trebuchet MS, Helvetica, Arial, sans-serif;
            }

            .for-site-owner {
                font-size: smaller;
                margin-top: 30px;
                color: gray;
            }
        </style>
    </head>

    <body>
        <img src="https://s3.amazonaws.com/pythonanywhere-error-images/logo-234x35.png" />

        <div class="main">
            <h1>Coming Soon!</h1>

            <p>
                This is going to be another great website hosted by
                <a href="https://www.pythonanywhere.com/">PythonAnywhere</a>.
            </p>

            <p>
                PythonAnywhere lets you host, run, and code Python in the cloud.
                Our free plan gives you access to machines with
                everything already set up for you. You can develop and host
                your website or any other code directly from your browser
                without having to install software or manage your own server.
            </p>

            <p>
                Need more power? Upgraded plans start at $5/month.
            </p>

            <p>
                <a href="https://www.pythonanywhere.com/">You can find out more about PythonAnywhere here.</a>
            </p>
        </div>

        <div class="for-site-owner">
            <h2>Developer info</h2>

            <p>
                Hi!  If this is your PythonAnywhere-hosted site, then you're
                almost there &mdash; you just need to create
                a web app to handle this domain.
            </p>

            <p>
                Go to the "Web" tab inside
                PythonAnywhere and click "Add a new web app".
                If you already have a web app and you want to use the same code for this domain
                (say because you've just upgraded and want the site
                you built at <code>yourusername.pythonanywhere.com</code> to run on
                <code>www.yourdomain.com</code>) then
                <a href="https://help.pythonanywhere.com/pages/UsingANewDomainForExistingWebApp">this help page should explain
                everything</a>.
            </p>

            <p>
                If you're having problems getting it all working, drop us a line at
                liveusercare@pythonanywhere.com, or in
                <a href="https://www.pythonanywhere.com/forums/">the forums</a>,
                or using the "Send
                feedback" link on the site.  We'll
                get back to you as fast as we can!
            </p>

        </div>

    </body>
</html>

2025-10-13 19:51:24 - ivr_bot.main - ERROR - [no-session] - Error: 404, <html>
    <head>
        <meta charset="UTF-8">
        <title>Coming Soon: PythonAnywhere</title>
        <style>
            body {
                font-family: Helvetica, Arial, sans-serif;
                width: 500px;
                margin-left: auto;
                margin-right: auto;
                margin-top: 20px;
            }

            h1 {
                font-family: Trebuchet MS, Helvetica, Arial, sans-serif;
            }

            .for-site-owner {
                font-size: smaller;
                margin-top: 30px;
                color: gray;
            }
        </style>
    </head>

    <body>
        <img src="https://s3.amazonaws.com/pythonanywhere-error-images/logo-234x35.png" />

        <div class="main">
            <h1>Coming Soon!</h1>

            <p>
                This is going to be another great website hosted by
                <a href="https://www.pythonanywhere.com/">PythonAnywhere</a>.
            </p>

            <p>
                PythonAnywhere lets you host, run, and code Python in the cloud.
                Our free plan gives you access to machines with
                everything already set up for you. You can develop and host
                your website or any other code directly from your browser
                without having to install software or manage your own server.
            </p>

            <p>
                Need more power? Upgraded plans start at $5/month.
            </p>

            <p>
                <a href="https://www.pythonanywhere.com/">You can find out more about PythonAnywhere here.</a>
            </p>
        </div>

        <div class="for-site-owner">
            <h2>Developer info</h2>

            <p>
                Hi!  If this is your PythonAnywhere-hosted site, then you're
                almost there &mdash; you just need to create
                a web app to handle this domain.
            </p>

            <p>
                Go to the "Web" tab inside
                PythonAnywhere and click "Add a new web app".
                If you already have a web app and you want to use the same code for this domain
                (say because you've just upgraded and want the site
                you built at <code>yourusername.pythonanywhere.com</code> to run on
                <code>www.yourdomain.com</code>) then
                <a href="https://help.pythonanywhere.com/pages/UsingANewDomainForExistingWebApp">this help page should explain
                everything</a>.
            </p>

            <p>
                If you're having problems getting it all working, drop us a line at
                liveusercare@pythonanywhere.com, or in
                <a href="https://www.pythonanywhere.com/forums/">the forums</a>,
                or using the "Send
                feedback" link on the site.  We'll
                get back to you as fast as we can!
            </p>

        </div>

    </body>
</html>

{"message": "Error: 404, <html>\n    <head>\n        <meta charset=\"UTF-8\">\n        <title>Coming Soon: PythonAnywhere</title>\n        <style>\n            body {\n                font-family: Helvetica, Arial, sans-serif;\n                width: 500px;\n                margin-left: auto;\n                margin-right: auto;\n                margin-top: 20px;\n            }\n\n            h1 {\n                font-family: Trebuchet MS, Helvetica, Arial, sans-serif;\n            }\n\n            .for-site-owner {\n                font-size: smaller;\n                margin-top: 30px;\n                color: gray;\n            }\n        </style>\n    </head>\n\n    <body>\n        <img src=\"https://s3.amazonaws.com/pythonanywhere-error-images/logo-234x35.png\" />\n\n        <div class=\"main\">\n            <h1>Coming Soon!</h1>\n\n            <p>\n                This is going to be another great website hosted by\n                <a href=\"https://www.pythonanywhere.com/\">PythonAnywhere</a>.\n            </p>\n\n            <p>\n                PythonAnywhere lets you host, run, and code Python in the cloud.\n                Our free plan gives you access to machines with\n                everything already set up for you. You can develop and host\n                your website or any other code directly from your browser\n                without having to install software or manage your own server.\n            </p>\n\n            <p>\n                Need more power? Upgraded plans start at $5/month.\n            </p>\n\n            <p>\n                <a href=\"https://www.pythonanywhere.com/\">You can find out more about PythonAnywhere here.</a>\n            </p>\n        </div>\n\n        <div class=\"for-site-owner\">\n            <h2>Developer info</h2>\n\n            <p>\n                Hi!  If this is your PythonAnywhere-hosted site, then you're\n                almost there &mdash; you just need to create\n                a web app to handle this domain.\n            </p>\n\n            <p>\n                Go to the \"Web\" tab inside\n                PythonAnywhere and click \"Add a new web app\".\n                If you already have a web app and you want to use the same code for this domain\n                (say because you've just upgraded and want the site\n                you built at <code>yourusername.pythonanywhere.com</code> to run on\n                <code>www.yourdomain.com</code>) then\n                <a href=\"https://help.pythonanywhere.com/pages/UsingANewDomainForExistingWebApp\">this help page should explain\n                everything</a>.\n            </p>\n\n            <p>\n                If you're having problems getting it all working, drop us a line at\n                liveusercare@pythonanywhere.com, or in\n                <a href=\"https://www.pythonanywhere.com/forums/\">the forums</a>,\n                or using the \"Send\n                feedback\" link on the site.  We'll\n                get back to you as fast as we can!\n            </p>\n\n        </div>\n\n    </body>\n</html>\n", "level": "ERROR", "name": "ivr_bot.main", "session_id": "no-session", "pid": 175000, "job_id": "AJ_3SakyFQ83ncG", "timestamp": "2025-10-13T14:51:24.926768+00:00"}
{"message": "shutting down worker", "level": "INFO", "name": "livekit.agents", "id": "AW_MipoAJeojTB4", "timestamp": "2025-10-13T14:51:24.942371+00:00"}
{"message": "process exiting", "level": "INFO", "name": "livekit.agents", "reason": "", "pid": 174946, "inference": true, "timestamp": "2025-10-13T14:51:24.969410+00:00"}
