2025-10-14 20:27:19 - ivr_bot.cache_manager - INFO - [no-session] - Loaded affiliate cache with 1 entries
2025-10-14 20:27:19 - ivr_bot.cache_manager - INFO - [no-session] - Loaded client cache with 0 entries
2025-10-14 20:27:19 - ivr_bot.cache_manager - INFO - [no-session] - Loaded client cache keys: []
2025-10-14 20:27:19 - ivr_bot.cache_manager - INFO - [no-session] - Loaded affiliate cache keys: ['ids:1:21']
2025-10-14 20:27:19,288 - [36mDEBUG[0m asyncio - Using selector: EpollSelector [90m[0m
2025-10-14 20:27:19,289 - [35mDEV [0m livekit.agents - Watching /home/senarios/VoiceAgent5withFeNew/VoiceAgent3/IT_Curves_Bot [90m[0m
2025-10-14 20:27:23 - ivr_bot.cache_manager - INFO - [no-session] - Loaded affiliate cache with 1 entries
2025-10-14 20:27:23 - ivr_bot.cache_manager - INFO - [no-session] - Loaded client cache with 0 entries
2025-10-14 20:27:23 - ivr_bot.cache_manager - INFO - [no-session] - Loaded client cache keys: []
2025-10-14 20:27:23 - ivr_bot.cache_manager - INFO - [no-session] - Loaded affiliate cache keys: ['ids:1:21']
2025-10-14 20:27:23,518 - [36mDEBUG[0m asyncio - Using selector: EpollSelector [90m[0m
2025-10-14 20:27:23,529 - [32mINFO[0m livekit.agents - starting worker [90m{"version": "1.0.23", "rtc-version": "1.0.16"}[0m
2025-10-14 20:27:23,530 - [32mINFO[0m livekit.agents - preloading plugins [90m{"packages": ["livekit.plugins.openai", "livekit.plugins.deepgram", "livekit.plugins.silero", "livekit.plugins.turn_detector"]}[0m
2025-10-14 20:27:23,538 - [32mINFO[0m livekit.agents - starting inference executor [90m[0m
2025-10-14 20:27:26,705 - [32mINFO[0m livekit.agents - initializing process [90m{"pid": 34548, "inference": true}[0m
2025-10-14 20:27:27 - ivr_bot.cache_manager - INFO - [no-session] - Loaded affiliate cache with 1 entries
2025-10-14 20:27:27 - ivr_bot.cache_manager - INFO - [no-session] - Loaded client cache with 0 entries
2025-10-14 20:27:27 - ivr_bot.cache_manager - INFO - [no-session] - Loaded client cache keys: []
2025-10-14 20:27:27 - ivr_bot.cache_manager - INFO - [no-session] - Loaded affiliate cache keys: ['ids:1:21']
2025-10-14 20:27:27,933 - [36mDEBUG[0m livekit.agents - initializing inference runner [90m{"runner": "lk_end_of_utterance_en", "pid": 34548, "inference": true}[0m
2025-10-14 20:27:36,640 - [36mDEBUG[0m livekit.agents - inference runner initialized [90m{"runner": "lk_end_of_utterance_en", "elapsed_time": 8.706787686000098, "pid": 34548, "inference": true}[0m
2025-10-14 20:27:36,640 - [36mDEBUG[0m livekit.agents - initializing inference runner [90m{"runner": "lk_end_of_utterance_multilingual", "pid": 34548, "inference": true}[0m
2025-10-14 20:27:38,943 - [36mDEBUG[0m livekit.agents - inference runner initialized [90m{"runner": "lk_end_of_utterance_multilingual", "elapsed_time": 2.303393039999719, "pid": 34548, "inference": true}[0m
2025-10-14 20:27:38,944 - [32mINFO[0m livekit.agents - process initialized [90m{"pid": 34548, "inference": true, "elapsed_time": 12.24}[0m
2025-10-14 20:27:38,944 - [36mDEBUG[0m asyncio - Using selector: EpollSelector [90m{"pid": 34548, "inference": true}[0m
2025-10-14 20:27:38,947 - [32mINFO[0m livekit.agents - [1msee tracing information at http://localhost:11000/debug[0m [90m[0m
2025-10-14 20:27:39,995 - [32mINFO[0m livekit.agents - registered worker [90m{"id": "AW_PQq8sMaAhDgF", "url": "wss://itcurvedev-8eikcg0z.livekit.cloud", "region": "India West", "protocol": 16}[0m
2025-10-14 20:27:40,153 - [32mINFO[0m livekit.agents - received job request [90m{"job_id": "AJ_725SjyvuH2dw", "dispatch_id": "", "room_name": "both-21-1-BARWOOD & REGENCY TAXI-st5fD", "agent_name": "", "resuming": false}[0m
2025-10-14 20:27:40,338 - [32mINFO[0m livekit.agents - initializing process [90m{"pid": 34602}[0m
2025-10-14 20:27:41 - ivr_bot.cache_manager - INFO - [no-session] - Loaded affiliate cache with 1 entries
2025-10-14 20:27:41 - ivr_bot.cache_manager - INFO - [no-session] - Loaded client cache with 0 entries
2025-10-14 20:27:41 - ivr_bot.cache_manager - INFO - [no-session] - Loaded client cache keys: []
2025-10-14 20:27:41 - ivr_bot.cache_manager - INFO - [no-session] - Loaded affiliate cache keys: ['ids:1:21']
2025-10-14 20:27:42,039 - [32mINFO[0m livekit.agents - process initialized [90m{"pid": 34602, "elapsed_time": 1.7}[0m
2025-10-14 20:27:42,041 - [36mDEBUG[0m asyncio - Using selector: EpollSelector [90m{"pid": 34602, "job_id": "AJ_725SjyvuH2dw"}[0m
VAAPI is supported.
2025-10-14 20:27:47 - ivr_bot.main - INFO - [no-session] - Call SID: chat-f6c0d6d4-1747-43b3-8199-ab6b209bd084
2025-10-14 20:27:47 - ivr_bot.main - INFO - [no-session] - Call SID: chat-f6c0d6d4-1747-43b3-8199-ab6b209bd084
2025-10-14 20:27:47,622 - [32mINFO[0m ivr_bot.main - Call SID: chat-f6c0d6d4-1747-43b3-8199-ab6b209bd084 [90m{"session_id": "no-session", "pid": 34602, "job_id": "AJ_725SjyvuH2dw"}[0m
2025-10-14 20:27:47 - ivr_bot.helper_functions - INFO - [chat-f6c0d6d4-1747-43b3-8199-ab6b209bd084] - Client ID None
2025-10-14 20:27:47 - ivr_bot.helper_functions - WARNING - [chat-f6c0d6d4-1747-43b3-8199-ab6b209bd084] - ‚ùå Client ID not available (received: None) - self.client_id will be None
2025-10-14 20:27:47 - ivr_bot.helper_functions - INFO - [chat-f6c0d6d4-1747-43b3-8199-ab6b209bd084] - ‚úÖ [ASSISTANT_INIT] Validated initialization parameters
2025-10-14 20:27:47 - ivr_bot.helper_functions - INFO - [no-session] - Client ID None
2025-10-14 20:27:47 - ivr_bot.helper_functions - WARNING - [chat-f6c0d6d4-1747-43b3-8199-ab6b209bd084] - Failed to initialize Agent with increased function call limits
2025-10-14 20:27:47,928 - [32mINFO[0m ivr_bot.helper_functions - Client ID None [90m{"session_id": "no-session", "pid": 34602, "job_id": "AJ_725SjyvuH2dw"}[0m
2025-10-14 20:27:47 - ivr_bot.helper_functions - WARNING - [no-session] - ‚ùå Client ID not available (received: None) - self.client_id will be None
2025-10-14 20:27:47,928 - [33mWARNING[0m ivr_bot.helper_functions - ‚ùå Client ID not available (received: None) - self.client_id will be None [90m{"session_id": "no-session", "pid": 34602, "job_id": "AJ_725SjyvuH2dw"}[0m
2025-10-14 20:27:47 - ivr_bot.helper_functions - INFO - [no-session] - ‚úÖ [ASSISTANT_INIT] Validated initialization parameters
2025-10-14 20:27:47 - ivr_bot.main - INFO - [chat-f6c0d6d4-1747-43b3-8199-ab6b209bd084] - Using pre-configured background audio player for typing sounds
2025-10-14 20:27:47,929 - [32mINFO[0m ivr_bot.helper_functions - ‚úÖ [ASSISTANT_INIT] Validated initialization parameters [90m{"session_id": "no-session", "pid": 34602, "job_id": "AJ_725SjyvuH2dw"}[0m
2025-10-14 20:27:47 - ivr_bot.helper_functions - WARNING - [no-session] - Failed to initialize Agent with increased function call limits
2025-10-14 20:27:47,929 - [33mWARNING[0m ivr_bot.helper_functions - Failed to initialize Agent with increased function call limits [90m{"session_id": "no-session", "pid": 34602, "job_id": "AJ_725SjyvuH2dw"}[0m
2025-10-14 20:27:47 - ivr_bot.main - INFO - [no-session] - Using pre-configured background audio player for typing sounds
2025-10-14 20:27:47,929 - [32mINFO[0m ivr_bot.main - Using pre-configured background audio player for typing sounds [90m{"session_id": "no-session", "pid": 34602, "job_id": "AJ_725SjyvuH2dw"}[0m
2025-10-14 20:27:47,934 - [36mDEBUG[0m livekit.agents - http_session(): creating a new httpclient ctx [90m{"pid": 34602, "job_id": "AJ_725SjyvuH2dw"}[0m
2025-10-14 20:27:54 - ivr_bot.main - INFO - [chat-f6c0d6d4-1747-43b3-8199-ab6b209bd084] - Interruptions ENABLED after first greeting - user can interrupt the bot now
2025-10-14 20:27:54 - ivr_bot.main - INFO - [chat-f6c0d6d4-1747-43b3-8199-ab6b209bd084] - Audio input DISABLED - agent will not process any speech during API calls
2025-10-14 20:27:54 - ivr_bot.main - INFO - [no-session] - Interruptions ENABLED after first greeting - user can interrupt the bot now
2025-10-14 20:27:54,970 - [32mINFO[0m ivr_bot.main - Interruptions ENABLED after first greeting - user can interrupt the bot now [90m{"session_id": "no-session", "pid": 34602, "job_id": "AJ_725SjyvuH2dw"}[0m
2025-10-14 20:27:54,970 - [36mDEBUG[0m livekit.agents - input stream detached [90m{"participant": "BARWOOD & REGENCY TAXI", "source": "SOURCE_UNKNOWN", "accepted_sources": ["SOURCE_MICROPHONE"], "pid": 34602, "job_id": "AJ_725SjyvuH2dw"}[0m
2025-10-14 20:27:54 - ivr_bot.main - INFO - [no-session] - Audio input DISABLED - agent will not process any speech during API calls
2025-10-14 20:27:54,971 - [32mINFO[0m ivr_bot.main - Audio input DISABLED - agent will not process any speech during API calls [90m{"session_id": "no-session", "pid": 34602, "job_id": "AJ_725SjyvuH2dw"}[0m
2025-10-14 20:27:55 - ivr_bot.main - INFO - [chat-f6c0d6d4-1747-43b3-8199-ab6b209bd084] - Initialized background audio player
2025-10-14 20:27:55 - ivr_bot.main - INFO - [no-session] - Initialized background audio player
2025-10-14 20:27:55,660 - [32mINFO[0m ivr_bot.main - Initialized background audio player [90m{"session_id": "no-session", "pid": 34602, "job_id": "AJ_725SjyvuH2dw"}[0m
2025-10-14 20:27:55 - ivr_bot.main - INFO - [chat-f6c0d6d4-1747-43b3-8199-ab6b209bd084] - Started typing sounds for API fetching phase
2025-10-14 20:27:55 - ivr_bot.main - INFO - [no-session] - Started typing sounds for API fetching phase
2025-10-14 20:27:55,663 - [32mINFO[0m ivr_bot.main - Started typing sounds for API fetching phase [90m{"session_id": "no-session", "pid": 34602, "job_id": "AJ_725SjyvuH2dw"}[0m
2025-10-14 20:27:55 - ivr_bot.main - INFO - [chat-f6c0d6d4-1747-43b3-8199-ab6b209bd084] - Room Name: both-21-1-BARWOOD & REGENCY TAXI-st5fD
2025-10-14 20:27:55 - ivr_bot.main - INFO - [chat-f6c0d6d4-1747-43b3-8199-ab6b209bd084] - {}
2025-10-14 20:27:55,691 - [36mDEBUG[0m ivr_bot.main - Metadata: {'phoneNo': '', 'clientID': '', 'userID': '', 'affiliateId': '21', 'familyId': '1', 'affiliateName': 'BARWOOD & REGENCY TAXI'} [90m{"pid": 34602, "job_id": "AJ_725SjyvuH2dw"}[0m
2025-10-14 20:27:55 - ivr_bot.main - ERROR - [chat-f6c0d6d4-1747-43b3-8199-ab6b209bd084] - Error in recognizing affiliate from number: 'sip.phoneNumber'
2025-10-14 20:27:55 - ivr_bot.cache_manager - INFO - [chat-f6c0d6d4-1747-43b3-8199-ab6b209bd084] - Cache HIT for affiliate: ids:1:21
2025-10-14 20:27:55 - ivr_bot.main - INFO - [no-session] - Room Name: both-21-1-BARWOOD & REGENCY TAXI-st5fD
2025-10-14 20:27:55,691 - [32mINFO[0m ivr_bot.main - Room Name: both-21-1-BARWOOD & REGENCY TAXI-st5fD [90m{"session_id": "no-session", "pid": 34602, "job_id": "AJ_725SjyvuH2dw"}[0m
2025-10-14 20:27:55 - ivr_bot.main - INFO - [no-session] - {}
2025-10-14 20:27:55 - ivr_bot.main - INFO - [chat-f6c0d6d4-1747-43b3-8199-ab6b209bd084] - Using cached affiliate for IDs 1:21
2025-10-14 20:27:55,691 - [32mINFO[0m ivr_bot.main - {} [90m{"session_id": "no-session", "pid": 34602, "job_id": "AJ_725SjyvuH2dw"}[0m
2025-10-14 20:27:55 - ivr_bot.main - ERROR - [no-session] - Error in recognizing affiliate from number: 'sip.phoneNumber'
2025-10-14 20:27:55,691 - [31mERROR[0m ivr_bot.main - Error in recognizing affiliate from number: 'sip.phoneNumber' [90m{"session_id": "no-session", "pid": 34602, "job_id": "AJ_725SjyvuH2dw"}[0m
2025-10-14 20:27:55 - ivr_bot.cache_manager - INFO - [no-session] - Cache HIT for affiliate: ids:1:21
2025-10-14 20:27:55 - ivr_bot.main - INFO - [chat-f6c0d6d4-1747-43b3-8199-ab6b209bd084] - Widget Flow chatbot Selected
2025-10-14 20:27:55,691 - [32mINFO[0m ivr_bot.cache_manager - Cache HIT for affiliate: ids:1:21 [90m{"session_id": "no-session", "pid": 34602, "job_id": "AJ_725SjyvuH2dw"}[0m
2025-10-14 20:27:55,692 - [36mDEBUG[0m ivr_bot.main - cached_affiliate: {'AffiliateID': 21, 'AffiliateName': 'Barwood and Regency Taxi ', 'AffiliateFamilyID': 1, 'TwillioPhoneNumber': '3019005009', 'TypeForIVRAI': 'BOTH'} [90m{"pid": 34602, "job_id": "AJ_725SjyvuH2dw"}[0m
2025-10-14 20:27:55 - ivr_bot.main - INFO - [no-session] - Using cached affiliate for IDs 1:21
2025-10-14 20:27:55,692 - [32mINFO[0m ivr_bot.main - Using cached affiliate for IDs 1:21 [90m{"session_id": "no-session", "pid": 34602, "job_id": "AJ_725SjyvuH2dw"}[0m
2025-10-14 20:27:55,692 - [36mDEBUG[0m ivr_bot.main - AFFILIATE: {'AffiliateID': 21, 'AffiliateName': 'Barwood and Regency Taxi ', 'AffiliateFamilyID': 1, 'TwillioPhoneNumber': '3019005009', 'TypeForIVRAI': 'BOTH'} [90m{"pid": 34602, "job_id": "AJ_725SjyvuH2dw"}[0m
2025-10-14 20:27:55,692 - [36mDEBUG[0m ivr_bot.main - Rider: {'number_of_riders': 1, 'rider_1': {'name': 'Unknown', 'client_id': '-1', 'city': 'Unknown', 'state': 'Unknown', 'current_location': 'Unknown', 'rider_id': '-1'}} [90m{"pid": 34602, "job_id": "AJ_725SjyvuH2dw"}[0m
2025-10-14 20:27:55,692 - [36mDEBUG[0m ivr_bot.main - Affiliate: {'AffiliateID': 21, 'AffiliateName': 'Barwood and Regency Taxi ', 'AffiliateFamilyID': 1, 'TwillioPhoneNumber': '3019005009', 'TypeForIVRAI': 'BOTH'} [90m{"pid": 34602, "job_id": "AJ_725SjyvuH2dw"}[0m
2025-10-14 20:27:55 - ivr_bot.main - INFO - [no-session] - Widget Flow chatbot Selected
2025-10-14 20:27:55,692 - [32mINFO[0m ivr_bot.main - Widget Flow chatbot Selected [90m{"session_id": "no-session", "pid": 34602, "job_id": "AJ_725SjyvuH2dw"}[0m
2025-10-14 20:27:55,693 - [36mDEBUG[0m ivr_bot.main - Started typing sounds for conversation API call: fetch_affiliate_details [90m{"pid": 34602, "job_id": "AJ_725SjyvuH2dw"}[0m
2025-10-14 20:27:55,693 - [36mDEBUG[0m ivr_bot.side_functions - Payload Sent for Affiliate Information: {'iaffiliateid': 21} [90m{"pid": 34602, "job_id": "AJ_725SjyvuH2dw"}[0m
2025-10-14 20:28:01,142 - [36mDEBUG[0m ivr_bot.main - Stopped typing sounds for conversation API call: fetch_affiliate_details [90m{"pid": 34602, "job_id": "AJ_725SjyvuH2dw"}[0m
2025-10-14 20:28:01 - ivr_bot.side_functions - INFO - [chat-f6c0d6d4-1747-43b3-8199-ab6b209bd084] - Called search_web_manual function with prompt: What are the counties that lies within these coordinates {'x1': '37.175108867393085', 'y1': '-80.56370227557687', 'x2': '40.03477876450898', 'y2': '-76.28661650301018'}. Only return names of the counties separated by commas. 
        Do not add name of the states. Do not add any other line or comment. I just need the name of the counties
        Sample response would be 'county_1, county_2, ......, county_n'
        DO NOT RETURN MORE THAN 10 COUNTY NAMES
        
2025-10-14 20:28:01,147 - [36mDEBUG[0m ivr_bot.main - Started typing sounds for conversation API call: search_web_manual [90m{"pid": 34602, "job_id": "AJ_725SjyvuH2dw"}[0m
2025-10-14 20:28:01 - ivr_bot.side_functions - INFO - [no-session] - Called search_web_manual function with prompt: What are the counties that lies within these coordinates {'x1': '37.175108867393085', 'y1': '-80.56370227557687', 'x2': '40.03477876450898', 'y2': '-76.28661650301018'}. Only return names of the counties separated by commas. 
        Do not add name of the states. Do not add any other line or comment. I just need the name of the counties
        Sample response would be 'county_1, county_2, ......, county_n'
        DO NOT RETURN MORE THAN 10 COUNTY NAMES
        
2025-10-14 20:28:01,151 - [32mINFO[0m ivr_bot.side_functions - Called search_web_manual function with prompt: What are the counties that lies within these coordinates {'x1': '37.175108867393085', 'y1': '-80.56370227557687', 'x2': '40.03477876450898', 'y2': '-76.28661650301018'}. Only return names of the counties separated by commas. 
        Do not add name of the states. Do not add any other line or comment. I just need the name of the counties
        Sample response would be 'county_1, county_2, ......, county_n'
        DO NOT RETURN MORE THAN 10 COUNTY NAMES
         [90m{"session_id": "no-session", "pid": 34602, "job_id": "AJ_725SjyvuH2dw"}[0m
2025-10-14 20:28:05 - ivr_bot.helper_functions - INFO - [chat-f6c0d6d4-1747-43b3-8199-ab6b209bd084] - Client ID -1
2025-10-14 20:28:05 - ivr_bot.helper_functions - WARNING - [chat-f6c0d6d4-1747-43b3-8199-ab6b209bd084] - ‚ùå Client ID not available (received: -1) - self.client_id will be None
2025-10-14 20:28:05,902 - [36mDEBUG[0m ivr_bot.main - Stopped typing sounds for conversation API call: search_web_manual [90m{"pid": 34602, "job_id": "AJ_725SjyvuH2dw"}[0m
2025-10-14 20:28:05 - ivr_bot.helper_functions - INFO - [no-session] - Client ID -1
2025-10-14 20:28:05,902 - [32mINFO[0m ivr_bot.helper_functions - Client ID -1 [90m{"session_id": "no-session", "pid": 34602, "job_id": "AJ_725SjyvuH2dw"}[0m
2025-10-14 20:28:05 - ivr_bot.helper_functions - WARNING - [no-session] - ‚ùå Client ID not available (received: -1) - self.client_id will be None
2025-10-14 20:28:05,902 - [33mWARNING[0m ivr_bot.helper_functions - ‚ùå Client ID not available (received: -1) - self.client_id will be None [90m{"session_id": "no-session", "pid": 34602, "job_id": "AJ_725SjyvuH2dw"}[0m
2025-10-14 20:28:05,902 - [36mDEBUG[0m ivr_bot.main - Started typing sounds for conversation API call: get_frequnt_addresses_manual [90m{"pid": 34602, "job_id": "AJ_725SjyvuH2dw"}[0m
2025-10-14 20:28:05,903 - [36mDEBUG[0m ivr_bot.side_functions - Payload sent to get frequent addresses: {'clientID': '-1', 'affiliateID': '21', 'bIncludeClientAddress': '', 'bGetAddressDataOnly': '', 'bGetCompletedHistoricRides': '', 'responseJSON': '', 'responseCode': 100} [90m{"pid": 34602, "job_id": "AJ_725SjyvuH2dw"}[0m
2025-10-14 20:28:06 - ivr_bot.side_functions - ERROR - [chat-f6c0d6d4-1747-43b3-8199-ab6b209bd084] - Failed to parse response as JSON. Raw Response: Please provide valid Client ID.
2025-10-14 20:28:06,828 - [36mDEBUG[0m ivr_bot.side_functions - Response from FrequentDataAPI: Please provide valid Client ID. [90m{"pid": 34602, "job_id": "AJ_725SjyvuH2dw"}[0m
2025-10-14 20:28:06 - ivr_bot.side_functions - ERROR - [no-session] - Failed to parse response as JSON. Raw Response: Please provide valid Client ID.
2025-10-14 20:28:06,829 - [31mERROR[0m ivr_bot.side_functions - Failed to parse response as JSON. Raw Response: Please provide valid Client ID. [90m{"session_id": "no-session", "pid": 34602, "job_id": "AJ_725SjyvuH2dw"}[0m
2025-10-14 20:28:06,830 - [36mDEBUG[0m ivr_bot.main - Stopped typing sounds for conversation API call: get_frequnt_addresses_manual [90m{"pid": 34602, "job_id": "AJ_725SjyvuH2dw"}[0m
2025-10-14 20:28:07 - ivr_bot.main - INFO - [chat-f6c0d6d4-1747-43b3-8199-ab6b209bd084] - Building user context information
2025-10-14 20:28:07 - ivr_bot.main - INFO - [chat-f6c0d6d4-1747-43b3-8199-ab6b209bd084] - User context built successfully
2025-10-14 20:28:07 - ivr_bot.helper_functions - INFO - [chat-f6c0d6d4-1747-43b3-8199-ab6b209bd084] - Client ID -1
2025-10-14 20:28:07 - ivr_bot.helper_functions - WARNING - [chat-f6c0d6d4-1747-43b3-8199-ab6b209bd084] - ‚ùå Client ID not available (received: -1) - self.client_id will be None
2025-10-14 20:28:07 - ivr_bot.main - INFO - [no-session] - Building user context information
2025-10-14 20:28:07,832 - [32mINFO[0m ivr_bot.main - Building user context information [90m{"session_id": "no-session", "pid": 34602, "job_id": "AJ_725SjyvuH2dw"}[0m
2025-10-14 20:28:07 - ivr_bot.helper_functions - INFO - [chat-f6c0d6d4-1747-43b3-8199-ab6b209bd084] - ‚úÖ [ASSISTANT_INIT] Validated initialization parameters
2025-10-14 20:28:07 - ivr_bot.main - INFO - [no-session] - User context built successfully
2025-10-14 20:28:07 - ivr_bot.helper_functions - WARNING - [chat-f6c0d6d4-1747-43b3-8199-ab6b209bd084] - Failed to initialize Agent with increased function call limits
2025-10-14 20:28:07,832 - [32mINFO[0m ivr_bot.main - User context built successfully [90m{"session_id": "no-session", "pid": 34602, "job_id": "AJ_725SjyvuH2dw"}[0m
2025-10-14 20:28:07 - ivr_bot.helper_functions - INFO - [no-session] - Client ID -1
2025-10-14 20:28:07,833 - [32mINFO[0m ivr_bot.helper_functions - Client ID -1 [90m{"session_id": "no-session", "pid": 34602, "job_id": "AJ_725SjyvuH2dw"}[0m
2025-10-14 20:28:07 - ivr_bot.helper_functions - WARNING - [no-session] - ‚ùå Client ID not available (received: -1) - self.client_id will be None
2025-10-14 20:28:07,833 - [33mWARNING[0m ivr_bot.helper_functions - ‚ùå Client ID not available (received: -1) - self.client_id will be None [90m{"session_id": "no-session", "pid": 34602, "job_id": "AJ_725SjyvuH2dw"}[0m
2025-10-14 20:28:07 - ivr_bot.helper_functions - INFO - [no-session] - ‚úÖ [ASSISTANT_INIT] Validated initialization parameters
2025-10-14 20:28:07 - ivr_bot.main - INFO - [chat-f6c0d6d4-1747-43b3-8199-ab6b209bd084] - Successfully updated initial_agent with enhanced context
2025-10-14 20:28:07,833 - [32mINFO[0m ivr_bot.helper_functions - ‚úÖ [ASSISTANT_INIT] Validated initialization parameters [90m{"session_id": "no-session", "pid": 34602, "job_id": "AJ_725SjyvuH2dw"}[0m
2025-10-14 20:28:07 - ivr_bot.helper_functions - WARNING - [no-session] - Failed to initialize Agent with increased function call limits
2025-10-14 20:28:07,833 - [33mWARNING[0m ivr_bot.helper_functions - Failed to initialize Agent with increased function call limits [90m{"session_id": "no-session", "pid": 34602, "job_id": "AJ_725SjyvuH2dw"}[0m
2025-10-14 20:28:07 - ivr_bot.main - INFO - [no-session] - Successfully updated initial_agent with enhanced context
2025-10-14 20:28:07,834 - [32mINFO[0m ivr_bot.main - Successfully updated initial_agent with enhanced context [90m{"session_id": "no-session", "pid": 34602, "job_id": "AJ_725SjyvuH2dw"}[0m
2025-10-14 20:28:07 - ivr_bot.main - INFO - [chat-f6c0d6d4-1747-43b3-8199-ab6b209bd084] - Stopped typing sounds - API fetching complete
2025-10-14 20:28:07 - ivr_bot.main - INFO - [chat-f6c0d6d4-1747-43b3-8199-ab6b209bd084] - Preparing to deliver personalized follow-up message
2025-10-14 20:28:07 - ivr_bot.main - INFO - [no-session] - Stopped typing sounds - API fetching complete
2025-10-14 20:28:07,893 - [32mINFO[0m ivr_bot.main - Stopped typing sounds - API fetching complete [90m{"session_id": "no-session", "pid": 34602, "job_id": "AJ_725SjyvuH2dw"}[0m
2025-10-14 20:28:07 - ivr_bot.main - INFO - [no-session] - Preparing to deliver personalized follow-up message
2025-10-14 20:28:07,893 - [32mINFO[0m ivr_bot.main - Preparing to deliver personalized follow-up message [90m{"session_id": "no-session", "pid": 34602, "job_id": "AJ_725SjyvuH2dw"}[0m
2025-10-14 20:28:50,714 - [36mDEBUG[0m ivr_bot.main - Conversation item added from assistant: I now have your information from Barwood and Regency Taxi  agency. Can I have your phone number please?. interrupted: False [90m{"pid": 34602, "job_id": "AJ_725SjyvuH2dw"}[0m
2025-10-14 20:28:50 - ivr_bot.main - INFO - [chat-f6c0d6d4-1747-43b3-8199-ab6b209bd084] - APIs fetched and processing complete. Audio input RE-ENABLED.
2025-10-14 20:28:50,717 - [36mDEBUG[0m livekit.agents - input stream attached [90m{"participant": "BARWOOD & REGENCY TAXI", "source": "SOURCE_UNKNOWN", "accepted_sources": ["SOURCE_MICROPHONE"], "pid": 34602, "job_id": "AJ_725SjyvuH2dw"}[0m
2025-10-14 20:28:50 - ivr_bot.main - INFO - [chat-f6c0d6d4-1747-43b3-8199-ab6b209bd084] - Started phone number collection
2025-10-14 20:28:50 - ivr_bot.main - INFO - [no-session] - APIs fetched and processing complete. Audio input RE-ENABLED.
2025-10-14 20:28:50,717 - [32mINFO[0m ivr_bot.main - APIs fetched and processing complete. Audio input RE-ENABLED. [90m{"session_id": "no-session", "pid": 34602, "job_id": "AJ_725SjyvuH2dw"}[0m
2025-10-14 20:28:50 - ivr_bot.main - INFO - [no-session] - Started phone number collection
2025-10-14 20:28:50,720 - [32mINFO[0m ivr_bot.main - Started phone number collection [90m{"session_id": "no-session", "pid": 34602, "job_id": "AJ_725SjyvuH2dw"}[0m
2025-10-14 20:29:07 - ivr_bot.main - INFO - [chat-f6c0d6d4-1747-43b3-8199-ab6b209bd084] - User transcript received: +12345678912
2025-10-14 20:29:07,317 - [36mDEBUG[0m ivr_bot.main - Conversation item added from user: +12345678912. interrupted: False [90m{"pid": 34602, "job_id": "AJ_725SjyvuH2dw"}[0m
2025-10-14 20:29:07 - ivr_bot.main - INFO - [no-session] - User transcript received: +12345678912
2025-10-14 20:29:07,317 - [32mINFO[0m ivr_bot.main - User transcript received: +12345678912 [90m{"session_id": "no-session", "pid": 34602, "job_id": "AJ_725SjyvuH2dw"}[0m
2025-10-14 20:29:12 - ivr_bot.helper_functions - INFO - [chat-f6c0d6d4-1747-43b3-8199-ab6b209bd084] - ‚úÖ [VALIDATE_PHONE] Phone validated and stored: +12345678912
2025-10-14 20:29:12,731 - [36mDEBUG[0m livekit.agents - executing tool [90m{"function": "validate_and_store_phone_number", "arguments": "{\"phone_number\":\"+12345678912\"}", "speech_id": "speech_a1cac264bd99", "pid": 34602, "job_id": "AJ_725SjyvuH2dw"}[0m
2025-10-14 20:29:12 - ivr_bot.helper_functions - INFO - [no-session] - ‚úÖ [VALIDATE_PHONE] Phone validated and stored: +12345678912
2025-10-14 20:29:12,732 - [32mINFO[0m ivr_bot.helper_functions - ‚úÖ [VALIDATE_PHONE] Phone validated and stored: +12345678912 [90m{"session_id": "no-session", "pid": 34602, "job_id": "AJ_725SjyvuH2dw"}[0m
2025-10-14 20:29:12,735 - [36mDEBUG[0m livekit.agents - tools execution completed [90m{"speech_id": "speech_a1cac264bd99", "pid": 34602, "job_id": "AJ_725SjyvuH2dw"}[0m
2025-10-14 20:29:30,380 - [36mDEBUG[0m ivr_bot.main - Conversation item added from assistant: Thank you for providing your phone number. Let me check your profile details. Please wait a moment.. interrupted: False [90m{"pid": 34602, "job_id": "AJ_725SjyvuH2dw"}[0m
2025-10-14 20:29:34 - ivr_bot.supervisor - INFO - [chat-f6c0d6d4-1747-43b3-8199-ab6b209bd084] - [supervisor score] relevance=Decimal('0.9') completeness=Decimal('0.85') groundedness=Decimal('0.95') = 0.90
2025-10-14 20:29:34 - ivr_bot.supervisor - INFO - [no-session] - [supervisor score] relevance=Decimal('0.9') completeness=Decimal('0.85') groundedness=Decimal('0.95') = 0.90
2025-10-14 20:29:34,242 - [32mINFO[0m ivr_bot.supervisor - [supervisor score] relevance=Decimal('0.9') completeness=Decimal('0.85') groundedness=Decimal('0.95') = 0.90 [90m{"session_id": "no-session", "pid": 34602, "job_id": "AJ_725SjyvuH2dw"}[0m
2025-10-14 20:29:35,498 - [36mDEBUG[0m livekit.agents - executing tool [90m{"function": "get_client_name", "arguments": "{}", "speech_id": "speech_6970f8122c13", "pid": 34602, "job_id": "AJ_725SjyvuH2dw"}[0m
2025-10-14 20:29:35,498 - [31mERROR[0m livekit.agents - exception occurred while executing tool
Traceback (most recent call last):
  File "/home/senarios/VoiceAgent5withFeNew/VoiceAgent3/IT_Curves_Bot/helper_functions.py", line 338, in get_client_name
    caller_number = self.rider_phone
AttributeError: 'Assistant' object has no attribute 'rider_phone'. Did you mean: 'rider_name'? [90m{"function": "get_client_name", "speech_id": "speech_6970f8122c13", "pid": 34602, "job_id": "AJ_725SjyvuH2dw"}[0m
2025-10-14 20:29:35,701 - [36mDEBUG[0m livekit.agents - tools execution completed [90m{"speech_id": "speech_6970f8122c13", "pid": 34602, "job_id": "AJ_725SjyvuH2dw"}[0m
2025-10-14 20:29:48,341 - [36mDEBUG[0m ivr_bot.main - Conversation item added from assistant: I am having some trouble accessing your profile right now. May I have your full name, please?. interrupted: False [90m{"pid": 34602, "job_id": "AJ_725SjyvuH2dw"}[0m
2025-10-14 20:29:49 - ivr_bot.supervisor - INFO - [chat-f6c0d6d4-1747-43b3-8199-ab6b209bd084] - [supervisor score] relevance=Decimal('0.8') completeness=Decimal('0.7') groundedness=Decimal('0.75') = 0.75
2025-10-14 20:29:49 - ivr_bot.supervisor - INFO - [no-session] - [supervisor score] relevance=Decimal('0.8') completeness=Decimal('0.7') groundedness=Decimal('0.75') = 0.75
2025-10-14 20:29:49,564 - [32mINFO[0m ivr_bot.supervisor - [supervisor score] relevance=Decimal('0.8') completeness=Decimal('0.7') groundedness=Decimal('0.75') = 0.75 [90m{"session_id": "no-session", "pid": 34602, "job_id": "AJ_725SjyvuH2dw"}[0m
2025-10-14 20:29:53 - ivr_bot.main - INFO - [chat-f6c0d6d4-1747-43b3-8199-ab6b209bd084] - User transcript received: waseem AKram
2025-10-14 20:29:53,047 - [36mDEBUG[0m ivr_bot.main - Conversation item added from user: waseem AKram. interrupted: False [90m{"pid": 34602, "job_id": "AJ_725SjyvuH2dw"}[0m
2025-10-14 20:29:53 - ivr_bot.main - INFO - [no-session] - User transcript received: waseem AKram
2025-10-14 20:29:53,048 - [32mINFO[0m ivr_bot.main - User transcript received: waseem AKram [90m{"session_id": "no-session", "pid": 34602, "job_id": "AJ_725SjyvuH2dw"}[0m
2025-10-14 20:29:58,174 - [33mWARNING[0m livekit.agents - failed to generate LLM completion, retrying in 2.0s
Traceback (most recent call last):
  File "/home/senarios/.local/lib/python3.10/site-packages/livekit/agents/llm/llm.py", line 138, in _main_task
    return await self._run()
  File "/home/senarios/.local/lib/python3.10/site-packages/livekit/plugins/openai/llm.py", line 670, in _run
    raise APITimeoutError(retryable=retryable) from None
livekit.agents._exceptions.APITimeoutError: Request timed out. [90m{"llm": "livekit.plugins.openai.llm.LLM", "attempt": 1, "pid": 34602, "job_id": "AJ_725SjyvuH2dw"}[0m
2025-10-14 20:30:02 - ivr_bot.helper_functions - INFO - [chat-f6c0d6d4-1747-43b3-8199-ab6b209bd084] - ‚úÖ [VALIDATE_NAME] Name validated and stored: waseem AKram
2025-10-14 20:30:02,562 - [36mDEBUG[0m livekit.agents - executing tool [90m{"function": "validate_and_store_rider_name", "arguments": "{\"rider_name\":\"waseem AKram\"}", "speech_id": "speech_4b188ab65cc4", "pid": 34602, "job_id": "AJ_725SjyvuH2dw"}[0m
2025-10-14 20:30:02 - ivr_bot.helper_functions - INFO - [no-session] - ‚úÖ [VALIDATE_NAME] Name validated and stored: waseem AKram
2025-10-14 20:30:02,563 - [32mINFO[0m ivr_bot.helper_functions - ‚úÖ [VALIDATE_NAME] Name validated and stored: waseem AKram [90m{"session_id": "no-session", "pid": 34602, "job_id": "AJ_725SjyvuH2dw"}[0m
2025-10-14 20:30:02,565 - [36mDEBUG[0m livekit.agents - tools execution completed [90m{"speech_id": "speech_4b188ab65cc4", "pid": 34602, "job_id": "AJ_725SjyvuH2dw"}[0m
2025-10-14 20:30:10,636 - [36mDEBUG[0m ivr_bot.main - Conversation item added from assistant: It's nice to have you here, waseem AKram. How can I help you today?. interrupted: False [90m{"pid": 34602, "job_id": "AJ_725SjyvuH2dw"}[0m
2025-10-14 20:30:11 - ivr_bot.supervisor - INFO - [chat-f6c0d6d4-1747-43b3-8199-ab6b209bd084] - [supervisor score] relevance=Decimal('0.5') completeness=Decimal('0.4') groundedness=Decimal('0.3') = 0.4
2025-10-14 20:30:11 - ivr_bot.supervisor - INFO - [no-session] - [supervisor score] relevance=Decimal('0.5') completeness=Decimal('0.4') groundedness=Decimal('0.3') = 0.4
2025-10-14 20:30:11,999 - [32mINFO[0m ivr_bot.supervisor - [supervisor score] relevance=Decimal('0.5') completeness=Decimal('0.4') groundedness=Decimal('0.3') = 0.4 [90m{"session_id": "no-session", "pid": 34602, "job_id": "AJ_725SjyvuH2dw"}[0m
2025-10-14 20:31:16 - ivr_bot.main - INFO - [chat-f6c0d6d4-1747-43b3-8199-ab6b209bd084] - User transcript received: i want to book a ride from 1 School Dr, Gaithersburg, MD 20878 (Fields Road Elementary School) to this 25 School Dr, Gaithersburg, MD 20878 (Village at Gaithersburg Apartments) at 4:00 pm
2025-10-14 20:31:16,909 - [36mDEBUG[0m ivr_bot.main - Conversation item added from user: i want to book a ride from 1 School Dr, Gaithersburg, MD 20878 (Fields Road Elementary School) to this 25 School Dr, Gaithersburg, MD 20878 (Village at Gaithersburg Apartments) at 4:00 pm. interrupted: False [90m{"pid": 34602, "job_id": "AJ_725SjyvuH2dw"}[0m
2025-10-14 20:31:16 - ivr_bot.main - INFO - [no-session] - User transcript received: i want to book a ride from 1 School Dr, Gaithersburg, MD 20878 (Fields Road Elementary School) to this 25 School Dr, Gaithersburg, MD 20878 (Village at Gaithersburg Apartments) at 4:00 pm
2025-10-14 20:31:16,910 - [32mINFO[0m ivr_bot.main - User transcript received: i want to book a ride from 1 School Dr, Gaithersburg, MD 20878 (Fields Road Elementary School) to this 25 School Dr, Gaithersburg, MD 20878 (Village at Gaithersburg Apartments) at 4:00 pm [90m{"session_id": "no-session", "pid": 34602, "job_id": "AJ_725SjyvuH2dw"}[0m
2025-10-14 20:31:23 - ivr_bot.helper_functions - INFO - [chat-f6c0d6d4-1747-43b3-8199-ab6b209bd084] - Called get_valid_address function with address: 1 School Drive, Gaithersburg, Maryland 20878
2025-10-14 20:31:23,425 - [36mDEBUG[0m livekit.agents - executing tool [90m{"function": "get_valid_addresses", "arguments": "{\"address\": \"1 School Drive, Gaithersburg, Maryland 20878\"}", "speech_id": "speech_251f184b2fb6", "pid": 34602, "job_id": "AJ_725SjyvuH2dw"}[0m
2025-10-14 20:31:23 - ivr_bot.side_functions - INFO - [chat-f6c0d6d4-1747-43b3-8199-ab6b209bd084] - Called search_web_manual function with prompt: Verify if this address is valid or not: 
```
1 School Drive, Gaithersburg, Maryland 20878
```

Please respond ONLY with a valid JSON object in the following format:
{
    "valid": true/false,
    "confidence": 0-100,
    "normalized_address": "full normalized address if valid",
    "latitude": numeric value if valid (e.g., 38.9072),
    "longitude": numeric value if valid (e.g., -77.0369),
    "error": "reason if invalid or empty string if valid"
}

Ensure your response contains ONLY the JSON object with no additional text, explanation, or formatting.
2025-10-14 20:31:23 - ivr_bot.helper_functions - INFO - [no-session] - Called get_valid_address function with address: 1 School Drive, Gaithersburg, Maryland 20878
2025-10-14 20:31:23,426 - [32mINFO[0m ivr_bot.helper_functions - Called get_valid_address function with address: 1 School Drive, Gaithersburg, Maryland 20878 [90m{"session_id": "no-session", "pid": 34602, "job_id": "AJ_725SjyvuH2dw"}[0m
2025-10-14 20:31:23 - ivr_bot.side_functions - INFO - [no-session] - Called search_web_manual function with prompt: Verify if this address is valid or not: 
```
1 School Drive, Gaithersburg, Maryland 20878
```

Please respond ONLY with a valid JSON object in the following format:
{
    "valid": true/false,
    "confidence": 0-100,
    "normalized_address": "full normalized address if valid",
    "latitude": numeric value if valid (e.g., 38.9072),
    "longitude": numeric value if valid (e.g., -77.0369),
    "error": "reason if invalid or empty string if valid"
}

Ensure your response contains ONLY the JSON object with no additional text, explanation, or formatting.
2025-10-14 20:31:23,427 - [32mINFO[0m ivr_bot.side_functions - Called search_web_manual function with prompt: Verify if this address is valid or not: 
```
1 School Drive, Gaithersburg, Maryland 20878
```

Please respond ONLY with a valid JSON object in the following format:
{
    "valid": true/false,
    "confidence": 0-100,
    "normalized_address": "full normalized address if valid",
    "latitude": numeric value if valid (e.g., 38.9072),
    "longitude": numeric value if valid (e.g., -77.0369),
    "error": "reason if invalid or empty string if valid"
}

Ensure your response contains ONLY the JSON object with no additional text, explanation, or formatting. [90m{"session_id": "no-session", "pid": 34602, "job_id": "AJ_725SjyvuH2dw"}[0m
2025-10-14 20:31:24 - ivr_bot.helper_functions - INFO - [chat-f6c0d6d4-1747-43b3-8199-ab6b209bd084] - Called get_valid_address function with address: 25 School Drive, Gaithersburg, Maryland 20878
2025-10-14 20:31:24,177 - [36mDEBUG[0m livekit.agents - executing tool [90m{"function": "get_valid_addresses", "arguments": "{\"address\": \"25 School Drive, Gaithersburg, Maryland 20878\"}", "speech_id": "speech_251f184b2fb6", "pid": 34602, "job_id": "AJ_725SjyvuH2dw"}[0m
2025-10-14 20:31:24 - ivr_bot.side_functions - INFO - [chat-f6c0d6d4-1747-43b3-8199-ab6b209bd084] - Called search_web_manual function with prompt: Verify if this address is valid or not: 
```
25 School Drive, Gaithersburg, Maryland 20878
```

Please respond ONLY with a valid JSON object in the following format:
{
    "valid": true/false,
    "confidence": 0-100,
    "normalized_address": "full normalized address if valid",
    "latitude": numeric value if valid (e.g., 38.9072),
    "longitude": numeric value if valid (e.g., -77.0369),
    "error": "reason if invalid or empty string if valid"
}

Ensure your response contains ONLY the JSON object with no additional text, explanation, or formatting.
2025-10-14 20:31:24 - ivr_bot.helper_functions - INFO - [no-session] - Called get_valid_address function with address: 25 School Drive, Gaithersburg, Maryland 20878
2025-10-14 20:31:24,178 - [32mINFO[0m ivr_bot.helper_functions - Called get_valid_address function with address: 25 School Drive, Gaithersburg, Maryland 20878 [90m{"session_id": "no-session", "pid": 34602, "job_id": "AJ_725SjyvuH2dw"}[0m
2025-10-14 20:31:24 - ivr_bot.side_functions - INFO - [no-session] - Called search_web_manual function with prompt: Verify if this address is valid or not: 
```
25 School Drive, Gaithersburg, Maryland 20878
```

Please respond ONLY with a valid JSON object in the following format:
{
    "valid": true/false,
    "confidence": 0-100,
    "normalized_address": "full normalized address if valid",
    "latitude": numeric value if valid (e.g., 38.9072),
    "longitude": numeric value if valid (e.g., -77.0369),
    "error": "reason if invalid or empty string if valid"
}

Ensure your response contains ONLY the JSON object with no additional text, explanation, or formatting.
2025-10-14 20:31:24,179 - [32mINFO[0m ivr_bot.side_functions - Called search_web_manual function with prompt: Verify if this address is valid or not: 
```
25 School Drive, Gaithersburg, Maryland 20878
```

Please respond ONLY with a valid JSON object in the following format:
{
    "valid": true/false,
    "confidence": 0-100,
    "normalized_address": "full normalized address if valid",
    "latitude": numeric value if valid (e.g., 38.9072),
    "longitude": numeric value if valid (e.g., -77.0369),
    "error": "reason if invalid or empty string if valid"
}

Ensure your response contains ONLY the JSON object with no additional text, explanation, or formatting. [90m{"session_id": "no-session", "pid": 34602, "job_id": "AJ_725SjyvuH2dw"}[0m
2025-10-14 20:31:26,254 - [36mDEBUG[0m ivr_bot.main - Conversation item added from assistant: Let me verify the addresses for you. Please wait a moment.. interrupted: False [90m{"pid": 34602, "job_id": "AJ_725SjyvuH2dw"}[0m
2025-10-14 20:31:26 - ivr_bot.helper_functions - INFO - [chat-f6c0d6d4-1747-43b3-8199-ab6b209bd084] - Called check_bounds function
2025-10-14 20:31:26,991 - [36mDEBUG[0m ivr_bot.helper_functions - Valid Addresses Result from Web Search: {'valid': True, 'confidence': 100, 'normalized_address': '1 School Dr, Gaithersburg, MD 20878', 'latitude': 39.1192, 'longitude': -77.2154, 'error': ''} [90m{"pid": 34602, "job_id": "AJ_725SjyvuH2dw"}[0m
2025-10-14 20:31:26 - ivr_bot.helper_functions - INFO - [no-session] - Called check_bounds function
2025-10-14 20:31:26,992 - [32mINFO[0m ivr_bot.helper_functions - Called check_bounds function [90m{"session_id": "no-session", "pid": 34602, "job_id": "AJ_725SjyvuH2dw"}[0m
2025-10-14 20:31:26,992 - [36mDEBUG[0m ivr_bot.side_functions - Payload Sent for Affiliate Information: {'iaffiliateid': 21} [90m{"pid": 34602, "job_id": "AJ_725SjyvuH2dw"}[0m
2025-10-14 20:31:28 - ivr_bot.helper_functions - INFO - [chat-f6c0d6d4-1747-43b3-8199-ab6b209bd084] - Called check_bounds function
2025-10-14 20:31:28,538 - [36mDEBUG[0m ivr_bot.helper_functions - Valid Addresses Result from Web Search: {'valid': True, 'confidence': 100, 'normalized_address': '25 School Drive, Gaithersburg, MD 20878', 'latitude': 39.1192, 'longitude': -77.2154, 'error': ''} [90m{"pid": 34602, "job_id": "AJ_725SjyvuH2dw"}[0m
2025-10-14 20:31:28 - ivr_bot.helper_functions - INFO - [no-session] - Called check_bounds function
2025-10-14 20:31:28,539 - [32mINFO[0m ivr_bot.helper_functions - Called check_bounds function [90m{"session_id": "no-session", "pid": 34602, "job_id": "AJ_725SjyvuH2dw"}[0m
2025-10-14 20:31:28,540 - [36mDEBUG[0m ivr_bot.side_functions - Payload Sent for Affiliate Information: {'iaffiliateid': 21} [90m{"pid": 34602, "job_id": "AJ_725SjyvuH2dw"}[0m
2025-10-14 20:31:31 - ivr_bot.supervisor - INFO - [chat-f6c0d6d4-1747-43b3-8199-ab6b209bd084] - [supervisor score] relevance=Decimal('0.5') completeness=Decimal('0.4') groundedness=Decimal('0.6') = 0.5
2025-10-14 20:31:31 - ivr_bot.supervisor - INFO - [no-session] - [supervisor score] relevance=Decimal('0.5') completeness=Decimal('0.4') groundedness=Decimal('0.6') = 0.5
2025-10-14 20:31:31,322 - [32mINFO[0m ivr_bot.supervisor - [supervisor score] relevance=Decimal('0.5') completeness=Decimal('0.4') groundedness=Decimal('0.6') = 0.5 [90m{"session_id": "no-session", "pid": 34602, "job_id": "AJ_725SjyvuH2dw"}[0m
2025-10-14 20:31:32,469 - [36mDEBUG[0m ivr_bot.helper_functions - Bounds: {'x1': '37.175108867393085', 'y1': '-80.56370227557687', 'x2': '40.03477876450898', 'y2': '-76.28661650301018'} [90m{"pid": 34602, "job_id": "AJ_725SjyvuH2dw"}[0m
2025-10-14 20:31:41,375 - [36mDEBUG[0m ivr_bot.helper_functions - Bounds: {'x1': '37.175108867393085', 'y1': '-80.56370227557687', 'x2': '40.03477876450898', 'y2': '-76.28661650301018'} [90m{"pid": 34602, "job_id": "AJ_725SjyvuH2dw"}[0m
2025-10-14 20:31:41,376 - [36mDEBUG[0m livekit.agents - tools execution completed [90m{"speech_id": "speech_251f184b2fb6", "pid": 34602, "job_id": "AJ_725SjyvuH2dw"}[0m
2025-10-14 20:31:45,255 - [36mDEBUG[0m ivr_bot.main - Conversation item added from assistant: Let me transfer you to live agent. interrupted: False [90m{"pid": 34602, "job_id": "AJ_725SjyvuH2dw"}[0m
2025-10-14 20:31:45 - ivr_bot.supervisor - INFO - [chat-f6c0d6d4-1747-43b3-8199-ab6b209bd084] - transfer_call_voice function called...
2025-10-14 20:31:45 - ivr_bot.supervisor - INFO - [no-session] - transfer_call_voice function called...
2025-10-14 20:31:45,258 - [32mINFO[0m ivr_bot.supervisor - transfer_call_voice function called... [90m{"session_id": "no-session", "pid": 34602, "job_id": "AJ_725SjyvuH2dw"}[0m
2025-10-14 20:31:46 - ivr_bot.supervisor - ERROR - [chat-f6c0d6d4-1747-43b3-8199-ab6b209bd084] - Error during call transfer: TwirpError(code=invalid_argument, message=twirp error unknown: no SIP session associated with participant, status=400)
2025-10-14 20:31:46 - ivr_bot.supervisor - ERROR - [no-session] - Error during call transfer: TwirpError(code=invalid_argument, message=twirp error unknown: no SIP session associated with participant, status=400)
2025-10-14 20:31:46,270 - [31mERROR[0m ivr_bot.supervisor - Error during call transfer: TwirpError(code=invalid_argument, message=twirp error unknown: no SIP session associated with participant, status=400) [90m{"session_id": "no-session", "pid": 34602, "job_id": "AJ_725SjyvuH2dw"}[0m
2025-10-14 20:31:46,477 - [33mWARNING[0m livekit.agents - failed to generate LLM completion, retrying in 2.0s
Traceback (most recent call last):
  File "/home/senarios/.local/lib/python3.10/site-packages/livekit/agents/llm/llm.py", line 138, in _main_task
    return await self._run()
  File "/home/senarios/.local/lib/python3.10/site-packages/livekit/plugins/openai/llm.py", line 670, in _run
    raise APITimeoutError(retryable=retryable) from None
livekit.agents._exceptions.APITimeoutError: Request timed out. [90m{"llm": "livekit.plugins.openai.llm.LLM", "attempt": 1, "pid": 34602, "job_id": "AJ_725SjyvuH2dw"}[0m
2025-10-14 20:32:05,046 - [36mDEBUG[0m ivr_bot.main - Conversation item added from assistant: Your addresses are verified! When would you like your ride to be scheduled? You mentioned 4:00 pm, is that correct?. interrupted: False [90m{"pid": 34602, "job_id": "AJ_725SjyvuH2dw"}[0m
2025-10-14 20:32:08 - ivr_bot.main - INFO - [chat-f6c0d6d4-1747-43b3-8199-ab6b209bd084] - User transcript received: yes its correct
2025-10-14 20:32:08,220 - [36mDEBUG[0m ivr_bot.main - Conversation item added from user: yes its correct. interrupted: False [90m{"pid": 34602, "job_id": "AJ_725SjyvuH2dw"}[0m
2025-10-14 20:32:08 - ivr_bot.main - INFO - [no-session] - User transcript received: yes its correct
2025-10-14 20:32:08,220 - [32mINFO[0m ivr_bot.main - User transcript received: yes its correct [90m{"session_id": "no-session", "pid": 34602, "job_id": "AJ_725SjyvuH2dw"}[0m
2025-10-14 20:32:13,770 - [36mDEBUG[0m ivr_bot.main - Conversation item added from assistant: Great! How would you like to pay for your ride?. interrupted: False [90m{"pid": 34602, "job_id": "AJ_725SjyvuH2dw"}[0m
2025-10-14 20:32:17 - ivr_bot.main - INFO - [chat-f6c0d6d4-1747-43b3-8199-ab6b209bd084] - User transcript received: cash
2025-10-14 20:32:17,301 - [36mDEBUG[0m ivr_bot.main - Conversation item added from user: cash. interrupted: False [90m{"pid": 34602, "job_id": "AJ_725SjyvuH2dw"}[0m
2025-10-14 20:32:17 - ivr_bot.main - INFO - [no-session] - User transcript received: cash
2025-10-14 20:32:17,302 - [32mINFO[0m ivr_bot.main - User transcript received: cash [90m{"session_id": "no-session", "pid": 34602, "job_id": "AJ_725SjyvuH2dw"}[0m
2025-10-14 20:32:23,021 - [36mDEBUG[0m ivr_bot.main - Conversation item added from assistant: I got cash. Do I have that right?. interrupted: False [90m{"pid": 34602, "job_id": "AJ_725SjyvuH2dw"}[0m
2025-10-14 20:32:28 - ivr_bot.main - INFO - [chat-f6c0d6d4-1747-43b3-8199-ab6b209bd084] - User transcript received: yes right 
2025-10-14 20:32:28,098 - [36mDEBUG[0m ivr_bot.main - Conversation item added from user: yes right . interrupted: False [90m{"pid": 34602, "job_id": "AJ_725SjyvuH2dw"}[0m
2025-10-14 20:32:28 - ivr_bot.main - INFO - [no-session] - User transcript received: yes right 
2025-10-14 20:32:28,098 - [32mINFO[0m ivr_bot.main - User transcript received: yes right  [90m{"session_id": "no-session", "pid": 34602, "job_id": "AJ_725SjyvuH2dw"}[0m
2025-10-14 20:32:32 - ivr_bot.helper_functions - INFO - [chat-f6c0d6d4-1747-43b3-8199-ab6b209bd084] - Called get_IDs function
2025-10-14 20:32:32,513 - [36mDEBUG[0m livekit.agents - executing tool [90m{"function": "get_IDs", "arguments": "{\"params\":{\"account_\":\"cash\",\"payment_method\":\"cash\"}}", "speech_id": "speech_1e7cda44ef70", "pid": 34602, "job_id": "AJ_725SjyvuH2dw"}[0m
2025-10-14 20:32:32 - ivr_bot.helper_functions - INFO - [no-session] - Called get_IDs function
2025-10-14 20:32:32,513 - [32mINFO[0m ivr_bot.helper_functions - Called get_IDs function [90m{"session_id": "no-session", "pid": 34602, "job_id": "AJ_725SjyvuH2dw"}[0m
2025-10-14 20:32:32,515 - [36mDEBUG[0m ivr_bot.helper_functions - Confirmed Account Name: self [90m{"pid": 34602, "job_id": "AJ_725SjyvuH2dw"}[0m
2025-10-14 20:32:32,516 - [36mDEBUG[0m ivr_bot.side_functions - Payload Sent for Affiliate Information: {'iaffiliateid': 21} [90m{"pid": 34602, "job_id": "AJ_725SjyvuH2dw"}[0m
2025-10-14 20:32:36,124 - [36mDEBUG[0m ivr_bot.helper_functions - Prompt sent for matching funding sources: 
            You are given a list of dictionaries enclosed in triple backticks: ```[{'FID': 1, 'FundingSource': 'Self', 'ProgramID': -1}, {'FID': 5, 'FundingSource': '1538 - ASBURY METHODIST VILLAGE', 'ProgramID': -1}, {'FID': 6, 'FundingSource': '1625 - PAINT BRANCH HIGH SCHOOL', 'ProgramID': -1}, {'FID': 19, 'FundingSource': "3198 - CHILDREN'S INN AT NIH", 'ProgramID': -1}, {'FID': 22, 'FundingSource': '3304 - CLASSIC RESIDENCE', 'ProgramID': -1}, {'FID': 24, 'FundingSource': '3360 - CONGREGATION BETH EL', 'ProgramID': -1}, {'FID': 25, 'FundingSource': '3361 - COLUMBIA LIGHTHOUSE ', 'ProgramID': -1}, {'FID': 26, 'FundingSource': '3511 - COUNCIL OF GOVERNMENTS', 'ProgramID': -1}, {'FID': 31, 'FundingSource': '4218 - DISTRICT COURT MD', 'ProgramID': -1}, {'FID': 33, 'FundingSource': '4258 - DORS GERMANTOWN', 'ProgramID': -1}, {'FID': 34, 'FundingSource': '4259 - DORS CUMBERLAND', 'ProgramID': -1}, {'FID': 36, 'FundingSource': '4390 - DHHU', 'ProgramID': -1}, {'FID': 38, 'FundingSource': '6083 - FSI MENTAL HEALTH CLINIC', 'ProgramID': -1}, {'FID': 44, 'FundingSource': '6476 - Frederick Co. Dept.Social Serv', 'ProgramID': -1}, {'FID': 45, 'FundingSource': '6480 - Kranke', 'ProgramID': -1}, {'FID': 47, 'FundingSource': '7057 - GALLAGHER ', 'ProgramID': -1}, {'FID': 52, 'FundingSource': '7308 - GLADSTONE ADVISERS, INC.', 'ProgramID': -1}, {'FID': 54, 'FundingSource': '7938 - DORS/WHEATON', 'ProgramID': -1}, {'FID': 56, 'FundingSource': '8141 - COVANCE MARKET ACCESS SERVICES', 'ProgramID': -1}, {'FID': 57, 'FundingSource': '8158 - HENRY M JACKSON FOUNDATION', 'ProgramID': -1}, {'FID': 60, 'FundingSource': '8370 - HOLY CROSS HEALTH CENTER', 'ProgramID': -1}, {'FID': 61, 'FundingSource': '8385 - HOWARD HUGHES MED', 'ProgramID': -1}, {'FID': 62, 'FundingSource': '8429 - HOLY CROSS HOSP HLTH CNT', 'ProgramID': -1}, {'FID': 68, 'FundingSource': '10043 - JHHC/PRIORITY PARTNERS', 'ProgramID': -1}, {'FID': 69, 'FundingSource': '10132 - JFGH', 'ProgramID': -1}, {'FID': 344, 'FundingSource': 'APP', 'ProgramID': -1}, {'FID': 345, 'FundingSource': 'APS RIS', 'ProgramID': -1}, {'FID': 346, 'FundingSource': 'ARH', 'ProgramID': -1}, {'FID': 355, 'FundingSource': 'CRISIS', 'ProgramID': -1}, {'FID': 356, 'FundingSource': 'CSN', 'ProgramID': -1}, {'FID': 357, 'FundingSource': 'CSS', 'ProgramID': -1}, {'FID': 358, 'FundingSource': 'CY MARRIOTT', 'ProgramID': -1}, {'FID': 419, 'FundingSource': '72286 - Knaff', 'ProgramID': -1}, {'FID': 420, 'FundingSource': 'ROC', 'ProgramID': -1}, {'FID': 421, 'FundingSource': '72304 - Imagine Hope', 'ProgramID': -1}, {'FID': 85, 'FundingSource': '13224 - MMG NIAID', 'ProgramID': -1}, {'FID': 86, 'FundingSource': '13278 - Kensington Park Senior Living', 'ProgramID': -1}, {'FID': 88, 'FundingSource': '13310 - MedStar Family Choice BU#70771', 'ProgramID': -1}, {'FID': 91, 'FundingSource': '13407 - MCPS Dr. Bell', 'ProgramID': -1}, {'FID': 92, 'FundingSource': '13411 - MOCO COALITION/HOMELESS', 'ProgramID': -1}, {'FID': 96, 'FundingSource': '13433 - MCPS ASSESSMENT SVC UNIT', 'ProgramID': -1}, {'FID': 99, 'FundingSource': '13732 - MORRISON ', 'ProgramID': -1}, {'FID': 101, 'FundingSource': 'MEDICAID', 'ProgramID': -1}, {'FID': 111, 'FundingSource': '15045 - OBVS/DORS WHEATON', 'ProgramID': -1}, {'FID': 113, 'FundingSource': '16131 - PERKINS COIE LLP', 'ProgramID': -1}, {'FID': 118, 'FundingSource': '18270 - RICA STATE MD', 'ProgramID': -1}, {'FID': 127, 'FundingSource': '19280 - FJC', 'ProgramID': -1}, {'FID': 134, 'FundingSource': '19519 - STEPPING STONES', 'ProgramID': -1}, {'FID': 141, 'FundingSource': '20480 - TREE HOUSE', 'ProgramID': -1}, {'FID': 143, 'FundingSource': 'CALLM', 'ProgramID': -1}, {'FID': 145, 'FundingSource': '23130 - WESTAT', 'ProgramID': -1}, {'FID': 147, 'FundingSource': '23215 - WILMER EYE INSTITUTE', 'ProgramID': -1}, {'FID': 154, 'FundingSource': 'NIH', 'ProgramID': -1}, {'FID': 164, 'FundingSource': '71707 - Sunrise of Silver Spring', 'ProgramID': -1}, {'FID': 165, 'FundingSource': '71714 - FOX HILL', 'ProgramID': -1}, {'FID': 186, 'FundingSource': '72124 - C. Wm. Neuhauser', 'ProgramID': -1}, {'FID': 196, 'FundingSource': '72189 - People Encouraging People', 'ProgramID': -1}, {'FID': 199, 'FundingSource': '72207 - Abe M. Schuchman, Esq., CEO', 'ProgramID': -1}, {'FID': 200, 'FundingSource': '72208 - BENJAMIN & SUSAN AIKEN', 'ProgramID': -1}, {'FID': 214, 'FundingSource': '72233 - GENERAL DYNAMICS IT', 'ProgramID': -1}, {'FID': 215, 'FundingSource': '72234 - CAROL BERGIN', 'ProgramID': -1}, {'FID': 216, 'FundingSource': '72235 - BARBARA V. WEST', 'ProgramID': -1}, {'FID': 224, 'FundingSource': '79999 - BILL SAPP', 'ProgramID': -1}, {'FID': 227, 'FundingSource': '81064 - MEDSTAR HEALTH', 'ProgramID': -1}, {'FID': 244, 'FundingSource': '13298 - MACROGENICS, INC.', 'ProgramID': -1}, {'FID': 246, 'FundingSource': '4370 - DORS Devi Tiwari', 'ProgramID': -1}, {'FID': 248, 'FundingSource': '72243 - Amy Rogus', 'ProgramID': -1}, {'FID': 259, 'FundingSource': '71695 - TODD IRWIN', 'ProgramID': -1}, {'FID': 262, 'FundingSource': '77777 - BW', 'ProgramID': -1}, {'FID': 266, 'FundingSource': '4330 - DORS', 'ProgramID': -1}, {'FID': 267, 'FundingSource': '4340 - DORS', 'ProgramID': -1}, {'FID': 269, 'FundingSource': 'WMATA', 'ProgramID': -1}, {'FID': 270, 'FundingSource': 'WMATAPromo', 'ProgramID': -1}, {'FID': 271, 'FundingSource': '3230 - Rockville Call n Ride', 'ProgramID': -1}, {'FID': 273, 'FundingSource': 'SMART', 'ProgramID': -1}, {'FID': 280, 'FundingSource': '3575 - CW YOUNG', 'ProgramID': -1}, {'FID': 281, 'FundingSource': '72251 - People Encouraging People', 'ProgramID': -1}, {'FID': 287, 'FundingSource': '13189 - MontCare Potomac', 'ProgramID': -1}, {'FID': 313, 'FundingSource': '8475 -  HOC', 'ProgramID': -1}, {'FID': 314, 'FundingSource': '4310 - DORS', 'ProgramID': -1}, {'FID': 317, 'FundingSource': '4320 - DORS', 'ProgramID': -1}, {'FID': 319, 'FundingSource': '72290 - PEP3', 'ProgramID': -1}, {'FID': 323, 'FundingSource': 'CHI Promo', 'ProgramID': -1}, {'FID': 324, 'FundingSource': 'CHI', 'ProgramID': -1}, {'FID': 325, 'FundingSource': 'CHIW', 'ProgramID': -1}, {'FID': 327, 'FundingSource': '4252 - DORS VTS', 'ProgramID': -1}, {'FID': 329, 'FundingSource': '72280 - Price', 'ProgramID': -1}, {'FID': 331, 'FundingSource': '72298 - Carter', 'ProgramID': -1}, {'FID': 333, 'FundingSource': '72296 - Murphy', 'ProgramID': -1}, {'FID': 340, 'FundingSource': '72325 - RAINBOW', 'ProgramID': -1}, {'FID': 343, 'FundingSource': 'AFC', 'ProgramID': -1}, {'FID': 347, 'FundingSource': 'BBH', 'ProgramID': -1}, {'FID': 348, 'FundingSource': 'Bender', 'ProgramID': -1}, {'FID': 349, 'FundingSource': 'BOLGER', 'ProgramID': -1}, {'FID': 351, 'FundingSource': 'CDE', 'ProgramID': -1}, {'FID': 352, 'FundingSource': 'CMMC', 'ProgramID': -1}, {'FID': 353, 'FundingSource': 'CMRI', 'ProgramID': -1}, {'FID': 354, 'FundingSource': 'CPU', 'ProgramID': -1}, {'FID': 359, 'FundingSource': 'DVR', 'ProgramID': -1}, {'FID': 360, 'FundingSource': 'DVRGERM', 'ProgramID': -1}, {'FID': 362, 'FundingSource': 'ERSERV', 'ProgramID': -1}, {'FID': 366, 'FundingSource': 'HELP', 'ProgramID': -1}, {'FID': 367, 'FundingSource': 'HHS A AND D', 'ProgramID': -1}, {'FID': 368, 'FundingSource': 'HHSIT', 'ProgramID': -1}, {'FID': 369, 'FundingSource': 'HHSW', 'ProgramID': -1}, {'FID': 370, 'FundingSource': 'HJF', 'ProgramID': -1}, {'FID': 371, 'FundingSource': 'HUGHES', 'ProgramID': -1}, {'FID': 373, 'FundingSource': 'JCA', 'ProgramID': -1}, {'FID': 374, 'FundingSource': 'JCC', 'ProgramID': -1}, {'FID': 375, 'FundingSource': 'JSSA', 'ProgramID': -1}, {'FID': 376, 'FundingSource': 'CLUSTERPROJ', 'ProgramID': -1}, {'FID': 377, 'FundingSource': 'L2L', 'ProgramID': -1}, {'FID': 378, 'FundingSource': 'LIFE', 'ProgramID': -1}, {'FID': 379, 'FundingSource': 'LMH', 'ProgramID': -1}, {'FID': 380, 'FundingSource': 'MANORB', 'ProgramID': -1}, {'FID': 382, 'FundingSource': 'MarriottGWC', 'ProgramID': -1}, {'FID': 383, 'FundingSource': 'MaxCohen', 'ProgramID': -1}, {'FID': 384, 'FundingSource': 'MCCC', 'ProgramID': -1}, {'FID': 385, 'FundingSource': 'MCFF', 'ProgramID': -1}, {'FID': 386, 'FundingSource': 'MCPS', 'ProgramID': -1}, {'FID': 387, 'FundingSource': 'MCPS-BOE', 'ProgramID': -1}, {'FID': 389, 'FundingSource': 'MDC', 'ProgramID': -1}, {'FID': 390, 'FundingSource': 'MDDS', 'ProgramID': -1}, {'FID': 393, 'FundingSource': 'MSGP', 'ProgramID': -1}, {'FID': 394, 'FundingSource': 'NCCF', 'ProgramID': -1}, {'FID': 396, 'FundingSource': 'ONC-SUB', 'ProgramID': -1}, {'FID': 398, 'FundingSource': 'RCM', 'ProgramID': -1}, {'FID': 400, 'FundingSource': 'SASCA', 'ProgramID': -1}, {'FID': 401, 'FundingSource': 'SCMC', 'ProgramID': -1}, {'FID': 403, 'FundingSource': 'SGAH', 'ProgramID': -1}, {'FID': 404, 'FundingSource': 'SGAR', 'ProgramID': -1}, {'FID': 405, 'FundingSource': 'SHS MARRIOTT', 'ProgramID': -1}, {'FID': 408, 'FundingSource': 'SUB', 'ProgramID': -1}, {'FID': 409, 'FundingSource': 'TEAMIV DHHS', 'ProgramID': -1}, {'FID': 410, 'FundingSource': 'THERED', 'ProgramID': -1}, {'FID': 411, 'FundingSource': 'VASAP', 'ProgramID': -1}, {'FID': 416, 'FundingSource': 'Safety Net Program HHSTV', 'ProgramID': -1}, {'FID': 417, 'FundingSource': 'Bethesda Cares Inc', 'ProgramID': -1}, {'FID': 423, 'FundingSource': '72330 - Offen', 'ProgramID': -1}, {'FID': 424, 'FundingSource': 'BROKER', 'ProgramID': -1}, {'FID': 430, 'FundingSource': '19267 - Shulman', 'ProgramID': -1}, {'FID': 431, 'FundingSource': 'WUMCO', 'ProgramID': -1}, {'FID': 432, 'FundingSource': '72338 - Springbrook HS', 'ProgramID': -1}, {'FID': 433, 'FundingSource': '14300 - NCCCC', 'ProgramID': -1}, {'FID': 434, 'FundingSource': '4410 - DORS Hagerstown', 'ProgramID': -1}, {'FID': 435, 'FundingSource': '72341 - Solera', 'ProgramID': -1}, {'FID': 436, 'FundingSource': 'RTH-CHIW', 'ProgramID': -1}, {'FID': 437, 'FundingSource': 'RTH-WMATA', 'ProgramID': -1}, {'FID': 438, 'FundingSource': '72318 - Lawrence', 'ProgramID': -1}, {'FID': 519, 'FundingSource': 'REGENCY', 'ProgramID': -1}, {'FID': 544, 'FundingSource': 'TestFS', 'ProgramID': -1}, {'FID': 549, 'FundingSource': 'CHI-SHOP', 'ProgramID': -1}, {'FID': 550, 'FundingSource': 'Barwood', 'ProgramID': -1}, {'FID': 552, 'FundingSource': 'Delivery', 'ProgramID': -1}, {'FID': 555, 'FundingSource': '72345 - Ittner', 'ProgramID': -1}, {'FID': 557, 'FundingSource': '666', 'ProgramID': -1}, {'FID': 559, 'FundingSource': '16439 - PCC 1', 'ProgramID': -1}, {'FID': 563, 'FundingSource': '72333 - Maplewood', 'ProgramID': -1}, {'FID': 565, 'FundingSource': 'ECOZ', 'ProgramID': -1}, {'FID': 566, 'FundingSource': 'FCTC', 'ProgramID': -1}, {'FID': 567, 'FundingSource': '72348 - Grunder', 'ProgramID': -1}, {'FID': 568, 'FundingSource': '4380 - DORS Alison', 'ProgramID': -1}, {'FID': 569, 'FundingSource': 'BOOST', 'ProgramID': -1}, {'FID': 571, 'FundingSource': 'NEWC', 'ProgramID': -1}, {'FID': 572, 'FundingSource': 'CABH', 'ProgramID': -1}, {'FID': 573, 'FundingSource': '72352 - Cook', 'ProgramID': -1}, {'FID': 574, 'FundingSource': 'HHSELC', 'ProgramID': -1}, {'FID': 576, 'FundingSource': '72355 - Sterling', 'ProgramID': -1}, {'FID': 577, 'FundingSource': '4425 -DORS Westminster', 'ProgramID': -1}, {'FID': 578, 'FundingSource': '4395 - DORS Toi Glover', 'ProgramID': -1}, {'FID': 579, 'FundingSource': '4265 - DORS Alisson Lopez', 'ProgramID': -1}, {'FID': 580, 'FundingSource': '72363 - GHC', 'ProgramID': -1}, {'FID': 581, 'FundingSource': '72374 - Wolf', 'ProgramID': -1}, {'FID': 582, 'FundingSource': 'ABH', 'ProgramID': -1}, {'FID': 583, 'FundingSource': '23076 - WRS', 'ProgramID': -1}, {'FID': 584, 'FundingSource': '72378 - MCFOF', 'ProgramID': -1}, {'FID': 586, 'FundingSource': '72382 - Kleit', 'ProgramID': -1}, {'FID': 587, 'FundingSource': '72386 - States Atty', 'ProgramID': -1}, {'FID': 588, 'FundingSource': '72391 - RegencyCare', 'ProgramID': -1}, {'FID': 589, 'FundingSource': '72396 - SIDEM', 'ProgramID': -1}, {'FID': 590, 'FundingSource': 'CDP', 'ProgramID': -1}, {'FID': 591, 'FundingSource': 'HHSPP', 'ProgramID': -1}, {'FID': 598, 'FundingSource': 'TGI', 'ProgramID': -1}, {'FID': 599, 'FundingSource': 'HHSTC', 'ProgramID': -1}, {'FID': 600, 'FundingSource': '16500 - PCC BHP', 'ProgramID': -1}, {'FID': 601, 'FundingSource': '16600 - PCC PA', 'ProgramID': -1}, {'FID': 602, 'FundingSource': '6215 - Fox Chase', 'ProgramID': -1}, {'FID': 603, 'FundingSource': '72412 - Independence Now', 'ProgramID': -1}, {'FID': 604, 'FundingSource': '4275 - DORS Baltimore', 'ProgramID': -1}, {'FID': 605, 'FundingSource': '4440 - DORS Frederick', 'ProgramID': -1}, {'FID': 58, 'FundingSource': '8350 - Holy Cross Hospital Germantown', 'ProgramID': -1}, {'FID': 59, 'FundingSource': '8360 - HOLY CROSS HEALTH CENTER', 'ProgramID': -1}, {'FID': 97, 'FundingSource': '13435 - MOCO HHS CHILD WELFARE', 'ProgramID': -1}, {'FID': 137, 'FundingSource': '19637 - HOLY CROSS HOSPITAL', 'ProgramID': -1}, {'FID': 592, 'FundingSource': '72401 - Shrader', 'ProgramID': -1}, {'FID': 593, 'FundingSource': '4430 - DORS WHEATON', 'ProgramID': -1}, {'FID': 594, 'FundingSource': '4551 - DORS Angelina Jordan', 'ProgramID': -1}, {'FID': 595, 'FundingSource': '12301 - Little Bennet ES', 'ProgramID': -1}, {'FID': 596, 'FundingSource': '72405 - Edson', 'ProgramID': -1}, {'FID': 597, 'FundingSource': '4260 - DORS Andrew Park', 'ProgramID': -1}]```

            Your task is to find the dictionary whose 'FundingSource' value closely matches the account enclosed in double quotes: ``self``. 

            Return the matching dictionary in JSON format with the following fields:

            {
                "FundingSource": "Source Name",
                "FID": FID Value,
                "ProgramID": ProgramID Value
            }

            Instructions:
            1. If a match is found, return the corresponding dictionary in the specified JSON format.
            2. If no match is found, return the following JSON:
                
            {
                "FundingSource": "None",
                "FID": 1,
                "ProgramID": -1
            }

            # Instructions
            ## Make sure the response contains only the JSON output, with nothing else.
            ## Take care of spelling mistakes by STT as well. For example 'Vomata' refers to 'WMATA'.
            ## Do not add backticks or 'json'. I am parsing the response with json.loads(). Make it compatible.
             [90m{"pid": 34602, "job_id": "AJ_725SjyvuH2dw"}[0m
2025-10-14 20:32:37,445 - [36mDEBUG[0m ivr_bot.helper_functions - Matching Response: {
    "FundingSource": "Self",
    "FID": 1,
    "ProgramID": -1
} [90m{"pid": 34602, "job_id": "AJ_725SjyvuH2dw"}[0m
2025-10-14 20:32:37,446 - [36mDEBUG[0m ivr_bot.side_functions - Payload Sent for Affiliate Information: {'iaffiliateid': 21} [90m{"pid": 34602, "job_id": "AJ_725SjyvuH2dw"}[0m
2025-10-14 20:32:43,367 - [36mDEBUG[0m ivr_bot.main - Conversation item added from assistant: Let me get necessary details regarding your payment method! Please wait a moment.. interrupted: False [90m{"pid": 34602, "job_id": "AJ_725SjyvuH2dw"}[0m
2025-10-14 20:32:44,614 - [36mDEBUG[0m ivr_bot.helper_functions - Got Program Id: -1 [90m{"pid": 34602, "job_id": "AJ_725SjyvuH2dw"}[0m
2025-10-14 20:32:44,615 - [36mDEBUG[0m ivr_bot.helper_functions - Got Funding Source Id: 1 [90m{"pid": 34602, "job_id": "AJ_725SjyvuH2dw"}[0m
2025-10-14 20:32:44,615 - [36mDEBUG[0m ivr_bot.helper_functions - Funding Source List: ['1', '561', '278', '324', '357'] [90m{"pid": 34602, "job_id": "AJ_725SjyvuH2dw"}[0m
2025-10-14 20:32:44,615 - [36mDEBUG[0m ivr_bot.helper_functions - Selected Account Name: Self [90m{"pid": 34602, "job_id": "AJ_725SjyvuH2dw"}[0m
2025-10-14 20:32:44,615 - [36mDEBUG[0m ivr_bot.helper_functions - Got Copay Status: False [90m{"pid": 34602, "job_id": "AJ_725SjyvuH2dw"}[0m
2025-10-14 20:32:44,616 - [36mDEBUG[0m ivr_bot.helper_functions - Payload Sent for Payment Type Selection: {'iaffiliateid': '21'} [90m{"pid": 34602, "job_id": "AJ_725SjyvuH2dw"}[0m
2025-10-14 20:32:50,654 - [36mDEBUG[0m ivr_bot.helper_functions - Prompt sent for matching funding sources: 
                                    You are given a list of dictionaries enclosed in triple backticks: ```[{'PaymentType ID': 1, 'PaymentType Name': 'Cash', 'Affiliate ID': 21}, {'PaymentType ID': 2, 'PaymentType Name': 'Credit Card', 'Affiliate ID': 21}, {'PaymentType ID': 3, 'PaymentType Name': 'Rockville C&R', 'Affiliate ID': 21}, {'PaymentType ID': 4, 'PaymentType Name': 'CHI Center-V', 'Affiliate ID': 21}, {'PaymentType ID': 5, 'PaymentType Name': 'Other Voucher', 'Affiliate ID': 21}, {'PaymentType ID': 6, 'PaymentType Name': 'Meditran-V', 'Affiliate ID': 21}, {'PaymentType ID': 7, 'PaymentType Name': 'Call& R-V', 'Affiliate ID': 21}, {'PaymentType ID': 8, 'PaymentType Name': 'Corporate-V', 'Affiliate ID': 21}, {'PaymentType ID': 9, 'PaymentType Name': 'Non-Dedicated WMATA', 'Affiliate ID': 21}, {'PaymentType ID': 10, 'PaymentType Name': 'NIH-V', 'Affiliate ID': 21}, {'PaymentType ID': 11, 'PaymentType Name': 'MCPS', 'Affiliate ID': 21}, {'PaymentType ID': 12, 'PaymentType Name': 'WMATA ABILITY RIDE', 'Affiliate ID': 21}, {'PaymentType ID': 13, 'PaymentType Name': 'Airport', 'Affiliate ID': 21}, {'PaymentType ID': 14, 'PaymentType Name': 'WMATA ABILITY RIDE', 'Affiliate ID': 21}]```

                                    Your task is to find the dictionary whose 'PaymentType Name' value closely matches
                                     the account enclosed in double quotes: ``cash``

                                    Return the matching dictionary in JSON format with the following fields:

                                    {
                                        "PaymentType ID": Payment Type ID Value,
                                        "PaymentType Name": "Payment Type Name",
                                        "Affiliate ID": Affiliate ID Value
                                    }

                                    Instructions:
                                    1. If a match is found, return the corresponding dictionary in the specified JSON format.
                                    2. If no match is found, return the following JSON:
                                        
                                    {
                                        "PaymentType ID": 1,
                                        "PaymentType Name": "None",
                                        "Affiliate ID": -1
                                    }

                                    # Instructions
                                    ## Make sure the response contains only the JSON output, with nothing else.
                                    ## Take care of spelling mistakes by STT as well. For example 'Vomata' refers to 'WMATA'.
                                    ## Do not add backticks or 'json'. I am parsing the response with json.loads(). Make it compatible.
                                     [90m{"pid": 34602, "job_id": "AJ_725SjyvuH2dw"}[0m
2025-10-14 20:32:51 - ivr_bot.helper_functions - INFO - [chat-f6c0d6d4-1747-43b3-8199-ab6b209bd084] - Verified Account Name is: Self, Funding Source Id is: 1, Requires Rider Verification Status: False, Payment Type Id is: 1, Require Copay Status is: False, Program Id is -1
2025-10-14 20:32:51,755 - [36mDEBUG[0m ivr_bot.helper_functions - Matching Response: {
    "PaymentType ID": 1,
    "PaymentType Name": "Cash",
    "Affiliate ID": 21
} [90m{"pid": 34602, "job_id": "AJ_725SjyvuH2dw"}[0m
2025-10-14 20:32:51 - ivr_bot.helper_functions - INFO - [no-session] - Verified Account Name is: Self, Funding Source Id is: 1, Requires Rider Verification Status: False, Payment Type Id is: 1, Require Copay Status is: False, Program Id is -1
2025-10-14 20:32:51,756 - [32mINFO[0m ivr_bot.helper_functions - Verified Account Name is: Self, Funding Source Id is: 1, Requires Rider Verification Status: False, Payment Type Id is: 1, Require Copay Status is: False, Program Id is -1 [90m{"session_id": "no-session", "pid": 34602, "job_id": "AJ_725SjyvuH2dw"}[0m
2025-10-14 20:32:51,757 - [36mDEBUG[0m livekit.agents - tools execution completed [90m{"speech_id": "speech_1e7cda44ef70", "pid": 34602, "job_id": "AJ_725SjyvuH2dw"}[0m
2025-10-14 20:33:08 - ivr_bot.main - INFO - [chat-f6c0d6d4-1747-43b3-8199-ab6b209bd084] - User transcript received: no
2025-10-14 20:33:08,430 - [36mDEBUG[0m ivr_bot.main - Conversation item added from user: no. interrupted: False [90m{"pid": 34602, "job_id": "AJ_725SjyvuH2dw"}[0m
2025-10-14 20:33:08 - ivr_bot.main - INFO - [no-session] - User transcript received: no
2025-10-14 20:33:08,431 - [32mINFO[0m ivr_bot.main - User transcript received: no [90m{"session_id": "no-session", "pid": 34602, "job_id": "AJ_725SjyvuH2dw"}[0m
2025-10-14 20:33:08,556 - [36mDEBUG[0m ivr_bot.main - Conversation item added from assistant: Your account cash is verified. Do you have any special requirements or additional notes for the driver?. interrupted: True [90m{"pid": 34602, "job_id": "AJ_725SjyvuH2dw"}[0m
2025-10-14 20:33:08,557 - [31mERROR[0m livekit.agents - Error in _play_task
Traceback (most recent call last):
  File "/home/senarios/.local/lib/python3.10/site-packages/livekit/agents/utils/log.py", line 16, in async_fn_logs
    return await fn(*args, **kwargs)
  File "/home/senarios/.local/lib/python3.10/site-packages/livekit/agents/voice/background_audio.py", line 360, in _play_task
    await gen.aclose()
RuntimeError: aclose(): asynchronous generator is already running [90m{"pid": 34602, "job_id": "AJ_725SjyvuH2dw"}[0m
2025-10-14 20:33:08,558 - [31mERROR[0m asyncio - Task exception was never retrieved
future: <Task finished name='Task-13347' coro=<BackgroundAudioPlayer._play_task() done, defined at /home/senarios/.local/lib/python3.10/site-packages/livekit/agents/utils/log.py:13> exception=RuntimeError('aclose(): asynchronous generator is already running')>
Traceback (most recent call last):
  File "/home/senarios/.local/lib/python3.10/site-packages/livekit/agents/utils/log.py", line 16, in async_fn_logs
    return await fn(*args, **kwargs)
  File "/home/senarios/.local/lib/python3.10/site-packages/livekit/agents/voice/background_audio.py", line 360, in _play_task
    await gen.aclose()
RuntimeError: aclose(): asynchronous generator is already running [90m{"pid": 34602, "job_id": "AJ_725SjyvuH2dw"}[0m
2025-10-14 20:33:13,604 - [36mDEBUG[0m ivr_bot.main - Conversation item added from assistant: Okay, how would you like to pay then?. interrupted: False [90m{"pid": 34602, "job_id": "AJ_725SjyvuH2dw"}[0m
2025-10-14 20:33:42 - ivr_bot.main - INFO - [chat-f6c0d6d4-1747-43b3-8199-ab6b209bd084] - User transcript received: i want to pay vai cash i dont have addtional requirments for driver
2025-10-14 20:33:42,859 - [36mDEBUG[0m ivr_bot.main - Conversation item added from user: i want to pay vai cash i dont have addtional requirments for driver. interrupted: False [90m{"pid": 34602, "job_id": "AJ_725SjyvuH2dw"}[0m
2025-10-14 20:33:42 - ivr_bot.main - INFO - [no-session] - User transcript received: i want to pay vai cash i dont have addtional requirments for driver
2025-10-14 20:33:42,859 - [32mINFO[0m ivr_bot.main - User transcript received: i want to pay vai cash i dont have addtional requirments for driver [90m{"session_id": "no-session", "pid": 34602, "job_id": "AJ_725SjyvuH2dw"}[0m
2025-10-14 20:33:51,424 - [31mERROR[0m livekit.agents - AgentSession is closing due to unrecoverable error
Traceback (most recent call last):
  File "/home/senarios/.local/lib/python3.10/site-packages/httpx/_transports/default.py", line 101, in map_httpcore_exceptions
    yield
  File "/home/senarios/.local/lib/python3.10/site-packages/httpx/_transports/default.py", line 271, in __aiter__
    async for part in self._httpcore_stream:
  File "/home/senarios/.local/lib/python3.10/site-packages/httpcore/_async/connection_pool.py", line 407, in __aiter__
    raise exc from None
  File "/home/senarios/.local/lib/python3.10/site-packages/httpcore/_async/connection_pool.py", line 403, in __aiter__
    async for part in self._stream:
  File "/home/senarios/.local/lib/python3.10/site-packages/httpcore/_async/http11.py", line 342, in __aiter__
    raise exc
  File "/home/senarios/.local/lib/python3.10/site-packages/httpcore/_async/http11.py", line 334, in __aiter__
    async for chunk in self._connection._receive_response_body(**kwargs):
  File "/home/senarios/.local/lib/python3.10/site-packages/httpcore/_async/http11.py", line 203, in _receive_response_body
    event = await self._receive_event(timeout=timeout)
  File "/home/senarios/.local/lib/python3.10/site-packages/httpcore/_async/http11.py", line 217, in _receive_event
    data = await self._network_stream.read(
  File "/home/senarios/.local/lib/python3.10/site-packages/httpcore/_backends/anyio.py", line 32, in read
    with map_exceptions(exc_map):
  File "/usr/lib/python3.10/contextlib.py", line 153, in __exit__
    self.gen.throw(typ, value, traceback)
  File "/home/senarios/.local/lib/python3.10/site-packages/httpcore/_exceptions.py", line 14, in map_exceptions
    raise to_exc(exc) from exc
httpcore.ReadTimeout

The above exception was the direct cause of the following exception:

Traceback (most recent call last):
  File "/home/senarios/.local/lib/python3.10/site-packages/livekit/plugins/openai/llm.py", line 647, in _run
    async for chunk in stream:
  File "/home/senarios/.local/lib/python3.10/site-packages/openai/_streaming.py", line 147, in __aiter__
    async for item in self._iterator:
  File "/home/senarios/.local/lib/python3.10/site-packages/openai/_streaming.py", line 160, in __stream__
    async for sse in iterator:
  File "/home/senarios/.local/lib/python3.10/site-packages/openai/_streaming.py", line 151, in _iter_events
    async for sse in self._decoder.aiter_bytes(self.response.aiter_bytes()):
  File "/home/senarios/.local/lib/python3.10/site-packages/openai/_streaming.py", line 302, in aiter_bytes
    async for chunk in self._aiter_chunks(iterator):
  File "/home/senarios/.local/lib/python3.10/site-packages/openai/_streaming.py", line 313, in _aiter_chunks
    async for chunk in iterator:
  File "/home/senarios/.local/lib/python3.10/site-packages/httpx/_models.py", line 997, in aiter_bytes
    async for raw_bytes in self.aiter_raw():
  File "/home/senarios/.local/lib/python3.10/site-packages/httpx/_models.py", line 1055, in aiter_raw
    async for raw_stream_bytes in self.stream:
  File "/home/senarios/.local/lib/python3.10/site-packages/httpx/_client.py", line 176, in __aiter__
    async for chunk in self._stream:
  File "/home/senarios/.local/lib/python3.10/site-packages/httpx/_transports/default.py", line 270, in __aiter__
    with map_httpcore_exceptions():
  File "/usr/lib/python3.10/contextlib.py", line 153, in __exit__
    self.gen.throw(typ, value, traceback)
  File "/home/senarios/.local/lib/python3.10/site-packages/httpx/_transports/default.py", line 118, in map_httpcore_exceptions
    raise mapped_exc(message) from exc
httpx.ReadTimeout

The above exception was the direct cause of the following exception:

Traceback (most recent call last):
  File "/home/senarios/.local/lib/python3.10/site-packages/livekit/agents/llm/llm.py", line 138, in _main_task
    return await self._run()
  File "/home/senarios/.local/lib/python3.10/site-packages/livekit/plugins/openai/llm.py", line 680, in _run
    raise APIConnectionError(retryable=retryable) from e
livekit.agents._exceptions.APIConnectionError: Connection error. [90m{"pid": 34602, "job_id": "AJ_725SjyvuH2dw"}[0m
2025-10-14 20:33:51,427 - [31mERROR[0m livekit.agents - Error in _inference_task
Traceback (most recent call last):
  File "/home/senarios/.local/lib/python3.10/site-packages/httpx/_transports/default.py", line 101, in map_httpcore_exceptions
    yield
  File "/home/senarios/.local/lib/python3.10/site-packages/httpx/_transports/default.py", line 271, in __aiter__
    async for part in self._httpcore_stream:
  File "/home/senarios/.local/lib/python3.10/site-packages/httpcore/_async/connection_pool.py", line 407, in __aiter__
    raise exc from None
  File "/home/senarios/.local/lib/python3.10/site-packages/httpcore/_async/connection_pool.py", line 403, in __aiter__
    async for part in self._stream:
  File "/home/senarios/.local/lib/python3.10/site-packages/httpcore/_async/http11.py", line 342, in __aiter__
    raise exc
  File "/home/senarios/.local/lib/python3.10/site-packages/httpcore/_async/http11.py", line 334, in __aiter__
    async for chunk in self._connection._receive_response_body(**kwargs):
  File "/home/senarios/.local/lib/python3.10/site-packages/httpcore/_async/http11.py", line 203, in _receive_response_body
    event = await self._receive_event(timeout=timeout)
  File "/home/senarios/.local/lib/python3.10/site-packages/httpcore/_async/http11.py", line 217, in _receive_event
    data = await self._network_stream.read(
  File "/home/senarios/.local/lib/python3.10/site-packages/httpcore/_backends/anyio.py", line 32, in read
    with map_exceptions(exc_map):
  File "/usr/lib/python3.10/contextlib.py", line 153, in __exit__
    self.gen.throw(typ, value, traceback)
  File "/home/senarios/.local/lib/python3.10/site-packages/httpcore/_exceptions.py", line 14, in map_exceptions
    raise to_exc(exc) from exc
httpcore.ReadTimeout

The above exception was the direct cause of the following exception:

Traceback (most recent call last):
  File "/home/senarios/.local/lib/python3.10/site-packages/livekit/plugins/openai/llm.py", line 647, in _run
    async for chunk in stream:
  File "/home/senarios/.local/lib/python3.10/site-packages/openai/_streaming.py", line 147, in __aiter__
    async for item in self._iterator:
  File "/home/senarios/.local/lib/python3.10/site-packages/openai/_streaming.py", line 160, in __stream__
    async for sse in iterator:
  File "/home/senarios/.local/lib/python3.10/site-packages/openai/_streaming.py", line 151, in _iter_events
    async for sse in self._decoder.aiter_bytes(self.response.aiter_bytes()):
  File "/home/senarios/.local/lib/python3.10/site-packages/openai/_streaming.py", line 302, in aiter_bytes
    async for chunk in self._aiter_chunks(iterator):
  File "/home/senarios/.local/lib/python3.10/site-packages/openai/_streaming.py", line 313, in _aiter_chunks
    async for chunk in iterator:
  File "/home/senarios/.local/lib/python3.10/site-packages/httpx/_models.py", line 997, in aiter_bytes
    async for raw_bytes in self.aiter_raw():
  File "/home/senarios/.local/lib/python3.10/site-packages/httpx/_models.py", line 1055, in aiter_raw
    async for raw_stream_bytes in self.stream:
  File "/home/senarios/.local/lib/python3.10/site-packages/httpx/_client.py", line 176, in __aiter__
    async for chunk in self._stream:
  File "/home/senarios/.local/lib/python3.10/site-packages/httpx/_transports/default.py", line 270, in __aiter__
    with map_httpcore_exceptions():
  File "/usr/lib/python3.10/contextlib.py", line 153, in __exit__
    self.gen.throw(typ, value, traceback)
  File "/home/senarios/.local/lib/python3.10/site-packages/httpx/_transports/default.py", line 118, in map_httpcore_exceptions
    raise mapped_exc(message) from exc
httpx.ReadTimeout

The above exception was the direct cause of the following exception:

Traceback (most recent call last):
  File "/home/senarios/.local/lib/python3.10/site-packages/livekit/agents/utils/log.py", line 16, in async_fn_logs
    return await fn(*args, **kwargs)
  File "/home/senarios/.local/lib/python3.10/site-packages/livekit/agents/voice/generation.py", line 85, in _inference_task
    async for chunk in llm_node:
  File "/home/senarios/.local/lib/python3.10/site-packages/livekit/agents/voice/agent.py", line 352, in llm_node
    async for chunk in stream:
  File "/home/senarios/.local/lib/python3.10/site-packages/livekit/agents/llm/llm.py", line 232, in __anext__
    raise exc  # noqa: B904
  File "/home/senarios/.local/lib/python3.10/site-packages/livekit/agents/llm/llm.py", line 138, in _main_task
    return await self._run()
  File "/home/senarios/.local/lib/python3.10/site-packages/livekit/plugins/openai/llm.py", line 680, in _run
    raise APIConnectionError(retryable=retryable) from e
livekit.agents._exceptions.APIConnectionError: Connection error. [90m{"pid": 34602, "job_id": "AJ_725SjyvuH2dw"}[0m
2025-10-14 20:34:29,437 - [31mERROR[0m asyncio - Task exception was never retrieved
future: <Task finished name='Task-14053' coro=<RoomIO._on_user_text_input.<locals>._read_text() done, defined at /home/senarios/.local/lib/python3.10/site-packages/livekit/agents/voice/room_io/room_io.py:388> exception=RuntimeError('AgentSession is closing, cannot use generate_reply()')>
Traceback (most recent call last):
  File "/home/senarios/.local/lib/python3.10/site-packages/livekit/agents/voice/room_io/room_io.py", line 391, in _read_text
    text_input_result = self._input_options.text_input_cb(
  File "/home/senarios/.local/lib/python3.10/site-packages/livekit/agents/voice/room_io/room_io.py", line 56, in _default_text_input_cb
    sess.generate_reply(user_input=ev.text)
  File "/home/senarios/.local/lib/python3.10/site-packages/livekit/agents/voice/agent_session.py", line 506, in generate_reply
    raise RuntimeError("AgentSession is closing, cannot use generate_reply()")
RuntimeError: AgentSession is closing, cannot use generate_reply() [90m{"pid": 34602, "job_id": "AJ_725SjyvuH2dw"}[0m
2025-10-14 20:34:29,462 - [36mDEBUG[0m ivr_bot.main - Conversation item added from assistant: Thanks for confirming cash as your payment method and no special requirements for the driver. Let me confirm your trip details:
- Pick-up: 1 School Drive, Gaithersburg, Maryland
- Drop-off: 25 School Drive, Gaithersburg, Maryland
- Time: 4:00 pm
- Payment method: cash
- Special notes: There are no special. interrupted: True [90m{"pid": 34602, "job_id": "AJ_725SjyvuH2dw"}[0m
2025-10-14 20:34:29,464 - [31mERROR[0m asyncio - Task exception was never retrieved
future: <Task finished name='Task-14066' coro=<Supervisor._on_close() done, defined at /home/senarios/VoiceAgent5withFeNew/VoiceAgent3/IT_Curves_Bot/supervisor.py:152> exception=AttributeError("'Supervisor' object has no attribute 'stop'")>
Traceback (most recent call last):
  File "/home/senarios/VoiceAgent5withFeNew/VoiceAgent3/IT_Curves_Bot/supervisor.py", line 153, in _on_close
    await self.stop()
AttributeError: 'Supervisor' object has no attribute 'stop' [90m{"pid": 34602, "job_id": "AJ_725SjyvuH2dw"}[0m
2025-10-14 20:38:31,650 - [33mWARNING[0m watchfiles.main - received signal Signals.SIGTERM, raising KeyboardInterrupt [90m[0m
